#
# There is insufficient memory for the Java Runtime Environment to continue.
# Native memory allocation (malloc) failed to allocate 1048576 bytes for AllocateHeap
# Possible reasons:
#   The system is out of physical RAM or swap space
#   The process is running with CompressedOops enabled, and the Java Heap may be blocking the growth of the native heap
# Possible solutions:
#   Reduce memory load on the system
#   Increase physical memory or swap space
#   Check if swap backing store is full
#   Decrease Java heap size (-Xmx/-Xms)
#   Decrease number of Java threads
#   Decrease Java thread stack sizes (-Xss)
#   Set larger code cache with -XX:ReservedCodeCacheSize=
#   JVM is running with Unscaled Compressed Oops mode in which the Java heap is
#     placed in the first 4GB address space. The Java Heap base address is the
#     maximum limit for the native heap growth. Please use -XX:HeapBaseMinAddress
#     to set the Java Heap base and to place the Java Heap above 4GB virtual address.
# This output file may be truncated or incomplete.
#
#  Out of Memory Error (allocation.cpp:44), pid=13104, tid=564
#
# JRE version:  (17.0.12+8) (build )
# Java VM: Java HotSpot(TM) 64-Bit Server VM (17.0.12+8-LTS-286, mixed mode, emulated-client, sharing, tiered, compressed oops, compressed class ptrs, g1 gc, windows-amd64)
# No core dump will be written. Minidumps are not enabled by default on client versions of Windows
#

---------------  S U M M A R Y ------------

Command Line: -XX:TieredStopAtLevel=1 -Dspring.output.ansi.enabled=always -javaagent:C:\Program Files\JetBrains\IntelliJ IDEA 2025.3.2\lib\idea_rt.jar=57771 -Dfile.encoding=UTF-8 com.acp.simccs.SimccsApplication

Host: Intel(R) Core(TM) i5-8265U CPU @ 1.60GHz, 8 cores, 7G,  Windows 11 , 64 bit Build 22621 (10.0.22621.5415)
Time: Thu Mar 19 18:53:31 2026 Egypt Standard Time elapsed time: 0.038203 seconds (0d 0h 0m 0s)

---------------  T H R E A D  ---------------

Current thread (0x0000020c0e4475d0):  JavaThread "Unknown thread" [_thread_in_vm, id=564, stack(0x00000043dec00000,0x00000043ded00000)]

Stack: [0x00000043dec00000,0x00000043ded00000]
Native frames: (J=compiled Java code, j=interpreted, Vv=VM code, C=native code)
V  [jvm.dll+0x67a04a]
V  [jvm.dll+0x7da4ed]
V  [jvm.dll+0x7dbe33]
V  [jvm.dll+0x7dc4a3]
V  [jvm.dll+0x24508f]
V  [jvm.dll+0xa5e2b]
V  [jvm.dll+0x2d4e37]
V  [jvm.dll+0x7ac9ec]
V  [jvm.dll+0x367591]
V  [jvm.dll+0x78b999]
V  [jvm.dll+0x3ec83f]
V  [jvm.dll+0x3ee471]
C  [jli.dll+0x5297]
C  [ucrtbase.dll+0x29333]
C  [KERNEL32.DLL+0x1259d]
C  [ntdll.dll+0x5af78]


---------------  P R O C E S S  ---------------

Threads class SMR info:
_java_thread_list=0x00007ffc13747a18, length=0, elements={
}

Java Threads: ( => current thread )

Other Threads:

=>0x0000020c0e4475d0 (exited) JavaThread "Unknown thread" [_thread_in_vm, id=564, stack(0x00000043dec00000,0x00000043ded00000)]

Threads with active compile tasks:

VM state: not at safepoint (not fully initialized)

VM Mutex/Monitor currently owned by a thread: None

Heap address: 0x0000000000000000, size: 0 MB, Compressed Oops mode: 32-bit

CDS archive(s) mapped at: [0x0000000000000000-0x0000000000000000-0x0000000000000000), size 0, SharedBaseAddress: 0x0000000800000000, ArchiveRelocationMode: 1.
Narrow klass base: 0x0000000000000000, Narrow klass shift: 0, Narrow klass range: 0x0

GC Precious Log:
<Empty>

GC Heap History (0 events):
No events

Deoptimization events (0 events):
No events

Classes unloaded (0 events):
No events

Classes redefined (0 events):
No events

Internal exceptions (0 events):
No events

VM Operations (0 events):
No events

Events (1 events):
Event: 0.031 Loaded shared library C:\Program Files\Java\jdk-17\bin\java.dll


Dynamic libraries:
0x00007ff76ad50000 - 0x00007ff76ad60000 	C:\Program Files\Java\jdk-17\bin\java.exe
0x00007ffc6f970000 - 0x00007ffc6fb88000 	C:\WINDOWS\SYSTEM32\ntdll.dll
0x00007ffc6ec00000 - 0x00007ffc6ecc4000 	C:\WINDOWS\System32\KERNEL32.DLL
0x00007ffc6cf70000 - 0x00007ffc6d343000 	C:\WINDOWS\System32\KERNELBASE.dll
0x00007ffc6ca80000 - 0x00007ffc6cb91000 	C:\WINDOWS\System32\ucrtbase.dll
0x00007ffc66620000 - 0x00007ffc66639000 	C:\Program Files\Java\jdk-17\bin\jli.dll
0x00007ffc6f1c0000 - 0x00007ffc6f271000 	C:\WINDOWS\System32\ADVAPI32.dll
0x00007ffc6e8b0000 - 0x00007ffc6e957000 	C:\WINDOWS\System32\msvcrt.dll
0x00007ffc6db70000 - 0x00007ffc6dc18000 	C:\WINDOWS\System32\sechost.dll
0x00007ffc6d350000 - 0x00007ffc6d378000 	C:\WINDOWS\System32\bcrypt.dll
0x00007ffc6dda0000 - 0x00007ffc6deb8000 	C:\WINDOWS\System32\RPCRT4.dll
0x00007ffc6ea40000 - 0x00007ffc6ebf2000 	C:\WINDOWS\System32\USER32.dll
0x00007ffc6cba0000 - 0x00007ffc6cbc6000 	C:\WINDOWS\System32\win32u.dll
0x00007ffc6e770000 - 0x00007ffc6e799000 	C:\WINDOWS\System32\GDI32.dll
0x00007ffc6d4f0000 - 0x00007ffc6d60b000 	C:\WINDOWS\System32\gdi32full.dll
0x00007ffc6cd90000 - 0x00007ffc6ce2a000 	C:\WINDOWS\System32\msvcp_win.dll
0x00007ffc66640000 - 0x00007ffc6665b000 	C:\Program Files\Java\jdk-17\bin\VCRUNTIME140.dll
0x00007ffc51560000 - 0x00007ffc517fc000 	C:\WINDOWS\WinSxS\amd64_microsoft.windows.common-controls_6595b64144ccf1df_6.0.22621.6060_none_2712eda17382d24b\COMCTL32.dll
0x00007ffc66210000 - 0x00007ffc6621a000 	C:\WINDOWS\SYSTEM32\VERSION.dll
0x00007ffc6da20000 - 0x00007ffc6da51000 	C:\WINDOWS\System32\IMM32.DLL
0x00007ffc66610000 - 0x00007ffc6661c000 	C:\Program Files\Java\jdk-17\bin\vcruntime140_1.dll
0x00007ffc664f0000 - 0x00007ffc6657e000 	C:\Program Files\Java\jdk-17\bin\msvcp140.dll
0x00007ffc12c90000 - 0x00007ffc13870000 	C:\Program Files\Java\jdk-17\bin\server\jvm.dll
0x00007ffc6f920000 - 0x00007ffc6f928000 	C:\WINDOWS\System32\PSAPI.DLL
0x00007ffc66860000 - 0x00007ffc66894000 	C:\WINDOWS\SYSTEM32\WINMM.dll
0x00007ffc44c70000 - 0x00007ffc44c79000 	C:\WINDOWS\SYSTEM32\WSOCK32.dll
0x00007ffc6d610000 - 0x00007ffc6d681000 	C:\WINDOWS\System32\ws2_32.DLL
0x00007ffc6ba20000 - 0x00007ffc6ba38000 	C:\WINDOWS\SYSTEM32\kernel.appcore.dll
0x00007ffc66600000 - 0x00007ffc6660a000 	C:\Program Files\Java\jdk-17\bin\jimage.dll
0x00007ffc69c40000 - 0x00007ffc69e73000 	C:\WINDOWS\SYSTEM32\DBGHELP.DLL
0x00007ffc6f580000 - 0x00007ffc6f911000 	C:\WINDOWS\System32\combase.dll
0x00007ffc6d8b0000 - 0x00007ffc6d988000 	C:\WINDOWS\System32\OLEAUT32.dll
0x00007ffc4f950000 - 0x00007ffc4f982000 	C:\WINDOWS\SYSTEM32\dbgcore.DLL
0x00007ffc6cd10000 - 0x00007ffc6cd8b000 	C:\WINDOWS\System32\bcryptPrimitives.dll
0x00007ffc664b0000 - 0x00007ffc664be000 	C:\Program Files\Java\jdk-17\bin\instrument.dll
0x00007ffc664c0000 - 0x00007ffc664e5000 	C:\Program Files\Java\jdk-17\bin\java.dll

dbghelp: loaded successfully - version: 4.0.5 - missing functions: none
symbol engine: initialized successfully - sym options: 0x614 - pdb path: .;C:\Program Files\Java\jdk-17\bin;C:\WINDOWS\SYSTEM32;C:\WINDOWS\WinSxS\amd64_microsoft.windows.common-controls_6595b64144ccf1df_6.0.22621.6060_none_2712eda17382d24b;C:\Program Files\Java\jdk-17\bin\server

VM Arguments:
jvm_args: -XX:TieredStopAtLevel=1 -Dspring.output.ansi.enabled=always -javaagent:C:\Program Files\JetBrains\IntelliJ IDEA 2025.3.2\lib\idea_rt.jar=57771 -Dfile.encoding=UTF-8 
java_command: com.acp.simccs.SimccsApplication
java_class_path (initial): C:\Users\BOND-FILS\Downloads\simccs\simccs\target\classes;C:\Users\BOND-FILS\.m2\repository\org\springframework\boot\spring-boot-starter-data-jpa\3.3.4\spring-boot-starter-data-jpa-3.3.4.jar;C:\Users\BOND-FILS\.m2\repository\org\springframework\boot\spring-boot-starter-aop\3.3.4\spring-boot-starter-aop-3.3.4.jar;C:\Users\BOND-FILS\.m2\repository\org\aspectj\aspectjweaver\1.9.22.1\aspectjweaver-1.9.22.1.jar;C:\Users\BOND-FILS\.m2\repository\org\springframework\boot\spring-boot-starter-jdbc\3.3.4\spring-boot-starter-jdbc-3.3.4.jar;C:\Users\BOND-FILS\.m2\repository\com\zaxxer\HikariCP\5.1.0\HikariCP-5.1.0.jar;C:\Users\BOND-FILS\.m2\repository\org\springframework\spring-jdbc\6.1.13\spring-jdbc-6.1.13.jar;C:\Users\BOND-FILS\.m2\repository\org\hibernate\orm\hibernate-core\6.5.3.Final\hibernate-core-6.5.3.Final.jar;C:\Users\BOND-FILS\.m2\repository\jakarta\persistence\jakarta.persistence-api\3.1.0\jakarta.persistence-api-3.1.0.jar;C:\Users\BOND-FILS\.m2\repository\jakarta\transaction\jakarta.transaction-api\2.0.1\jakarta.transaction-api-2.0.1.jar;C:\Users\BOND-FILS\.m2\repository\org\jboss\logging\jboss-logging\3.5.3.Final\jboss-logging-3.5.3.Final.jar;C:\Users\BOND-FILS\.m2\repository\org\hibernate\common\hibernate-commons-annotations\6.0.6.Final\hibernate-commons-annotations-6.0.6.Final.jar;C:\Users\BOND-FILS\.m2\repository\io\smallrye\jandex\3.1.2\jandex-3.1.2.jar;C:\Users\BOND-FILS\.m2\repository\com\fasterxml\classmate\1.7.0\classmate-1.7.0.jar;C:\Users\BOND-FILS\.m2\repository\net\bytebuddy\byte-buddy\1.14.19\byte-buddy-1.14.19.jar;C:\Users\BOND-FILS\.m2\repository\org\glassfish\jaxb\jaxb-runtime\4.0.5\jaxb-runtime-4.0.5.jar;C:\Users\BOND-FILS\.m2\repository\org\glassfish\jaxb\jaxb-core\4.0.5\jaxb-core-4.0.5.jar;C:\Users\BOND-FILS\.m2\repository\org\glassfish\jaxb\txw2\4.0.5\txw2-4.0.5.jar;C:\Users\BOND-FILS\.m2\repository\com\sun\istack\istack-commons-runtime\4.1.2\istack-commons-runtime-4.1.2.jar;C:\Users\BOND-FILS\.m2\repository\jakart
Launcher Type: SUN_STANDARD

[Global flags]
     intx CICompilerCount                          = 4                                         {product} {ergonomic}
     uint ConcGCThreads                            = 2                                         {product} {ergonomic}
     uint G1ConcRefinementThreads                  = 8                                         {product} {ergonomic}
   size_t G1HeapRegionSize                         = 1048576                                   {product} {ergonomic}
    uintx GCDrainStackTargetSize                   = 64                                        {product} {ergonomic}
   size_t InitialHeapSize                          = 132120576                                 {product} {ergonomic}
   size_t MarkStackSize                            = 4194304                                   {product} {ergonomic}
   size_t MaxHeapSize                              = 2101346304                                {product} {ergonomic}
   size_t MinHeapDeltaBytes                        = 1048576                                   {product} {ergonomic}
   size_t MinHeapSize                              = 8388608                                   {product} {ergonomic}
    uintx NonProfiledCodeHeapSize                  = 0                                      {pd product} {ergonomic}
     bool ProfileInterpreter                       = false                                  {pd product} {command line}
    uintx ProfiledCodeHeapSize                     = 0                                      {pd product} {ergonomic}
   size_t SoftMaxHeapSize                          = 2101346304                             {manageable} {ergonomic}
     intx TieredStopAtLevel                        = 1                                         {product} {command line}
     bool UseCompressedClassPointers               = true                           {product lp64_product} {ergonomic}
     bool UseCompressedOops                        = true                           {product lp64_product} {ergonomic}
     bool UseG1GC                                  = true                                      {product} {ergonomic}
     bool UseLargePagesIndividualAllocation        = false                                  {pd product} {ergonomic}

Logging:
Log output configuration:
 #0: stdout all=warning uptime,level,tags
 #1: stderr all=off uptime,level,tags

Environment Variables:
JAVA_HOME=C:\Program Files\Java\jdk-17
PATH=C:\Program Files\Common Files\Oracle\Java\javapath;E:\Oracle_21c\WINDOWS.X64_213000_db_home\bin;C:\Python313\Scripts\;C:\Python313\;C:\Program Files (x86)\Common Files\Oracle\Java\javapath;C:\WINDOWS\system32;C:\WINDOWS;C:\WINDOWS\System32\Wbem;C:\WINDOWS\System32\WindowsPowerShell\v1.0\;C:\WINDOWS\System32\OpenSSH\;C:\Program Files\Git\cmd;C:\Program Files\Git\bin;C:\Program Files\dotnet\;C:\Program Files\Java\jdk1.8.0_202\bin;C:\Program Files\nodejs\;C:\ProgramData\chocolatey\bin;C:\Program Files\Microsoft SQL Server\120\Tools\Binn\;C:\Program Files\Microsoft SQL Server\Client SDK\ODBC\110\Tools\Binn\;C:\Program Files (x86)\Microsoft SQL Server\120\Tools\Binn\;C:\Program Files\Microsoft SQL Server\120\DTS\Binn\;C:\Program Files (x86)\Microsoft SQL Server\120\Tools\Binn\ManagementStudio\;C:\Program Files (x86)\Microsoft SQL Server\120\DTS\Binn\;C:\Program Files\Microsoft SQL Server\Client SDK\ODBC\170\Tools\Binn\;C:\Users\BOND-FILS\Downloads\apache-maven-3.9.11\bin;C:\minio;C:\Program Files\MySQL\MySQL Server 8.0\bin;C:\Program Files\MySQL\MySQL Shell 8.0\bin\;C:\Users\BOND-FILS\AppData\Local\Microsoft\WindowsApps;C:\Users\BOND-FILS\AppData\Local\Programs\Microsoft VS Code\bin;C:\Users\BOND-FILS\.dotnet\tools;C:\Users\BOND-FILS\AppData\Roaming\npm;C:\Users\BOND-FILS\AppData\Roaming\Python\Python313\Scripts;C:\Program Files\JetBrains\IntelliJ IDEA 2025.3.2\bin;C:\Users\BOND-FILS\AppData\Local\Programs\Antigravity\bin
USERNAME=BOND-FILS
OS=Windows_NT
PROCESSOR_IDENTIFIER=Intel64 Family 6 Model 142 Stepping 12, GenuineIntel



---------------  S Y S T E M  ---------------

OS:
 Windows 11 , 64 bit Build 22621 (10.0.22621.5415)
OS uptime: 0 days 4:57 hours
Hyper-V role detected

CPU: total 8 (initial active 8) (4 cores per cpu, 2 threads per core) family 6 model 142 stepping 12 microcode 0xf8, cx8, cmov, fxsr, ht, mmx, 3dnowpref, sse, sse2, sse3, ssse3, sse4.1, sse4.2, popcnt, lzcnt, tsc, tscinvbit, avx, avx2, aes, erms, clmul, bmi1, bmi2, adx, fma, vzeroupper, clflush, clflushopt, hv

Memory: 4k page, system-wide physical 8008M (292M free)
TotalPageFile size 14391M (AvailPageFile size 10M)
current process WorkingSet (physical memory assigned to process): 10M, peak: 10M
current process commit charge ("private bytes"): 8M, peak: 9M

vm_info: Java HotSpot(TM) 64-Bit Server VM (17.0.12+8-LTS-286) for windows-amd64 JRE (17.0.12+8-LTS-286), built on Jun  5 2024 06:46:59 by "mach5one" with MS VC++ 17.6 (VS2022)

END.
