#
# There is insufficient memory for the Java Runtime Environment to continue.
# Native memory allocation (mmap) failed to map 132120576 bytes for G1 virtual space
# Possible reasons:
#   The system is out of physical RAM or swap space
#   The process is running with CompressedOops enabled, and the Java Heap may be blocking the growth of the native heap
# Possible solutions:
#   Reduce memory load on the system
#   Increase physical memory or swap space
#   Check if swap backing store is full
#   Decrease Java heap size (-Xmx/-Xms)
#   Decrease number of Java threads
#   Decrease Java thread stack sizes (-Xss)
#   Set larger code cache with -XX:ReservedCodeCacheSize=
#   JVM is running with Unscaled Compressed Oops mode in which the Java heap is
#     placed in the first 4GB address space. The Java Heap base address is the
#     maximum limit for the native heap growth. Please use -XX:HeapBaseMinAddress
#     to set the Java Heap base and to place the Java Heap above 4GB virtual address.
# This output file may be truncated or incomplete.
#
#  Out of Memory Error (os_windows.cpp:3548), pid=2696, tid=6244
#
# JRE version:  (17.0.12+8) (build )
# Java VM: Java HotSpot(TM) 64-Bit Server VM (17.0.12+8-LTS-286, mixed mode, emulated-client, sharing, tiered, compressed oops, compressed class ptrs, g1 gc, windows-amd64)
# No core dump will be written. Minidumps are not enabled by default on client versions of Windows
#

---------------  S U M M A R Y ------------

Command Line: -XX:TieredStopAtLevel=1 -Dspring.output.ansi.enabled=always -javaagent:C:\Program Files\JetBrains\IntelliJ IDEA 2025.3.2\lib\idea_rt.jar=65165 -Dfile.encoding=UTF-8 com.acp.simccs.SimccsApplication

Host: Intel(R) Core(TM) i5-8265U CPU @ 1.60GHz, 8 cores, 7G,  Windows 11 , 64 bit Build 22621 (10.0.22621.5415)
Time: Sat Mar 14 12:43:43 2026 Egypt Standard Time elapsed time: 0.039153 seconds (0d 0h 0m 0s)

---------------  T H R E A D  ---------------

Current thread (0x0000025518836ab0):  JavaThread "Unknown thread" [_thread_in_vm, id=6244, stack(0x00000079c6f00000,0x00000079c7000000)]

Stack: [0x00000079c6f00000,0x00000079c7000000]
Native frames: (J=compiled Java code, j=interpreted, Vv=VM code, C=native code)
V  [jvm.dll+0x67a04a]
V  [jvm.dll+0x7da4ed]
V  [jvm.dll+0x7dbe33]
V  [jvm.dll+0x7dc4a3]
V  [jvm.dll+0x24508f]
V  [jvm.dll+0x677089]
V  [jvm.dll+0x66bd32]
V  [jvm.dll+0x301fa6]
V  [jvm.dll+0x309546]
V  [jvm.dll+0x359d2e]
V  [jvm.dll+0x359f5f]
V  [jvm.dll+0x2d9078]
V  [jvm.dll+0x2d9fe4]
V  [jvm.dll+0x7aca21]
V  [jvm.dll+0x367591]
V  [jvm.dll+0x78b999]
V  [jvm.dll+0x3ec83f]
V  [jvm.dll+0x3ee471]
C  [jli.dll+0x5297]
C  [ucrtbase.dll+0x29333]
C  [KERNEL32.DLL+0x1259d]
C  [ntdll.dll+0x5af78]


---------------  P R O C E S S  ---------------

Threads class SMR info:
_java_thread_list=0x00007ffd3fde7a18, length=0, elements={
}

Java Threads: ( => current thread )

Other Threads:
  0x0000025518891230 GCTaskThread "GC Thread#0" [stack: 0x00000079c7000000,0x00000079c7100000] [id=4548]
  0x00000255188a1c00 ConcurrentGCThread "G1 Main Marker" [stack: 0x00000079c7100000,0x00000079c7200000] [id=9292]
  0x00000255188a2db0 ConcurrentGCThread "G1 Conc#0" [stack: 0x00000079c7200000,0x00000079c7300000] [id=10360]

[error occurred during error reporting (printing all threads), id 0xc0000005, EXCEPTION_ACCESS_VIOLATION (0xc0000005) at pc=0x00007ffd3f619b67]

VM state: not at safepoint (not fully initialized)

VM Mutex/Monitor currently owned by a thread:  ([mutex/lock_event])
[0x0000025518833890] Heap_lock - owner thread: 0x0000025518836ab0

Heap address: 0x0000000082c00000, size: 2004 MB, Compressed Oops mode: 32-bit

CDS archive(s) mapped at: [0x0000000000000000-0x0000000000000000-0x0000000000000000), size 0, SharedBaseAddress: 0x0000000800000000, ArchiveRelocationMode: 1.
Narrow klass base: 0x0000000000000000, Narrow klass shift: 0, Narrow klass range: 0x0

GC Precious Log:
<Empty>

Heap:
 garbage-first heap   total 0K, used 0K [0x0000000082c00000, 0x0000000100000000)
  region size 1024K, 0 young (0K), 0 survivors (0K)

[error occurred during error reporting (printing heap information), id 0xc0000005, EXCEPTION_ACCESS_VIOLATION (0xc0000005) at pc=0x00007ffd3fa03859]

GC Heap History (0 events):
No events

Deoptimization events (0 events):
No events

Classes unloaded (0 events):
No events

Classes redefined (0 events):
No events

Internal exceptions (0 events):
No events

VM Operations (0 events):
No events

Events (1 events):
Event: 0.030 Loaded shared library C:\Program Files\Java\jdk-17\bin\java.dll


Dynamic libraries:
0x00007ff690540000 - 0x00007ff690550000 	C:\Program Files\Java\jdk-17\bin\java.exe
0x00007ffda4850000 - 0x00007ffda4a68000 	C:\WINDOWS\SYSTEM32\ntdll.dll
0x00007ffda37f0000 - 0x00007ffda38b4000 	C:\WINDOWS\System32\KERNEL32.DLL
0x00007ffda1a80000 - 0x00007ffda1e53000 	C:\WINDOWS\System32\KERNELBASE.dll
0x00007ffda1960000 - 0x00007ffda1a71000 	C:\WINDOWS\System32\ucrtbase.dll
0x00007ffd66c60000 - 0x00007ffd66c7b000 	C:\Program Files\Java\jdk-17\bin\VCRUNTIME140.dll
0x00007ffd66c80000 - 0x00007ffd66c99000 	C:\Program Files\Java\jdk-17\bin\jli.dll
0x00007ffda46a0000 - 0x00007ffda4751000 	C:\WINDOWS\System32\ADVAPI32.dll
0x00007ffda4760000 - 0x00007ffda4807000 	C:\WINDOWS\System32\msvcrt.dll
0x00007ffda44c0000 - 0x00007ffda4568000 	C:\WINDOWS\System32\sechost.dll
0x00007ffda1e60000 - 0x00007ffda1e88000 	C:\WINDOWS\System32\bcrypt.dll
0x00007ffda38c0000 - 0x00007ffda39d8000 	C:\WINDOWS\System32\RPCRT4.dll
0x00007ffda2d00000 - 0x00007ffda2eb2000 	C:\WINDOWS\System32\USER32.dll
0x00007ffda1f50000 - 0x00007ffda1f76000 	C:\WINDOWS\System32\win32u.dll
0x00007ffd85e10000 - 0x00007ffd860ac000 	C:\WINDOWS\WinSxS\amd64_microsoft.windows.common-controls_6595b64144ccf1df_6.0.22621.6060_none_2712eda17382d24b\COMCTL32.dll
0x00007ffda3760000 - 0x00007ffda3789000 	C:\WINDOWS\System32\GDI32.dll
0x00007ffda23d0000 - 0x00007ffda24eb000 	C:\WINDOWS\System32\gdi32full.dll
0x00007ffda1f80000 - 0x00007ffda201a000 	C:\WINDOWS\System32\msvcp_win.dll
0x00007ffd99df0000 - 0x00007ffd99dfa000 	C:\WINDOWS\SYSTEM32\VERSION.dll
0x00007ffda26a0000 - 0x00007ffda26d1000 	C:\WINDOWS\System32\IMM32.DLL
0x00007ffd70160000 - 0x00007ffd7016c000 	C:\Program Files\Java\jdk-17\bin\vcruntime140_1.dll
0x00007ffd52930000 - 0x00007ffd529be000 	C:\Program Files\Java\jdk-17\bin\msvcp140.dll
0x00007ffd3f330000 - 0x00007ffd3ff10000 	C:\Program Files\Java\jdk-17\bin\server\jvm.dll
0x00007ffda4570000 - 0x00007ffda4578000 	C:\WINDOWS\System32\PSAPI.DLL
0x00007ffd99ff0000 - 0x00007ffd9a024000 	C:\WINDOWS\SYSTEM32\WINMM.dll
0x00007ffd73890000 - 0x00007ffd73899000 	C:\WINDOWS\SYSTEM32\WSOCK32.dll
0x00007ffda3ba0000 - 0x00007ffda3c11000 	C:\WINDOWS\System32\WS2_32.dll
0x00007ffda0900000 - 0x00007ffda0918000 	C:\WINDOWS\SYSTEM32\kernel.appcore.dll
0x00007ffd66c50000 - 0x00007ffd66c5a000 	C:\Program Files\Java\jdk-17\bin\jimage.dll
0x00007ffd9e8e0000 - 0x00007ffd9eb13000 	C:\WINDOWS\SYSTEM32\DBGHELP.DLL
0x00007ffda2960000 - 0x00007ffda2cf1000 	C:\WINDOWS\System32\combase.dll
0x00007ffda2810000 - 0x00007ffda28e8000 	C:\WINDOWS\System32\OLEAUT32.dll
0x00007ffd83af0000 - 0x00007ffd83b22000 	C:\WINDOWS\SYSTEM32\dbgcore.DLL
0x00007ffda2350000 - 0x00007ffda23cb000 	C:\WINDOWS\System32\bcryptPrimitives.dll
0x00007ffd66c40000 - 0x00007ffd66c4e000 	C:\Program Files\Java\jdk-17\bin\instrument.dll
0x00007ffd559f0000 - 0x00007ffd55a15000 	C:\Program Files\Java\jdk-17\bin\java.dll

dbghelp: loaded successfully - version: 4.0.5 - missing functions: none
symbol engine: initialized successfully - sym options: 0x614 - pdb path: .;C:\Program Files\Java\jdk-17\bin;C:\WINDOWS\SYSTEM32;C:\WINDOWS\WinSxS\amd64_microsoft.windows.common-controls_6595b64144ccf1df_6.0.22621.6060_none_2712eda17382d24b;C:\Program Files\Java\jdk-17\bin\server

VM Arguments:
jvm_args: -XX:TieredStopAtLevel=1 -Dspring.output.ansi.enabled=always -javaagent:C:\Program Files\JetBrains\IntelliJ IDEA 2025.3.2\lib\idea_rt.jar=65165 -Dfile.encoding=UTF-8 
java_command: com.acp.simccs.SimccsApplication
java_class_path (initial): C:\Users\BOND-FILS\Downloads\simccs\simccs\target\classes;C:\Users\BOND-FILS\.m2\repository\org\springframework\boot\spring-boot-starter-data-jpa\3.3.4\spring-boot-starter-data-jpa-3.3.4.jar;C:\Users\BOND-FILS\.m2\repository\org\springframework\boot\spring-boot-starter-aop\3.3.4\spring-boot-starter-aop-3.3.4.jar;C:\Users\BOND-FILS\.m2\repository\org\aspectj\aspectjweaver\1.9.22.1\aspectjweaver-1.9.22.1.jar;C:\Users\BOND-FILS\.m2\repository\org\springframework\boot\spring-boot-starter-jdbc\3.3.4\spring-boot-starter-jdbc-3.3.4.jar;C:\Users\BOND-FILS\.m2\repository\com\zaxxer\HikariCP\5.1.0\HikariCP-5.1.0.jar;C:\Users\BOND-FILS\.m2\repository\org\springframework\spring-jdbc\6.1.13\spring-jdbc-6.1.13.jar;C:\Users\BOND-FILS\.m2\repository\org\hibernate\orm\hibernate-core\6.5.3.Final\hibernate-core-6.5.3.Final.jar;C:\Users\BOND-FILS\.m2\repository\jakarta\persistence\jakarta.persistence-api\3.1.0\jakarta.persistence-api-3.1.0.jar;C:\Users\BOND-FILS\.m2\repository\jakarta\transaction\jakarta.transaction-api\2.0.1\jakarta.transaction-api-2.0.1.jar;C:\Users\BOND-FILS\.m2\repository\org\jboss\logging\jboss-logging\3.5.3.Final\jboss-logging-3.5.3.Final.jar;C:\Users\BOND-FILS\.m2\repository\org\hibernate\common\hibernate-commons-annotations\6.0.6.Final\hibernate-commons-annotations-6.0.6.Final.jar;C:\Users\BOND-FILS\.m2\repository\io\smallrye\jandex\3.1.2\jandex-3.1.2.jar;C:\Users\BOND-FILS\.m2\repository\com\fasterxml\classmate\1.7.0\classmate-1.7.0.jar;C:\Users\BOND-FILS\.m2\repository\net\bytebuddy\byte-buddy\1.14.19\byte-buddy-1.14.19.jar;C:\Users\BOND-FILS\.m2\repository\org\glassfish\jaxb\jaxb-runtime\4.0.5\jaxb-runtime-4.0.5.jar;C:\Users\BOND-FILS\.m2\repository\org\glassfish\jaxb\jaxb-core\4.0.5\jaxb-core-4.0.5.jar;C:\Users\BOND-FILS\.m2\repository\org\glassfish\jaxb\txw2\4.0.5\txw2-4.0.5.jar;C:\Users\BOND-FILS\.m2\repository\com\sun\istack\istack-commons-runtime\4.1.2\istack-commons-runtime-4.1.2.jar;C:\Users\BOND-FILS\.m2\repository\jakart
Launcher Type: SUN_STANDARD

[Global flags]
     intx CICompilerCount                          = 4                                         {product} {ergonomic}
     uint ConcGCThreads                            = 2                                         {product} {ergonomic}
     uint G1ConcRefinementThreads                  = 8                                         {product} {ergonomic}
   size_t G1HeapRegionSize                         = 1048576                                   {product} {ergonomic}
    uintx GCDrainStackTargetSize                   = 64                                        {product} {ergonomic}
   size_t InitialHeapSize                          = 132120576                                 {product} {ergonomic}
   size_t MarkStackSize                            = 4194304                                   {product} {ergonomic}
   size_t MaxHeapSize                              = 2101346304                                {product} {ergonomic}
   size_t MinHeapDeltaBytes                        = 1048576                                   {product} {ergonomic}
   size_t MinHeapSize                              = 8388608                                   {product} {ergonomic}
    uintx NonProfiledCodeHeapSize                  = 0                                      {pd product} {ergonomic}
     bool ProfileInterpreter                       = false                                  {pd product} {command line}
    uintx ProfiledCodeHeapSize                     = 0                                      {pd product} {ergonomic}
   size_t SoftMaxHeapSize                          = 2101346304                             {manageable} {ergonomic}
     intx TieredStopAtLevel                        = 1                                         {product} {command line}
     bool UseCompressedClassPointers               = true                           {product lp64_product} {ergonomic}
     bool UseCompressedOops                        = true                           {product lp64_product} {ergonomic}
     bool UseG1GC                                  = true                                      {product} {ergonomic}
     bool UseLargePagesIndividualAllocation        = false                                  {pd product} {ergonomic}

Logging:
Log output configuration:
 #0: stdout all=warning uptime,level,tags
 #1: stderr all=off uptime,level,tags

Environment Variables:
JAVA_HOME=C:\Program Files\Java\jdk-17
PATH=C:\Program Files\Common Files\Oracle\Java\javapath;E:\Oracle_21c\WINDOWS.X64_213000_db_home\bin;C:\Python313\Scripts\;C:\Python313\;C:\Program Files (x86)\Common Files\Oracle\Java\javapath;C:\WINDOWS\system32;C:\WINDOWS;C:\WINDOWS\System32\Wbem;C:\WINDOWS\System32\WindowsPowerShell\v1.0\;C:\WINDOWS\System32\OpenSSH\;C:\Program Files\Git\cmd;C:\Program Files\Git\bin;C:\Program Files\dotnet\;C:\Program Files\Java\jdk1.8.0_202\bin;C:\Program Files\nodejs\;C:\ProgramData\chocolatey\bin;C:\Program Files\Microsoft SQL Server\120\Tools\Binn\;C:\Program Files\Microsoft SQL Server\Client SDK\ODBC\110\Tools\Binn\;C:\Program Files (x86)\Microsoft SQL Server\120\Tools\Binn\;C:\Program Files\Microsoft SQL Server\120\DTS\Binn\;C:\Program Files (x86)\Microsoft SQL Server\120\Tools\Binn\ManagementStudio\;C:\Program Files (x86)\Microsoft SQL Server\120\DTS\Binn\;C:\Program Files\Microsoft SQL Server\Client SDK\ODBC\170\Tools\Binn\;C:\Users\BOND-FILS\Downloads\apache-maven-3.9.11\bin;C:\minio;C:\Program Files\MySQL\MySQL Server 8.0\bin;;C:\Program Files\Docker\Docker\resources\bin;C:\Program Files\MySQL\MySQL Shell 8.0\bin\;C:\Users\BOND-FILS\AppData\Local\Microsoft\WindowsApps;C:\Users\BOND-FILS\AppData\Local\Programs\Microsoft VS Code\bin;C:\Users\BOND-FILS\.dotnet\tools;C:\Users\BOND-FILS\AppData\Roaming\npm;C:\Users\BOND-FILS\AppData\Roaming\Python\Python313\Scripts;C:\Program Files\JetBrains\IntelliJ IDEA 2025.3.2\bin;C:\Users\BOND-FILS\AppData\Local\Programs\Antigravity\bin
USERNAME=BOND-FILS
OS=Windows_NT
PROCESSOR_IDENTIFIER=Intel64 Family 6 Model 142 Stepping 12, GenuineIntel



---------------  S Y S T E M  ---------------

OS:
 Windows 11 , 64 bit Build 22621 (10.0.22621.5415)
OS uptime: 0 days 0:12 hours
Hyper-V role detected

CPU: total 8 (initial active 8) (4 cores per cpu, 2 threads per core) family 6 model 142 stepping 12 microcode 0xf8, cx8, cmov, fxsr, ht, mmx, 3dnowpref, sse, sse2, sse3, ssse3, sse4.1, sse4.2, popcnt, lzcnt, tsc, tscinvbit, avx, avx2, aes, erms, clmul, bmi1, bmi2, adx, fma, vzeroupper, clflush, clflushopt, hv

Memory: 4k page, system-wide physical 8008M (584M free)
TotalPageFile size 9462M (AvailPageFile size 103M)
current process WorkingSet (physical memory assigned to process): 11M, peak: 11M
current process commit charge ("private bytes"): 55M, peak: 181M

vm_info: Java HotSpot(TM) 64-Bit Server VM (17.0.12+8-LTS-286) for windows-amd64 JRE (17.0.12+8-LTS-286), built on Jun  5 2024 06:46:59 by "mach5one" with MS VC++ 17.6 (VS2022)

END.
