#
# There is insufficient memory for the Java Runtime Environment to continue.
# Native memory allocation (mmap) failed to map 17825792 bytes for G1 virtual space
# Possible reasons:
#   The system is out of physical RAM or swap space
#   The process is running with CompressedOops enabled, and the Java Heap may be blocking the growth of the native heap
# Possible solutions:
#   Reduce memory load on the system
#   Increase physical memory or swap space
#   Check if swap backing store is full
#   Decrease Java heap size (-Xmx/-Xms)
#   Decrease number of Java threads
#   Decrease Java thread stack sizes (-Xss)
#   Set larger code cache with -XX:ReservedCodeCacheSize=
#   JVM is running with Unscaled Compressed Oops mode in which the Java heap is
#     placed in the first 4GB address space. The Java Heap base address is the
#     maximum limit for the native heap growth. Please use -XX:HeapBaseMinAddress
#     to set the Java Heap base and to place the Java Heap above 4GB virtual address.
# This output file may be truncated or incomplete.
#
#  Out of Memory Error (os_windows.cpp:3548), pid=7196, tid=11988
#
# JRE version: Java(TM) SE Runtime Environment (17.0.12+8) (build 17.0.12+8-LTS-286)
# Java VM: Java HotSpot(TM) 64-Bit Server VM (17.0.12+8-LTS-286, mixed mode, emulated-client, sharing, tiered, compressed oops, compressed class ptrs, g1 gc, windows-amd64)
# No core dump will be written. Minidumps are not enabled by default on client versions of Windows
#

---------------  S U M M A R Y ------------

Command Line: -XX:TieredStopAtLevel=1 -Dspring.output.ansi.enabled=always -javaagent:C:\Program Files\JetBrains\IntelliJ IDEA 2025.3.2\lib\idea_rt.jar=52672 -Dfile.encoding=UTF-8 com.acp.simccs.SimccsApplication

Host: Intel(R) Core(TM) i5-8265U CPU @ 1.60GHz, 8 cores, 7G,  Windows 11 , 64 bit Build 22621 (10.0.22621.5415)
Time: Sat Mar 14 20:17:09 2026 Egypt Standard Time elapsed time: 17.325047 seconds (0d 0h 0m 17s)

---------------  T H R E A D  ---------------

Current thread (0x000002c5d5fe8be0):  VMThread "VM Thread" [stack: 0x000000e3ffc00000,0x000000e3ffd00000] [id=11988]

Stack: [0x000000e3ffc00000,0x000000e3ffd00000]
Native frames: (J=compiled Java code, j=interpreted, Vv=VM code, C=native code)
V  [jvm.dll+0x67a04a]
V  [jvm.dll+0x7da4ed]
V  [jvm.dll+0x7dbe33]
V  [jvm.dll+0x7dc4a3]
V  [jvm.dll+0x24508f]
V  [jvm.dll+0x677089]
V  [jvm.dll+0x66bd32]
V  [jvm.dll+0x301fa6]
V  [jvm.dll+0x309546]
V  [jvm.dll+0x359d2e]
V  [jvm.dll+0x359f5f]
V  [jvm.dll+0x2d9078]
V  [jvm.dll+0x2d74ad]
V  [jvm.dll+0x2d6afc]
V  [jvm.dll+0x31a65b]
V  [jvm.dll+0x7e0d9b]
V  [jvm.dll+0x7e1ad4]
V  [jvm.dll+0x7e1fed]
V  [jvm.dll+0x7e23c4]
V  [jvm.dll+0x7e2490]
V  [jvm.dll+0x78abea]
V  [jvm.dll+0x678f35]
C  [ucrtbase.dll+0x29333]
C  [KERNEL32.DLL+0x1259d]
C  [ntdll.dll+0x5af78]

VM_Operation (0x000000e3ff6f40f0): G1CollectForAllocation, mode: safepoint, requested by thread 0x000002c5c4126ab0


---------------  P R O C E S S  ---------------

Threads class SMR info:
_java_thread_list=0x000002c5db641d80, length=20, elements={
0x000002c5c4126ab0, 0x000002c5d5fec7e0, 0x000002c5d5fed660, 0x000002c5d5ffd550,
0x000002c5d5fff120, 0x000002c5d5fffce0, 0x000002c5d6003ac0, 0x000002c5d6005270,
0x000002c5d6006aa0, 0x000002c5d5fd53e0, 0x000002c5d6210bb0, 0x000002c5d6211300,
0x000002c5d67cbfa0, 0x000002c5d67cd0a0, 0x000002c5d6ccd3c0, 0x000002c5db9cf2e0,
0x000002c5dbc8d830, 0x000002c5dc752a80, 0x000002c5dc752060, 0x000002c5dc752f90
}

Java Threads: ( => current thread )
  0x000002c5c4126ab0 JavaThread "main" [_thread_blocked, id=5916, stack(0x000000e3ff600000,0x000000e3ff700000)]
  0x000002c5d5fec7e0 JavaThread "Reference Handler" daemon [_thread_blocked, id=11480, stack(0x000000e3ffd00000,0x000000e3ffe00000)]
  0x000002c5d5fed660 JavaThread "Finalizer" daemon [_thread_blocked, id=11192, stack(0x000000e3ffe00000,0x000000e3fff00000)]
  0x000002c5d5ffd550 JavaThread "Signal Dispatcher" daemon [_thread_blocked, id=2616, stack(0x000000e3fff00000,0x000000e400000000)]
  0x000002c5d5fff120 JavaThread "Attach Listener" daemon [_thread_blocked, id=13248, stack(0x000000e380000000,0x000000e380100000)]
  0x000002c5d5fffce0 JavaThread "Service Thread" daemon [_thread_blocked, id=3460, stack(0x000000e380100000,0x000000e380200000)]
  0x000002c5d6003ac0 JavaThread "Monitor Deflation Thread" daemon [_thread_blocked, id=11680, stack(0x000000e380200000,0x000000e380300000)]
  0x000002c5d6005270 JavaThread "C1 CompilerThread0" daemon [_thread_blocked, id=1804, stack(0x000000e380300000,0x000000e380400000)]
  0x000002c5d6006aa0 JavaThread "Sweeper thread" daemon [_thread_blocked, id=13264, stack(0x000000e380400000,0x000000e380500000)]
  0x000002c5d5fd53e0 JavaThread "Common-Cleaner" daemon [_thread_blocked, id=7872, stack(0x000000e380500000,0x000000e380600000)]
  0x000002c5d6210bb0 JavaThread "C1 CompilerThread1" daemon [_thread_blocked, id=13440, stack(0x000000e380600000,0x000000e380700000)]
  0x000002c5d6211300 JavaThread "C1 CompilerThread2" daemon [_thread_blocked, id=2020, stack(0x000000e380700000,0x000000e380800000)]
  0x000002c5d67cbfa0 JavaThread "Monitor Ctrl-Break" daemon [_thread_in_native, id=5792, stack(0x000000e380800000,0x000000e380900000)]
  0x000002c5d67cd0a0 JavaThread "Notification Thread" daemon [_thread_blocked, id=8092, stack(0x000000e380900000,0x000000e380a00000)]
  0x000002c5d6ccd3c0 JavaThread "C1 CompilerThread3" daemon [_thread_blocked, id=4076, stack(0x000000e381300000,0x000000e381400000)]
  0x000002c5db9cf2e0 JavaThread "mysql-cj-abandoned-connection-cleanup" daemon [_thread_blocked, id=5188, stack(0x000000e381400000,0x000000e381500000)]
  0x000002c5dbc8d830 JavaThread "HikariPool-1 housekeeper" daemon [_thread_blocked, id=12212, stack(0x000000e381600000,0x000000e381700000)]
  0x000002c5dc752a80 JavaThread "Catalina-utility-1" [_thread_blocked, id=11864, stack(0x000000e381800000,0x000000e381900000)]
  0x000002c5dc752060 JavaThread "Catalina-utility-2" [_thread_blocked, id=7928, stack(0x000000e381900000,0x000000e381a00000)]
  0x000002c5dc752f90 JavaThread "container-0" [_thread_blocked, id=2256, stack(0x000000e381a00000,0x000000e381b00000)]

Other Threads:
=>0x000002c5d5fe8be0 VMThread "VM Thread" [stack: 0x000000e3ffc00000,0x000000e3ffd00000] [id=11988]
  0x000002c5c41aa940 WatcherThread [stack: 0x000000e380a00000,0x000000e380b00000] [id=6248]
  0x000002c5c4181210 GCTaskThread "GC Thread#0" [stack: 0x000000e3ff700000,0x000000e3ff800000] [id=9804]
  0x000002c5d6cf3790 GCTaskThread "GC Thread#1" [stack: 0x000000e380b00000,0x000000e380c00000] [id=5932]
  0x000002c5d6cf3a50 GCTaskThread "GC Thread#2" [stack: 0x000000e380c00000,0x000000e380d00000] [id=11892]
  0x000002c5d6cc1070 GCTaskThread "GC Thread#3" [stack: 0x000000e380d00000,0x000000e380e00000] [id=7792]
  0x000002c5d6d04010 GCTaskThread "GC Thread#4" [stack: 0x000000e380e00000,0x000000e380f00000] [id=3632]
  0x000002c5db20f030 GCTaskThread "GC Thread#5" [stack: 0x000000e381000000,0x000000e381100000] [id=14024]
  0x000002c5db210300 GCTaskThread "GC Thread#6" [stack: 0x000000e381100000,0x000000e381200000] [id=12252]
  0x000002c5db2105c0 GCTaskThread "GC Thread#7" [stack: 0x000000e381200000,0x000000e381300000] [id=13584]
  0x000002c5c4191be0 ConcurrentGCThread "G1 Main Marker" [stack: 0x000000e3ff800000,0x000000e3ff900000] [id=13568]
  0x000002c5c4192d90 ConcurrentGCThread "G1 Conc#0" [stack: 0x000000e3ff900000,0x000000e3ffa00000] [id=13348]
  0x000002c5db76ded0 ConcurrentGCThread "G1 Conc#1" [stack: 0x000000e380f00000,0x000000e381000000] [id=9336]
  0x000002c5d5ea34e0 ConcurrentGCThread "G1 Refine#0" [stack: 0x000000e3ffa00000,0x000000e3ffb00000] [id=10912]
  0x000002c5d5ea3f10 ConcurrentGCThread "G1 Service" [stack: 0x000000e3ffb00000,0x000000e3ffc00000] [id=1972]

Threads with active compile tasks:

VM state: at safepoint (normal execution)

VM Mutex/Monitor currently owned by a thread:  ([mutex/lock_event])
[0x000002c5c41223c0] Threads_lock - owner thread: 0x000002c5d5fe8be0
[0x000002c5c4121d00] Heap_lock - owner thread: 0x000002c5c4126ab0

Heap address: 0x0000000082c00000, size: 2004 MB, Compressed Oops mode: 32-bit

CDS archive(s) mapped at: [0x000002c580000000-0x000002c580bd0000-0x000002c580bd0000), size 12386304, SharedBaseAddress: 0x000002c580000000, ArchiveRelocationMode: 1.
Compressed class space mapped at: 0x000002c581000000-0x000002c5c1000000, reserved size: 1073741824
Narrow klass base: 0x000002c580000000, Narrow klass shift: 0, Narrow klass range: 0x100000000

GC Precious Log:
 CPUs: 8 total, 8 available
 Memory: 8008M
 Large Page Support: Disabled
 NUMA Support: Disabled
 Compressed Oops: Enabled (32-bit)
 Heap Region Size: 1M
 Heap Min Capacity: 8M
 Heap Initial Capacity: 126M
 Heap Max Capacity: 2004M
 Pre-touch: Disabled
 Parallel Workers: 8
 Concurrent Workers: 2
 Concurrent Refinement Workers: 8
 Periodic GC: Disabled

Heap:
 garbage-first heap   total 82944K, used 40906K [0x0000000082c00000, 0x0000000100000000)
  region size 1024K, 3 young (3072K), 3 survivors (3072K)
 Metaspace       used 66092K, committed 66624K, reserved 1114112K
  class space    used 9812K, committed 10048K, reserved 1048576K

Heap Regions: E=young(eden), S=young(survivor), O=old, HS=humongous(starts), HC=humongous(continues), CS=collection set, F=free, OA=open archive, CA=closed archive, TAMS=top-at-mark-start (previous, next)
|   0|0x0000000082c00000, 0x0000000082d00000, 0x0000000082d00000|100%|HS|  |TAMS 0x0000000082d00000, 0x0000000082c00000| Complete 
|   1|0x0000000082d00000, 0x0000000082e00000, 0x0000000082e00000|100%|HS|  |TAMS 0x0000000082e00000, 0x0000000082d00000| Complete 
|   2|0x0000000082e00000, 0x0000000082f00000, 0x0000000082f00000|100%| O|  |TAMS 0x0000000082f00000, 0x0000000082e00000| Untracked 
|   3|0x0000000082f00000, 0x0000000083000000, 0x0000000083000000|100%| O|  |TAMS 0x0000000083000000, 0x0000000082f00000| Untracked 
|   4|0x0000000083000000, 0x0000000083100000, 0x0000000083100000|100%| O|  |TAMS 0x0000000083100000, 0x0000000083000000| Untracked 
|   5|0x0000000083100000, 0x0000000083200000, 0x0000000083200000|100%| O|  |TAMS 0x0000000083200000, 0x0000000083100000| Untracked 
|   6|0x0000000083200000, 0x0000000083300000, 0x0000000083300000|100%| O|  |TAMS 0x0000000083300000, 0x0000000083200000| Untracked 
|   7|0x0000000083300000, 0x0000000083400000, 0x0000000083400000|100%| O|  |TAMS 0x0000000083400000, 0x0000000083300000| Untracked 
|   8|0x0000000083400000, 0x0000000083500000, 0x0000000083500000|100%| O|  |TAMS 0x0000000083500000, 0x0000000083400000| Untracked 
|   9|0x0000000083500000, 0x0000000083600000, 0x0000000083600000|100%| O|  |TAMS 0x0000000083600000, 0x0000000083500000| Untracked 
|  10|0x0000000083600000, 0x0000000083700000, 0x0000000083700000|100%| O|  |TAMS 0x0000000083700000, 0x0000000083600000| Untracked 
|  11|0x0000000083700000, 0x0000000083800000, 0x0000000083800000|100%| O|  |TAMS 0x0000000083800000, 0x0000000083700000| Untracked 
|  12|0x0000000083800000, 0x0000000083900000, 0x0000000083900000|100%| O|  |TAMS 0x0000000083900000, 0x0000000083800000| Untracked 
|  13|0x0000000083900000, 0x0000000083a00000, 0x0000000083a00000|100%| O|  |TAMS 0x0000000083a00000, 0x0000000083900000| Untracked 
|  14|0x0000000083a00000, 0x0000000083b00000, 0x0000000083b00000|100%| O|  |TAMS 0x0000000083b00000, 0x0000000083a00000| Untracked 
|  15|0x0000000083b00000, 0x0000000083c00000, 0x0000000083c00000|100%| O|  |TAMS 0x0000000083c00000, 0x0000000083b00000| Untracked 
|  16|0x0000000083c00000, 0x0000000083c17200, 0x0000000083d00000|  9%| O|  |TAMS 0x0000000083c17200, 0x0000000083c00000| Untracked 
|  17|0x0000000083d00000, 0x0000000083e00000, 0x0000000083e00000|100%| O|  |TAMS 0x0000000083e00000, 0x0000000083d00000| Untracked 
|  18|0x0000000083e00000, 0x0000000083f00000, 0x0000000083f00000|100%| O|  |TAMS 0x0000000083f00000, 0x0000000083e00000| Untracked 
|  19|0x0000000083f00000, 0x0000000084000000, 0x0000000084000000|100%| O|  |TAMS 0x0000000084000000, 0x0000000083f00000| Untracked 
|  20|0x0000000084000000, 0x0000000084100000, 0x0000000084100000|100%| O|  |TAMS 0x0000000084100000, 0x0000000084000000| Untracked 
|  21|0x0000000084100000, 0x0000000084200000, 0x0000000084200000|100%| O|  |TAMS 0x0000000084200000, 0x0000000084100000| Untracked 
|  22|0x0000000084200000, 0x0000000084300000, 0x0000000084300000|100%| O|  |TAMS 0x0000000084300000, 0x0000000084200000| Untracked 
|  23|0x0000000084300000, 0x0000000084400000, 0x0000000084400000|100%| O|  |TAMS 0x0000000084400000, 0x0000000084300000| Untracked 
|  24|0x0000000084400000, 0x0000000084500000, 0x0000000084500000|100%| O|  |TAMS 0x0000000084500000, 0x0000000084400000| Untracked 
|  25|0x0000000084500000, 0x0000000084600000, 0x0000000084600000|100%| O|  |TAMS 0x0000000084600000, 0x0000000084500000| Untracked 
|  26|0x0000000084600000, 0x0000000084700000, 0x0000000084700000|100%| O|  |TAMS 0x0000000084700000, 0x0000000084600000| Untracked 
|  27|0x0000000084700000, 0x0000000084800000, 0x0000000084800000|100%| O|  |TAMS 0x0000000084800000, 0x0000000084700000| Untracked 
|  28|0x0000000084800000, 0x0000000084900000, 0x0000000084900000|100%| O|  |TAMS 0x000000008484d000, 0x0000000084800000| Untracked 
|  29|0x0000000084900000, 0x0000000084a00000, 0x0000000084a00000|100%| O|  |TAMS 0x0000000084900000, 0x0000000084900000| Untracked 
|  30|0x0000000084a00000, 0x0000000084b00000, 0x0000000084b00000|100%| O|  |TAMS 0x0000000084a00000, 0x0000000084a00000| Untracked 
|  31|0x0000000084b00000, 0x0000000084c00000, 0x0000000084c00000|100%| O|  |TAMS 0x0000000084b00000, 0x0000000084b00000| Untracked 
|  32|0x0000000084c00000, 0x0000000084d00000, 0x0000000084d00000|100%| O|  |TAMS 0x0000000084c00000, 0x0000000084c00000| Untracked 
|  33|0x0000000084d00000, 0x0000000084e00000, 0x0000000084e00000|100%| O|  |TAMS 0x0000000084d00000, 0x0000000084d00000| Untracked 
|  34|0x0000000084e00000, 0x0000000084f00000, 0x0000000084f00000|100%| O|  |TAMS 0x0000000084e00000, 0x0000000084e00000| Untracked 
|  35|0x0000000084f00000, 0x0000000085000000, 0x0000000085000000|100%| O|  |TAMS 0x0000000084f00000, 0x0000000084f00000| Untracked 
|  36|0x0000000085000000, 0x0000000085100000, 0x0000000085100000|100%| O|  |TAMS 0x0000000085000000, 0x0000000085000000| Untracked 
|  37|0x0000000085100000, 0x0000000085200000, 0x0000000085200000|100%| O|  |TAMS 0x0000000085100000, 0x0000000085100000| Untracked 
|  38|0x0000000085200000, 0x0000000085263e00, 0x0000000085300000| 39%| O|  |TAMS 0x0000000085200000, 0x0000000085200000| Untracked 
|  39|0x0000000085300000, 0x0000000085300000, 0x0000000085400000|  0%| F|  |TAMS 0x0000000085300000, 0x0000000085300000| Untracked 
|  40|0x0000000085400000, 0x0000000085400000, 0x0000000085500000|  0%| F|  |TAMS 0x0000000085400000, 0x0000000085400000| Untracked 
|  41|0x0000000085500000, 0x0000000085500000, 0x0000000085600000|  0%| F|  |TAMS 0x0000000085500000, 0x0000000085500000| Untracked 
|  42|0x0000000085600000, 0x0000000085600000, 0x0000000085700000|  0%| F|  |TAMS 0x0000000085600000, 0x0000000085600000| Untracked 
|  43|0x0000000085700000, 0x0000000085700000, 0x0000000085800000|  0%| F|  |TAMS 0x0000000085700000, 0x0000000085700000| Untracked 
|  44|0x0000000085800000, 0x0000000085800000, 0x0000000085900000|  0%| F|  |TAMS 0x0000000085800000, 0x0000000085800000| Untracked 
|  45|0x0000000085900000, 0x0000000085900000, 0x0000000085a00000|  0%| F|  |TAMS 0x0000000085900000, 0x0000000085900000| Untracked 
|  46|0x0000000085a00000, 0x0000000085a00000, 0x0000000085b00000|  0%| F|  |TAMS 0x0000000085a00000, 0x0000000085a00000| Untracked 
|  47|0x0000000085b00000, 0x0000000085b00000, 0x0000000085c00000|  0%| F|  |TAMS 0x0000000085b00000, 0x0000000085b00000| Untracked 
|  48|0x0000000085c00000, 0x0000000085c00000, 0x0000000085d00000|  0%| F|  |TAMS 0x0000000085c00000, 0x0000000085c00000| Untracked 
|  49|0x0000000085d00000, 0x0000000085d00000, 0x0000000085e00000|  0%| F|  |TAMS 0x0000000085d00000, 0x0000000085d00000| Untracked 
|  50|0x0000000085e00000, 0x0000000085e00000, 0x0000000085f00000|  0%| F|  |TAMS 0x0000000085e00000, 0x0000000085e00000| Untracked 
|  51|0x0000000085f00000, 0x0000000085f00000, 0x0000000086000000|  0%| F|  |TAMS 0x0000000085f00000, 0x0000000085f00000| Untracked 
|  52|0x0000000086000000, 0x0000000086000000, 0x0000000086100000|  0%| F|  |TAMS 0x0000000086000000, 0x0000000086000000| Untracked 
|  53|0x0000000086100000, 0x0000000086177ac0, 0x0000000086200000| 46%| S|CS|TAMS 0x0000000086100000, 0x0000000086100000| Complete 
|  54|0x0000000086200000, 0x0000000086300000, 0x0000000086300000|100%| S|CS|TAMS 0x0000000086200000, 0x0000000086200000| Complete 
|  55|0x0000000086300000, 0x0000000086400000, 0x0000000086400000|100%| S|CS|TAMS 0x0000000086300000, 0x0000000086300000| Complete 
|  56|0x0000000086400000, 0x0000000086400000, 0x0000000086500000|  0%| F|  |TAMS 0x0000000086400000, 0x0000000086400000| Untracked 
|  57|0x0000000086500000, 0x0000000086500000, 0x0000000086600000|  0%| F|  |TAMS 0x0000000086500000, 0x0000000086500000| Untracked 
|  58|0x0000000086600000, 0x0000000086600000, 0x0000000086700000|  0%| F|  |TAMS 0x0000000086600000, 0x0000000086600000| Untracked 
|  59|0x0000000086700000, 0x0000000086700000, 0x0000000086800000|  0%| F|  |TAMS 0x0000000086700000, 0x0000000086700000| Untracked 
|  60|0x0000000086800000, 0x0000000086800000, 0x0000000086900000|  0%| F|  |TAMS 0x0000000086800000, 0x0000000086800000| Untracked 
|  61|0x0000000086900000, 0x0000000086900000, 0x0000000086a00000|  0%| F|  |TAMS 0x0000000086900000, 0x0000000086900000| Untracked 
|  62|0x0000000086a00000, 0x0000000086a00000, 0x0000000086b00000|  0%| F|  |TAMS 0x0000000086a00000, 0x0000000086a00000| Untracked 
|  63|0x0000000086b00000, 0x0000000086b00000, 0x0000000086c00000|  0%| F|  |TAMS 0x0000000086b00000, 0x0000000086b00000| Untracked 
|  64|0x0000000086c00000, 0x0000000086c00000, 0x0000000086d00000|  0%| F|  |TAMS 0x0000000086c00000, 0x0000000086c00000| Untracked 
|  65|0x0000000086d00000, 0x0000000086d00000, 0x0000000086e00000|  0%| F|  |TAMS 0x0000000086d00000, 0x0000000086d00000| Untracked 
|  66|0x0000000086e00000, 0x0000000086e00000, 0x0000000086f00000|  0%| F|  |TAMS 0x0000000086e00000, 0x0000000086e00000| Untracked 
|  67|0x0000000086f00000, 0x0000000086f00000, 0x0000000087000000|  0%| F|  |TAMS 0x0000000086f00000, 0x0000000086f00000| Untracked 
|  68|0x0000000087000000, 0x0000000087000000, 0x0000000087100000|  0%| F|  |TAMS 0x0000000087000000, 0x0000000087000000| Untracked 
|  69|0x0000000087100000, 0x0000000087100000, 0x0000000087200000|  0%| F|  |TAMS 0x0000000087100000, 0x0000000087100000| Untracked 
|  70|0x0000000087200000, 0x0000000087200000, 0x0000000087300000|  0%| F|  |TAMS 0x0000000087200000, 0x0000000087200000| Untracked 
|  71|0x0000000087300000, 0x0000000087300000, 0x0000000087400000|  0%| F|  |TAMS 0x0000000087300000, 0x0000000087300000| Untracked 
|  72|0x0000000087400000, 0x0000000087400000, 0x0000000087500000|  0%| F|  |TAMS 0x0000000087400000, 0x0000000087400000| Untracked 
|  73|0x0000000087500000, 0x0000000087500000, 0x0000000087600000|  0%| F|  |TAMS 0x0000000087500000, 0x0000000087500000| Untracked 
|  74|0x0000000087600000, 0x0000000087600000, 0x0000000087700000|  0%| F|  |TAMS 0x0000000087600000, 0x0000000087600000| Untracked 
|  75|0x0000000087700000, 0x0000000087700000, 0x0000000087800000|  0%| F|  |TAMS 0x0000000087700000, 0x0000000087700000| Untracked 
|  76|0x0000000087800000, 0x0000000087800000, 0x0000000087900000|  0%| F|  |TAMS 0x0000000087800000, 0x0000000087800000| Untracked 
|  77|0x0000000087900000, 0x0000000087900000, 0x0000000087a00000|  0%| F|  |TAMS 0x0000000087900000, 0x0000000087900000| Untracked 
| 103|0x0000000089300000, 0x0000000089300000, 0x0000000089400000|  0%| F|  |TAMS 0x0000000089300000, 0x0000000089300000| Untracked 
| 104|0x0000000089400000, 0x0000000089400000, 0x0000000089500000|  0%| F|  |TAMS 0x0000000089400000, 0x0000000089400000| Untracked 
| 125|0x000000008a900000, 0x000000008a900000, 0x000000008aa00000|  0%| F|  |TAMS 0x000000008a900000, 0x000000008a900000| Untracked 

Card table byte_map: [0x000002c5ceed0000,0x000002c5cf2c0000] _byte_map_base: 0x000002c5ceaba000

Marking Bits (Prev, Next): (CMBitMap*) 0x000002c5c4181870, (CMBitMap*) 0x000002c5c4181830
 Prev Bits: [0x000002c5d1600000, 0x000002c5d3550000)
 Next Bits: [0x000002c5cf6b0000, 0x000002c5d1600000)

Polling page: 0x000002c5c38e0000

Metaspace:

Usage:
  Non-class:     54.96 MB used.
      Class:      9.58 MB used.
       Both:     64.54 MB used.

Virtual space:
  Non-class space:       64.00 MB reserved,      55.25 MB ( 86%) committed,  1 nodes.
      Class space:        1.00 GB reserved,       9.81 MB ( <1%) committed,  1 nodes.
             Both:        1.06 GB reserved,      65.06 MB (  6%) committed. 

Chunk freelists:
   Non-Class:  7.91 MB
       Class:  6.13 MB
        Both:  14.03 MB

MaxMetaspaceSize: unlimited
CompressedClassSpaceSize: 1.00 GB
Initial GC threshold: 21.00 MB
Current GC threshold: 98.69 MB
CDS: on
MetaspaceReclaimPolicy: balanced
 - commit_granule_bytes: 65536.
 - commit_granule_words: 8192.
 - virtual_space_node_default_size: 8388608.
 - enlarge_chunks_in_place: 1.
 - new_chunks_are_fully_committed: 0.
 - uncommit_free_chunks: 1.
 - use_allocation_guard: 0.
 - handle_deallocations: 1.


Internal statistics:

num_allocs_failed_limit: 9.
num_arena_births: 790.
num_arena_deaths: 0.
num_vsnodes_births: 2.
num_vsnodes_deaths: 0.
num_space_committed: 1041.
num_space_uncommitted: 0.
num_chunks_returned_to_freelist: 9.
num_chunks_taken_from_freelist: 3258.
num_chunk_merges: 9.
num_chunk_splits: 2417.
num_chunks_enlarged: 1922.
num_inconsistent_stats: 0.

CodeCache: size=49152Kb used=13500Kb max_used=13500Kb free=35651Kb
 bounds [0x000002c5cb9d0000, 0x000002c5cc700000, 0x000002c5ce9d0000]
 total_blobs=7507 nmethods=6849 adapters=581
 compilation: enabled
              stopped_count=0, restarted_count=0
 full_count=0

Compilation events (20 events):
Event: 17.063 Thread 0x000002c5d6005270 nmethod 6839 0x000002c5cc6fc510 code [0x000002c5cc6fc6a0, 0x000002c5cc6fc778]
Event: 17.063 Thread 0x000002c5d6210bb0 nmethod 6840 0x000002c5cc6fc810 code [0x000002c5cc6fc9c0, 0x000002c5cc6fcbf8]
Event: 17.064 Thread 0x000002c5d6ccd3c0 6841       1       org.hibernate.metamodel.model.domain.internal.AbstractAttribute::getAttributeClassification (5 bytes)
Event: 17.064 Thread 0x000002c5d6211300 6842       1       org.hibernate.metamodel.AttributeClassification::getJpaClassification (5 bytes)
Event: 17.064 Thread 0x000002c5d6ccd3c0 nmethod 6841 0x000002c5cc6fcd10 code [0x000002c5cc6fcea0, 0x000002c5cc6fcf78]
Event: 17.064 Thread 0x000002c5d6211300 nmethod 6842 0x000002c5cc6fd010 code [0x000002c5cc6fd1a0, 0x000002c5cc6fd278]
Event: 17.102 Thread 0x000002c5d6ccd3c0 6843       1       org.springframework.aop.framework.ProxyConfig::isFrozen (5 bytes)
Event: 17.103 Thread 0x000002c5d6ccd3c0 nmethod 6843 0x000002c5cc6fd310 code [0x000002c5cc6fd4a0, 0x000002c5cc6fd578]
Event: 17.112 Thread 0x000002c5d6211300 6844   !   1       jdk.proxy2.$Proxy51::annotationType (29 bytes)
Event: 17.112 Thread 0x000002c5d6210bb0 6845       1       org.springframework.aop.aspectj.autoproxy.AspectJAwareAdvisorAutoProxyCreator::shouldSkip (74 bytes)
Event: 17.112 Thread 0x000002c5d6ccd3c0 6846       1       org.springframework.aop.framework.autoproxy.AbstractAutoProxyCreator::shouldSkip (6 bytes)
Event: 17.112 Thread 0x000002c5d6211300 nmethod 6844 0x000002c5cc6fd610 code [0x000002c5cc6fd7c0, 0x000002c5cc6fd9d8]
Event: 17.113 Thread 0x000002c5d6ccd3c0 nmethod 6846 0x000002c5cc6fdb10 code [0x000002c5cc6fdca0, 0x000002c5cc6fdd88]
Event: 17.113 Thread 0x000002c5d6210bb0 nmethod 6845 0x000002c5cc6fde10 code [0x000002c5cc6fe020, 0x000002c5cc6fe348]
Event: 17.116 Thread 0x000002c5d6210bb0 6847       1       org.springframework.boot.context.properties.ConfigurationPropertiesBinder$ConfigurationPropertiesBinderFactory::getObjectType (3 bytes)
Event: 17.116 Thread 0x000002c5d6210bb0 nmethod 6847 0x000002c5cc6fe510 code [0x000002c5cc6fe6a0, 0x000002c5cc6fe778]
Event: 17.131 Thread 0x000002c5d6210bb0 6848       1       java.util.IdentityHashMap::containsKey (55 bytes)
Event: 17.132 Thread 0x000002c5d6210bb0 nmethod 6848 0x000002c5cc6fe810 code [0x000002c5cc6fe9c0, 0x000002c5cc6feb68]
Event: 17.133 Thread 0x000002c5d6005270 6849       1       org.springframework.core.KotlinDetector::isKotlinType (22 bytes)
Event: 17.133 Thread 0x000002c5d6005270 nmethod 6849 0x000002c5cc6fec90 code [0x000002c5cc6fee40, 0x000002c5cc6fef98]

GC Heap History (20 events):
Event: 7.190 GC heap after
{Heap after GC invocations=6 (full 0):
 garbage-first heap   total 68608K, used 20537K [0x0000000082c00000, 0x0000000100000000)
  region size 1024K, 4 young (4096K), 4 survivors (4096K)
 Metaspace       used 25647K, committed 26048K, reserved 1114112K
  class space    used 3605K, committed 3776K, reserved 1048576K
}
Event: 7.878 GC heap before
{Heap before GC invocations=6 (full 0):
 garbage-first heap   total 68608K, used 48185K [0x0000000082c00000, 0x0000000100000000)
  region size 1024K, 32 young (32768K), 4 survivors (4096K)
 Metaspace       used 28018K, committed 28416K, reserved 1114112K
  class space    used 3975K, committed 4160K, reserved 1048576K
}
Event: 7.896 GC heap after
{Heap after GC invocations=7 (full 0):
 garbage-first heap   total 68608K, used 22236K [0x0000000082c00000, 0x0000000100000000)
  region size 1024K, 2 young (2048K), 2 survivors (2048K)
 Metaspace       used 28018K, committed 28416K, reserved 1114112K
  class space    used 3975K, committed 4160K, reserved 1048576K
}
Event: 8.684 GC heap before
{Heap before GC invocations=7 (full 0):
 garbage-first heap   total 68608K, used 49884K [0x0000000082c00000, 0x0000000100000000)
  region size 1024K, 29 young (29696K), 2 survivors (2048K)
 Metaspace       used 31416K, committed 31808K, reserved 1114112K
  class space    used 4443K, committed 4608K, reserved 1048576K
}
Event: 8.698 GC heap after
{Heap after GC invocations=8 (full 0):
 garbage-first heap   total 68608K, used 23690K [0x0000000082c00000, 0x0000000100000000)
  region size 1024K, 4 young (4096K), 4 survivors (4096K)
 Metaspace       used 31416K, committed 31808K, reserved 1114112K
  class space    used 4443K, committed 4608K, reserved 1048576K
}
Event: 9.526 GC heap before
{Heap before GC invocations=8 (full 0):
 garbage-first heap   total 68608K, used 43146K [0x0000000082c00000, 0x0000000100000000)
  region size 1024K, 25 young (25600K), 4 survivors (4096K)
 Metaspace       used 35607K, committed 35968K, reserved 1114112K
  class space    used 5064K, committed 5248K, reserved 1048576K
}
Event: 9.541 GC heap after
{Heap after GC invocations=9 (full 0):
 garbage-first heap   total 82944K, used 24547K [0x0000000082c00000, 0x0000000100000000)
  region size 1024K, 3 young (3072K), 3 survivors (3072K)
 Metaspace       used 35607K, committed 35968K, reserved 1114112K
  class space    used 5064K, committed 5248K, reserved 1048576K
}
Event: 11.127 GC heap before
{Heap before GC invocations=10 (full 0):
 garbage-first heap   total 82944K, used 62435K [0x0000000082c00000, 0x0000000100000000)
  region size 1024K, 40 young (40960K), 3 survivors (3072K)
 Metaspace       used 44460K, committed 44864K, reserved 1114112K
  class space    used 6355K, committed 6528K, reserved 1048576K
}
Event: 11.146 GC heap after
{Heap after GC invocations=11 (full 0):
 garbage-first heap   total 82944K, used 28046K [0x0000000082c00000, 0x0000000100000000)
  region size 1024K, 5 young (5120K), 5 survivors (5120K)
 Metaspace       used 44460K, committed 44864K, reserved 1114112K
  class space    used 6355K, committed 6528K, reserved 1048576K
}
Event: 12.514 GC heap before
{Heap before GC invocations=11 (full 0):
 garbage-first heap   total 82944K, used 62862K [0x0000000082c00000, 0x0000000100000000)
  region size 1024K, 39 young (39936K), 5 survivors (5120K)
 Metaspace       used 52704K, committed 53120K, reserved 1114112K
  class space    used 7655K, committed 7872K, reserved 1048576K
}
Event: 12.528 GC heap after
{Heap after GC invocations=12 (full 0):
 garbage-first heap   total 82944K, used 29840K [0x0000000082c00000, 0x0000000100000000)
  region size 1024K, 2 young (2048K), 2 survivors (2048K)
 Metaspace       used 52704K, committed 53120K, reserved 1114112K
  class space    used 7655K, committed 7872K, reserved 1048576K
}
Event: 14.486 GC heap before
{Heap before GC invocations=12 (full 0):
 garbage-first heap   total 82944K, used 63632K [0x0000000082c00000, 0x0000000100000000)
  region size 1024K, 35 young (35840K), 2 survivors (2048K)
 Metaspace       used 57273K, committed 57728K, reserved 1114112K
  class space    used 8326K, committed 8512K, reserved 1048576K
}
Event: 14.503 GC heap after
{Heap after GC invocations=13 (full 0):
 garbage-first heap   total 82944K, used 30906K [0x0000000082c00000, 0x0000000100000000)
  region size 1024K, 3 young (3072K), 3 survivors (3072K)
 Metaspace       used 57273K, committed 57728K, reserved 1114112K
  class space    used 8326K, committed 8512K, reserved 1048576K
}
Event: 15.264 GC heap before
{Heap before GC invocations=13 (full 0):
 garbage-first heap   total 82944K, used 45242K [0x0000000082c00000, 0x0000000100000000)
  region size 1024K, 18 young (18432K), 3 survivors (3072K)
 Metaspace       used 59876K, committed 60416K, reserved 1114112K
  class space    used 8663K, committed 8896K, reserved 1048576K
}
Event: 15.291 GC heap after
{Heap after GC invocations=14 (full 0):
 garbage-first heap   total 82944K, used 32070K [0x0000000082c00000, 0x0000000100000000)
  region size 1024K, 3 young (3072K), 3 survivors (3072K)
 Metaspace       used 59876K, committed 60416K, reserved 1114112K
  class space    used 8663K, committed 8896K, reserved 1048576K
}
Event: 16.209 GC heap before
{Heap before GC invocations=15 (full 0):
 garbage-first heap   total 82944K, used 64838K [0x0000000082c00000, 0x0000000100000000)
  region size 1024K, 35 young (35840K), 3 survivors (3072K)
 Metaspace       used 62883K, committed 63424K, reserved 1114112K
  class space    used 9258K, committed 9536K, reserved 1048576K
}
Event: 16.218 GC heap after
{Heap after GC invocations=16 (full 0):
 garbage-first heap   total 82944K, used 34645K [0x0000000082c00000, 0x0000000100000000)
  region size 1024K, 5 young (5120K), 5 survivors (5120K)
 Metaspace       used 62883K, committed 63424K, reserved 1114112K
  class space    used 9258K, committed 9536K, reserved 1048576K
}
Event: 16.545 GC heap before
{Heap before GC invocations=16 (full 0):
 garbage-first heap   total 82944K, used 65365K [0x0000000082c00000, 0x0000000100000000)
  region size 1024K, 35 young (35840K), 5 survivors (5120K)
 Metaspace       used 64483K, committed 65024K, reserved 1114112K
  class space    used 9610K, committed 9856K, reserved 1048576K
}
Event: 16.554 GC heap after
{Heap after GC invocations=17 (full 0):
 garbage-first heap   total 82944K, used 38241K [0x0000000082c00000, 0x0000000100000000)
  region size 1024K, 5 young (5120K), 5 survivors (5120K)
 Metaspace       used 64483K, committed 65024K, reserved 1114112K
  class space    used 9610K, committed 9856K, reserved 1048576K
}
Event: 17.151 GC heap before
{Heap before GC invocations=17 (full 0):
 garbage-first heap   total 82944K, used 62817K [0x0000000082c00000, 0x0000000100000000)
  region size 1024K, 30 young (30720K), 5 survivors (5120K)
 Metaspace       used 66092K, committed 66624K, reserved 1114112K
  class space    used 9812K, committed 10048K, reserved 1048576K
}

Deoptimization events (8 events):
Event: 10.400 Thread 0x000002c5c4126ab0 DEOPT PACKING pc=0x000002c5cbe8ef81 sp=0x000000e3ff6f99d0
Event: 10.400 Thread 0x000002c5c4126ab0 DEOPT UNPACKING pc=0x000002c5cba22b43 sp=0x000000e3ff6f8e60 mode 3
Event: 10.400 Thread 0x000002c5dbc8d830 DEOPT PACKING pc=0x000002c5cbe85f17 sp=0x000000e3816ff390
Event: 10.400 Thread 0x000002c5dbc8d830 DEOPT UNPACKING pc=0x000002c5cba22b43 sp=0x000000e3816fe7e8 mode 3
Event: 15.003 Thread 0x000002c5c4126ab0 DEOPT PACKING pc=0x000002c5cbee1c24 sp=0x000000e3ff6fb050
Event: 15.003 Thread 0x000002c5c4126ab0 DEOPT UNPACKING pc=0x000002c5cba22b43 sp=0x000000e3ff6fa5a8 mode 0
Event: 15.586 Thread 0x000002c5c4126ab0 DEOPT PACKING pc=0x000002c5cbfd771a sp=0x000000e3ff6fc950
Event: 15.586 Thread 0x000002c5c4126ab0 DEOPT UNPACKING pc=0x000002c5cba22b43 sp=0x000000e3ff6fbe58 mode 3

Classes unloaded (0 events):
No events

Classes redefined (0 events):
No events

Internal exceptions (20 events):
Event: 15.316 Thread 0x000002c5c4126ab0 Exception <a 'java/lang/reflect/InvocationTargetException'{0x000000008a943698}> (0x000000008a943698) 
thrown [s\open\src\hotspot\share\runtime\reflection.cpp, line 1121]
Event: 15.351 Thread 0x000002c5c4126ab0 Exception <a 'java/lang/NoSuchMethodError'{0x000000008a9a6040}: 'int java.lang.invoke.DirectMethodHandle$Holder.invokeStatic(java.lang.Object, java.lang.Object, int)'> (0x000000008a9a6040) 
thrown [s\open\src\hotspot\share\interpreter\linkResolver.cpp, line 759]
Event: 15.380 Thread 0x000002c5c4126ab0 Exception <a 'java/lang/IncompatibleClassChangeError'{0x000000008a9e9d10}: Found class java.lang.Object, but interface was expected> (0x000000008a9e9d10) 
thrown [s\open\src\hotspot\share\interpreter\linkResolver.cpp, line 826]
Event: 15.488 Thread 0x000002c5c4126ab0 Exception <a 'java/lang/NoSuchMethodError'{0x00000000893a2fc8}: 'java.lang.Object java.lang.invoke.DirectMethodHandle$Holder.invokeStatic(java.lang.Object, int, java.lang.Object)'> (0x00000000893a2fc8) 
thrown [s\open\src\hotspot\share\interpreter\linkResolver.cpp, line 759]
Event: 15.499 Thread 0x000002c5c4126ab0 Exception <a 'java/lang/reflect/InvocationTargetException'{0x00000000893ee228}> (0x00000000893ee228) 
thrown [s\open\src\hotspot\share\runtime\reflection.cpp, line 1121]
Event: 15.668 Thread 0x000002c5c4126ab0 Exception <a 'java/lang/NoSuchMethodError'{0x00000000873167f0}: 'long java.lang.invoke.DirectMethodHandle$Holder.invokeVirtual(java.lang.Object, java.lang.Object)'> (0x00000000873167f0) 
thrown [s\open\src\hotspot\share\interpreter\linkResolver.cpp, line 759]
Event: 15.735 Thread 0x000002c5c4126ab0 Exception <a 'java/io/FileNotFoundException'{0x00000000871b11c8}> (0x00000000871b11c8) 
thrown [s\open\src\hotspot\share\prims\jni.cpp, line 516]
Event: 15.736 Thread 0x000002c5c4126ab0 Exception <a 'java/io/FileNotFoundException'{0x00000000871bc4e0}> (0x00000000871bc4e0) 
thrown [s\open\src\hotspot\share\prims\jni.cpp, line 516]
Event: 15.790 Thread 0x000002c5c4126ab0 Exception <a 'java/lang/reflect/InvocationTargetException'{0x0000000086e357c0}> (0x0000000086e357c0) 
thrown [s\open\src\hotspot\share\runtime\reflection.cpp, line 1121]
Event: 15.868 Thread 0x000002c5c4126ab0 Exception <a 'java/lang/reflect/InvocationTargetException'{0x0000000086708570}> (0x0000000086708570) 
thrown [s\open\src\hotspot\share\runtime\reflection.cpp, line 1121]
Event: 15.916 Thread 0x000002c5c4126ab0 Exception <a 'java/lang/reflect/InvocationTargetException'{0x0000000086586598}> (0x0000000086586598) 
thrown [s\open\src\hotspot\share\runtime\reflection.cpp, line 1121]
Event: 15.919 Thread 0x000002c5c4126ab0 Exception <a 'java/lang/reflect/InvocationTargetException'{0x0000000086592330}> (0x0000000086592330) 
thrown [s\open\src\hotspot\share\runtime\reflection.cpp, line 1121]
Event: 15.963 Thread 0x000002c5c4126ab0 Exception <a 'java/lang/reflect/InvocationTargetException'{0x000000008627b630}> (0x000000008627b630) 
thrown [s\open\src\hotspot\share\runtime\reflection.cpp, line 1121]
Event: 15.965 Thread 0x000002c5c4126ab0 Exception <a 'java/lang/reflect/InvocationTargetException'{0x00000000862872d8}> (0x00000000862872d8) 
thrown [s\open\src\hotspot\share\runtime\reflection.cpp, line 1121]
Event: 16.280 Thread 0x000002c5c4126ab0 Exception <a 'java/lang/reflect/InvocationTargetException'{0x0000000087519b20}> (0x0000000087519b20) 
thrown [s\open\src\hotspot\share\runtime\reflection.cpp, line 1121]
Event: 16.876 Thread 0x000002c5c4126ab0 Exception <a 'java/lang/reflect/InvocationTargetException'{0x0000000086d8eb98}> (0x0000000086d8eb98) 
thrown [s\open\src\hotspot\share\runtime\reflection.cpp, line 1121]
Event: 16.879 Thread 0x000002c5c4126ab0 Exception <a 'java/lang/reflect/InvocationTargetException'{0x0000000086d9ccb0}> (0x0000000086d9ccb0) 
thrown [s\open\src\hotspot\share\runtime\reflection.cpp, line 1121]
Event: 16.934 Thread 0x000002c5c4126ab0 Exception <a 'java/lang/reflect/InvocationTargetException'{0x0000000086bf6398}> (0x0000000086bf6398) 
thrown [s\open\src\hotspot\share\runtime\reflection.cpp, line 1121]
Event: 16.995 Thread 0x000002c5c4126ab0 Exception <a 'java/lang/reflect/InvocationTargetException'{0x0000000086815f10}> (0x0000000086815f10) 
thrown [s\open\src\hotspot\share\runtime\reflection.cpp, line 1121]
Event: 17.061 Thread 0x000002c5c4126ab0 Exception <a 'java/lang/reflect/InvocationTargetException'{0x0000000086684360}> (0x0000000086684360) 
thrown [s\open\src\hotspot\share\runtime\reflection.cpp, line 1121]

VM Operations (20 events):
Event: 15.680 Executing VM operation: HandshakeAllThreads done
Event: 15.680 Executing VM operation: HandshakeAllThreads
Event: 15.680 Executing VM operation: HandshakeAllThreads done
Event: 16.035 Executing VM operation: HandshakeAllThreads
Event: 16.035 Executing VM operation: HandshakeAllThreads done
Event: 16.039 Executing VM operation: HandshakeAllThreads
Event: 16.039 Executing VM operation: HandshakeAllThreads done
Event: 16.207 Executing VM operation: ICBufferFull
Event: 16.207 Executing VM operation: ICBufferFull done
Event: 16.209 Executing VM operation: G1CollectForAllocation
Event: 16.218 Executing VM operation: G1CollectForAllocation done
Event: 16.219 Executing VM operation: HandshakeAllThreads
Event: 16.219 Executing VM operation: HandshakeAllThreads done
Event: 16.544 Executing VM operation: G1CollectForAllocation
Event: 16.554 Executing VM operation: G1CollectForAllocation done
Event: 16.692 Executing VM operation: HandshakeAllThreads
Event: 16.692 Executing VM operation: HandshakeAllThreads done
Event: 17.144 Executing VM operation: HandshakeAllThreads
Event: 17.145 Executing VM operation: HandshakeAllThreads done
Event: 17.151 Executing VM operation: G1CollectForAllocation

Events (20 events):
Event: 15.570 loading class jdk/internal/reflect/SerializationConstructorAccessorImpl
Event: 15.571 loading class jdk/internal/reflect/SerializationConstructorAccessorImpl done
Event: 15.621 loading class java/util/stream/SortedOps$SizedRefSortingSink
Event: 15.621 loading class java/util/stream/SortedOps$SizedRefSortingSink done
Event: 15.642 loading class javax/net/ssl/SSLException
Event: 15.643 loading class javax/net/ssl/SSLException done
Event: 15.667 loading class java/nio/channels/CompletionHandler
Event: 15.668 loading class java/nio/channels/CompletionHandler done
Event: 15.689 Thread 0x000002c5dc752a80 Thread added: 0x000002c5dc752a80
Event: 15.691 Thread 0x000002c5dc752060 Thread added: 0x000002c5dc752060
Event: 15.697 Thread 0x000002c5dc752f90 Thread added: 0x000002c5dc752f90
Event: 15.766 loading class sun/reflect/annotation/AnnotationInvocationHandler$1
Event: 15.766 loading class sun/reflect/annotation/AnnotationInvocationHandler$1 done
Event: 15.929 Thread 0x000002c5dbe0bc50 Thread exited: 0x000002c5dbe0bc50
Event: 16.008 loading class java/util/EmptyStackException
Event: 16.008 loading class java/util/EmptyStackException done
Event: 16.026 loading class java/io/InvalidClassException
Event: 16.026 loading class java/io/InvalidClassException done
Event: 16.034 loading class java/util/ArrayList$ListItr
Event: 16.034 loading class java/util/ArrayList$ListItr done


Dynamic libraries:
0x00007ff622a90000 - 0x00007ff622aa0000 	C:\Program Files\Java\jdk-17\bin\java.exe
0x00007ffc88650000 - 0x00007ffc88868000 	C:\WINDOWS\SYSTEM32\ntdll.dll
0x00007ffc86840000 - 0x00007ffc86904000 	C:\WINDOWS\System32\KERNEL32.DLL
0x00007ffc85760000 - 0x00007ffc85b33000 	C:\WINDOWS\System32\KERNELBASE.dll
0x00007ffc861d0000 - 0x00007ffc862e1000 	C:\WINDOWS\System32\ucrtbase.dll
0x00007ffc6e2c0000 - 0x00007ffc6e2d9000 	C:\Program Files\Java\jdk-17\bin\jli.dll
0x00007ffc6e2e0000 - 0x00007ffc6e2fb000 	C:\Program Files\Java\jdk-17\bin\VCRUNTIME140.dll
0x00007ffc87d70000 - 0x00007ffc87e21000 	C:\WINDOWS\System32\ADVAPI32.dll
0x00007ffc86f50000 - 0x00007ffc86ff7000 	C:\WINDOWS\System32\msvcrt.dll
0x00007ffc87cc0000 - 0x00007ffc87d68000 	C:\WINDOWS\System32\sechost.dll
0x00007ffc85bc0000 - 0x00007ffc85be8000 	C:\WINDOWS\System32\bcrypt.dll
0x00007ffc87ff0000 - 0x00007ffc88108000 	C:\WINDOWS\System32\RPCRT4.dll
0x00007ffc86910000 - 0x00007ffc86ac2000 	C:\WINDOWS\System32\USER32.dll
0x00007ffc85f40000 - 0x00007ffc85f66000 	C:\WINDOWS\System32\win32u.dll
0x00007ffc69cf0000 - 0x00007ffc69f8c000 	C:\WINDOWS\WinSxS\amd64_microsoft.windows.common-controls_6595b64144ccf1df_6.0.22621.6060_none_2712eda17382d24b\COMCTL32.dll
0x00007ffc884c0000 - 0x00007ffc884e9000 	C:\WINDOWS\System32\GDI32.dll
0x00007ffc85f70000 - 0x00007ffc8608b000 	C:\WINDOWS\System32\gdi32full.dll
0x00007ffc85d30000 - 0x00007ffc85dca000 	C:\WINDOWS\System32\msvcp_win.dll
0x00007ffc7f9f0000 - 0x00007ffc7f9fa000 	C:\WINDOWS\SYSTEM32\VERSION.dll
0x00007ffc884f0000 - 0x00007ffc88521000 	C:\WINDOWS\System32\IMM32.DLL
0x00007ffc6e830000 - 0x00007ffc6e83c000 	C:\Program Files\Java\jdk-17\bin\vcruntime140_1.dll
0x00007ffc6d680000 - 0x00007ffc6d70e000 	C:\Program Files\Java\jdk-17\bin\msvcp140.dll
0x00007ffc25b90000 - 0x00007ffc26770000 	C:\Program Files\Java\jdk-17\bin\server\jvm.dll
0x00007ffc87bf0000 - 0x00007ffc87bf8000 	C:\WINDOWS\System32\PSAPI.DLL
0x00007ffc7fa00000 - 0x00007ffc7fa34000 	C:\WINDOWS\SYSTEM32\WINMM.dll
0x00007ffc5bb90000 - 0x00007ffc5bb99000 	C:\WINDOWS\SYSTEM32\WSOCK32.dll
0x00007ffc88530000 - 0x00007ffc885a1000 	C:\WINDOWS\System32\WS2_32.dll
0x00007ffc84700000 - 0x00007ffc84718000 	C:\WINDOWS\SYSTEM32\kernel.appcore.dll
0x00007ffc6e2b0000 - 0x00007ffc6e2ba000 	C:\Program Files\Java\jdk-17\bin\jimage.dll
0x00007ffc82920000 - 0x00007ffc82b53000 	C:\WINDOWS\SYSTEM32\DBGHELP.DLL
0x00007ffc864a0000 - 0x00007ffc86831000 	C:\WINDOWS\System32\combase.dll
0x00007ffc88350000 - 0x00007ffc88428000 	C:\WINDOWS\System32\OLEAUT32.dll
0x00007ffc661d0000 - 0x00007ffc66202000 	C:\WINDOWS\SYSTEM32\dbgcore.DLL
0x00007ffc85cb0000 - 0x00007ffc85d2b000 	C:\WINDOWS\System32\bcryptPrimitives.dll
0x00007ffc6e2a0000 - 0x00007ffc6e2ae000 	C:\Program Files\Java\jdk-17\bin\instrument.dll
0x00007ffc6e200000 - 0x00007ffc6e225000 	C:\Program Files\Java\jdk-17\bin\java.dll
0x00007ffc6b730000 - 0x00007ffc6b807000 	C:\Program Files\Java\jdk-17\bin\jsvml.dll
0x00007ffc87190000 - 0x00007ffc87a2c000 	C:\WINDOWS\System32\SHELL32.dll
0x00007ffc86090000 - 0x00007ffc861cf000 	C:\WINDOWS\System32\wintypes.dll
0x00007ffc83610000 - 0x00007ffc83f2a000 	C:\WINDOWS\SYSTEM32\windows.storage.dll
0x00007ffc88110000 - 0x00007ffc88214000 	C:\WINDOWS\System32\SHCORE.dll
0x00007ffc870f0000 - 0x00007ffc87159000 	C:\WINDOWS\System32\shlwapi.dll
0x00007ffc85690000 - 0x00007ffc856b5000 	C:\WINDOWS\SYSTEM32\profapi.dll
0x00007ffc6b710000 - 0x00007ffc6b728000 	C:\Program Files\Java\jdk-17\bin\zip.dll
0x00007ffc6e1a0000 - 0x00007ffc6e1b9000 	C:\Program Files\Java\jdk-17\bin\net.dll
0x00007ffc81000000 - 0x00007ffc8112c000 	C:\WINDOWS\SYSTEM32\WINHTTP.dll
0x00007ffc84bc0000 - 0x00007ffc84c29000 	C:\WINDOWS\system32\mswsock.dll
0x00007ffc6d660000 - 0x00007ffc6d676000 	C:\Program Files\Java\jdk-17\bin\nio.dll
0x00007ffc6b690000 - 0x00007ffc6b6a0000 	C:\Program Files\Java\jdk-17\bin\verify.dll
0x00007ffc6d330000 - 0x00007ffc6d33e000 	C:\Program Files\Java\jdk-17\bin\sunmscapi.dll
0x00007ffc85dd0000 - 0x00007ffc85f38000 	C:\WINDOWS\System32\CRYPT32.dll
0x00007ffc85080000 - 0x00007ffc850ae000 	C:\WINDOWS\SYSTEM32\ncrypt.dll
0x00007ffc85040000 - 0x00007ffc85077000 	C:\WINDOWS\SYSTEM32\NTASN1.dll
0x00007ffc84f10000 - 0x00007ffc84f2b000 	C:\WINDOWS\SYSTEM32\CRYPTSP.dll
0x00007ffc84660000 - 0x00007ffc84697000 	C:\WINDOWS\system32\rsaenh.dll
0x00007ffc84c60000 - 0x00007ffc84c88000 	C:\WINDOWS\SYSTEM32\USERENV.dll
0x00007ffc84ef0000 - 0x00007ffc84efc000 	C:\WINDOWS\SYSTEM32\CRYPTBASE.dll
0x00007ffc84180000 - 0x00007ffc841ad000 	C:\WINDOWS\SYSTEM32\IPHLPAPI.DLL
0x00007ffc87cb0000 - 0x00007ffc87cb9000 	C:\WINDOWS\System32\NSI.dll
0x00007ffc80f90000 - 0x00007ffc80fa9000 	C:\WINDOWS\SYSTEM32\dhcpcsvc6.DLL
0x00007ffc80e30000 - 0x00007ffc80e4f000 	C:\WINDOWS\SYSTEM32\dhcpcsvc.DLL
0x00007ffc841b0000 - 0x00007ffc842a8000 	C:\WINDOWS\SYSTEM32\DNSAPI.dll
0x00007ffc6b700000 - 0x00007ffc6b70a000 	C:\Program Files\Java\jdk-17\bin\management.dll
0x00007ffc6b6f0000 - 0x00007ffc6b6fb000 	C:\Program Files\Java\jdk-17\bin\management_ext.dll
0x00007ffc7d040000 - 0x00007ffc7d04a000 	C:\Windows\System32\rasadhlp.dll
0x00007ffc7d880000 - 0x00007ffc7d904000 	C:\WINDOWS\System32\fwpuclnt.dll

dbghelp: loaded successfully - version: 4.0.5 - missing functions: none
symbol engine: initialized successfully - sym options: 0x614 - pdb path: .;C:\Program Files\Java\jdk-17\bin;C:\WINDOWS\SYSTEM32;C:\WINDOWS\WinSxS\amd64_microsoft.windows.common-controls_6595b64144ccf1df_6.0.22621.6060_none_2712eda17382d24b;C:\Program Files\Java\jdk-17\bin\server

VM Arguments:
jvm_args: -XX:TieredStopAtLevel=1 -Dspring.output.ansi.enabled=always -javaagent:C:\Program Files\JetBrains\IntelliJ IDEA 2025.3.2\lib\idea_rt.jar=52672 -Dfile.encoding=UTF-8 
java_command: com.acp.simccs.SimccsApplication
java_class_path (initial): C:\Users\BOND-FILS\Downloads\simccs\simccs\target\classes;C:\Users\BOND-FILS\.m2\repository\org\springframework\boot\spring-boot-starter-data-jpa\3.3.4\spring-boot-starter-data-jpa-3.3.4.jar;C:\Users\BOND-FILS\.m2\repository\org\springframework\boot\spring-boot-starter-aop\3.3.4\spring-boot-starter-aop-3.3.4.jar;C:\Users\BOND-FILS\.m2\repository\org\aspectj\aspectjweaver\1.9.22.1\aspectjweaver-1.9.22.1.jar;C:\Users\BOND-FILS\.m2\repository\org\springframework\boot\spring-boot-starter-jdbc\3.3.4\spring-boot-starter-jdbc-3.3.4.jar;C:\Users\BOND-FILS\.m2\repository\com\zaxxer\HikariCP\5.1.0\HikariCP-5.1.0.jar;C:\Users\BOND-FILS\.m2\repository\org\springframework\spring-jdbc\6.1.13\spring-jdbc-6.1.13.jar;C:\Users\BOND-FILS\.m2\repository\org\hibernate\orm\hibernate-core\6.5.3.Final\hibernate-core-6.5.3.Final.jar;C:\Users\BOND-FILS\.m2\repository\jakarta\persistence\jakarta.persistence-api\3.1.0\jakarta.persistence-api-3.1.0.jar;C:\Users\BOND-FILS\.m2\repository\jakarta\transaction\jakarta.transaction-api\2.0.1\jakarta.transaction-api-2.0.1.jar;C:\Users\BOND-FILS\.m2\repository\org\jboss\logging\jboss-logging\3.5.3.Final\jboss-logging-3.5.3.Final.jar;C:\Users\BOND-FILS\.m2\repository\org\hibernate\common\hibernate-commons-annotations\6.0.6.Final\hibernate-commons-annotations-6.0.6.Final.jar;C:\Users\BOND-FILS\.m2\repository\io\smallrye\jandex\3.1.2\jandex-3.1.2.jar;C:\Users\BOND-FILS\.m2\repository\com\fasterxml\classmate\1.7.0\classmate-1.7.0.jar;C:\Users\BOND-FILS\.m2\repository\net\bytebuddy\byte-buddy\1.14.19\byte-buddy-1.14.19.jar;C:\Users\BOND-FILS\.m2\repository\org\glassfish\jaxb\jaxb-runtime\4.0.5\jaxb-runtime-4.0.5.jar;C:\Users\BOND-FILS\.m2\repository\org\glassfish\jaxb\jaxb-core\4.0.5\jaxb-core-4.0.5.jar;C:\Users\BOND-FILS\.m2\repository\org\glassfish\jaxb\txw2\4.0.5\txw2-4.0.5.jar;C:\Users\BOND-FILS\.m2\repository\com\sun\istack\istack-commons-runtime\4.1.2\istack-commons-runtime-4.1.2.jar;C:\Users\BOND-FILS\.m2\repository\jakart
Launcher Type: SUN_STANDARD

[Global flags]
     intx CICompilerCount                          = 4                                         {product} {ergonomic}
     uint ConcGCThreads                            = 2                                         {product} {ergonomic}
     uint G1ConcRefinementThreads                  = 8                                         {product} {ergonomic}
   size_t G1HeapRegionSize                         = 1048576                                   {product} {ergonomic}
    uintx GCDrainStackTargetSize                   = 64                                        {product} {ergonomic}
   size_t InitialHeapSize                          = 132120576                                 {product} {ergonomic}
   size_t MarkStackSize                            = 4194304                                   {product} {ergonomic}
   size_t MaxHeapSize                              = 2101346304                                {product} {ergonomic}
   size_t MaxNewSize                               = 1260388352                                {product} {ergonomic}
   size_t MinHeapDeltaBytes                        = 1048576                                   {product} {ergonomic}
   size_t MinHeapSize                              = 8388608                                   {product} {ergonomic}
    uintx NonProfiledCodeHeapSize                  = 0                                      {pd product} {ergonomic}
     bool ProfileInterpreter                       = false                                  {pd product} {command line}
    uintx ProfiledCodeHeapSize                     = 0                                      {pd product} {ergonomic}
   size_t SoftMaxHeapSize                          = 2101346304                             {manageable} {ergonomic}
     intx TieredStopAtLevel                        = 1                                         {product} {command line}
     bool UseCompressedClassPointers               = true                           {product lp64_product} {ergonomic}
     bool UseCompressedOops                        = true                           {product lp64_product} {ergonomic}
     bool UseG1GC                                  = true                                      {product} {ergonomic}
     bool UseLargePagesIndividualAllocation        = false                                  {pd product} {ergonomic}

Logging:
Log output configuration:
 #0: stdout all=warning uptime,level,tags
 #1: stderr all=off uptime,level,tags

Environment Variables:
JAVA_HOME=C:\Program Files\Java\jdk-17
PATH=C:\Program Files\Common Files\Oracle\Java\javapath;E:\Oracle_21c\WINDOWS.X64_213000_db_home\bin;C:\Python313\Scripts\;C:\Python313\;C:\Program Files (x86)\Common Files\Oracle\Java\javapath;C:\WINDOWS\system32;C:\WINDOWS;C:\WINDOWS\System32\Wbem;C:\WINDOWS\System32\WindowsPowerShell\v1.0\;C:\WINDOWS\System32\OpenSSH\;C:\Program Files\Git\cmd;C:\Program Files\Git\bin;C:\Program Files\dotnet\;C:\Program Files\Java\jdk1.8.0_202\bin;C:\Program Files\nodejs\;C:\ProgramData\chocolatey\bin;C:\Program Files\Microsoft SQL Server\120\Tools\Binn\;C:\Program Files\Microsoft SQL Server\Client SDK\ODBC\110\Tools\Binn\;C:\Program Files (x86)\Microsoft SQL Server\120\Tools\Binn\;C:\Program Files\Microsoft SQL Server\120\DTS\Binn\;C:\Program Files (x86)\Microsoft SQL Server\120\Tools\Binn\ManagementStudio\;C:\Program Files (x86)\Microsoft SQL Server\120\DTS\Binn\;C:\Program Files\Microsoft SQL Server\Client SDK\ODBC\170\Tools\Binn\;C:\Users\BOND-FILS\Downloads\apache-maven-3.9.11\bin;C:\minio;C:\Program Files\MySQL\MySQL Server 8.0\bin;;C:\Program Files\Docker\Docker\resources\bin;C:\Program Files\MySQL\MySQL Shell 8.0\bin\;C:\Users\BOND-FILS\AppData\Local\Microsoft\WindowsApps;C:\Users\BOND-FILS\AppData\Local\Programs\Microsoft VS Code\bin;C:\Users\BOND-FILS\.dotnet\tools;C:\Users\BOND-FILS\AppData\Roaming\npm;C:\Users\BOND-FILS\AppData\Roaming\Python\Python313\Scripts;C:\Program Files\JetBrains\IntelliJ IDEA 2025.3.2\bin;C:\Users\BOND-FILS\AppData\Local\Programs\Antigravity\bin
USERNAME=BOND-FILS
OS=Windows_NT
PROCESSOR_IDENTIFIER=Intel64 Family 6 Model 142 Stepping 12, GenuineIntel



---------------  S Y S T E M  ---------------

OS:
 Windows 11 , 64 bit Build 22621 (10.0.22621.5415)
OS uptime: 0 days 7:27 hours
Hyper-V role detected

CPU: total 8 (initial active 8) (4 cores per cpu, 2 threads per core) family 6 model 142 stepping 12 microcode 0xf8, cx8, cmov, fxsr, ht, mmx, 3dnowpref, sse, sse2, sse3, ssse3, sse4.1, sse4.2, popcnt, lzcnt, tsc, tscinvbit, avx, avx2, aes, erms, clmul, bmi1, bmi2, adx, fma, vzeroupper, clflush, clflushopt, hv

Memory: 4k page, system-wide physical 8008M (991M free)
TotalPageFile size 8957M (AvailPageFile size 13M)
current process WorkingSet (physical memory assigned to process): 228M, peak: 228M
current process commit charge ("private bytes"): 270M, peak: 287M

vm_info: Java HotSpot(TM) 64-Bit Server VM (17.0.12+8-LTS-286) for windows-amd64 JRE (17.0.12+8-LTS-286), built on Jun  5 2024 06:46:59 by "mach5one" with MS VC++ 17.6 (VS2022)

END.
