#
# There is insufficient memory for the Java Runtime Environment to continue.
# Native memory allocation (malloc) failed to allocate 1061120 bytes for Chunk::new
# Possible reasons:
#   The system is out of physical RAM or swap space
#   The process is running with CompressedOops enabled, and the Java Heap may be blocking the growth of the native heap
# Possible solutions:
#   Reduce memory load on the system
#   Increase physical memory or swap space
#   Check if swap backing store is full
#   Decrease Java heap size (-Xmx/-Xms)
#   Decrease number of Java threads
#   Decrease Java thread stack sizes (-Xss)
#   Set larger code cache with -XX:ReservedCodeCacheSize=
#   JVM is running with Unscaled Compressed Oops mode in which the Java heap is
#     placed in the first 4GB address space. The Java Heap base address is the
#     maximum limit for the native heap growth. Please use -XX:HeapBaseMinAddress
#     to set the Java Heap base and to place the Java Heap above 4GB virtual address.
# This output file may be truncated or incomplete.
#
#  Out of Memory Error (arena.cpp:189), pid=5012, tid=22360
#
# JRE version: Java(TM) SE Runtime Environment (17.0.12+8) (build 17.0.12+8-LTS-286)
# Java VM: Java HotSpot(TM) 64-Bit Server VM (17.0.12+8-LTS-286, mixed mode, sharing, tiered, compressed oops, compressed class ptrs, g1 gc, windows-amd64)
# No core dump will be written. Minidumps are not enabled by default on client versions of Windows
#

---------------  S U M M A R Y ------------

Command Line: --enable-native-access=ALL-UNNAMED -Dclassworlds.conf=C:\Users\BOND-FILS\.m2\wrapper\dists\apache-maven-3.9.12\59fe215c0ad6947fea90184bf7add084544567b927287592651fda3782e0e798\bin\m2.conf -Dmaven.home=C:\Users\BOND-FILS\.m2\wrapper\dists\apache-maven-3.9.12\59fe215c0ad6947fea90184bf7add084544567b927287592651fda3782e0e798 -Dlibrary.jansi.path=C:\Users\BOND-FILS\.m2\wrapper\dists\apache-maven-3.9.12\59fe215c0ad6947fea90184bf7add084544567b927287592651fda3782e0e798\lib\jansi-native -Dmaven.multiModuleProjectDirectory=C:\Users\BOND-FILS\Downloads\simccs\simccs org.codehaus.plexus.classworlds.launcher.Launcher clean compile

Host: Intel(R) Core(TM) i5-8265U CPU @ 1.60GHz, 8 cores, 7G,  Windows 11 , 64 bit Build 22621 (10.0.22621.5415)
Time: Thu Mar 19 13:39:40 2026 Egypt Standard Time elapsed time: 0.526003 seconds (0d 0h 0m 0s)

---------------  T H R E A D  ---------------

Current thread (0x00000250c4b84f20):  JavaThread "C2 CompilerThread0" daemon [_thread_in_native, id=22360, stack(0x000000dab7400000,0x000000dab7500000)]


Current CompileTask:
C2:    526  641   !   4       jdk.internal.loader.URLClassPath$JarLoader::getResource (65 bytes)

Stack: [0x000000dab7400000,0x000000dab7500000]
Native frames: (J=compiled Java code, j=interpreted, Vv=VM code, C=native code)
V  [jvm.dll+0x67a04a]
V  [jvm.dll+0x7da4ed]
V  [jvm.dll+0x7dbe33]
V  [jvm.dll+0x7dc4a3]
V  [jvm.dll+0x24508f]
V  [jvm.dll+0xab773]
V  [jvm.dll+0xabd3c]
V  [jvm.dll+0x361bee]
V  [jvm.dll+0x32c431]
V  [jvm.dll+0x32b8ca]
V  [jvm.dll+0x21683f]
V  [jvm.dll+0x215c6f]
V  [jvm.dll+0x1a2960]
V  [jvm.dll+0x22610b]
V  [jvm.dll+0x2242ab]
V  [jvm.dll+0x79075c]
V  [jvm.dll+0x78abea]
V  [jvm.dll+0x678f35]
C  [ucrtbase.dll+0x29333]
C  [KERNEL32.DLL+0x1259d]
C  [ntdll.dll+0x5af78]


---------------  P R O C E S S  ---------------

Threads class SMR info:
_java_thread_list=0x000002510a901470, length=13, elements={
0x00000250a6b06680, 0x00000250c4b68d60, 0x00000250c4b699e0, 0x00000250c4b82440,
0x00000250c4b82e00, 0x00000250c4b837c0, 0x00000250c4b84180, 0x00000250c4b84f20,
0x00000250c4b859d0, 0x00000250c4b97910, 0x000002510a0d43a0, 0x000002510a0dccf0,
0x000002510a771960
}

Java Threads: ( => current thread )
  0x00000250a6b06680 JavaThread "main" [_thread_in_native, id=20336, stack(0x000000dab6700000,0x000000dab6800000)]
  0x00000250c4b68d60 JavaThread "Reference Handler" daemon [_thread_blocked, id=1816, stack(0x000000dab6e00000,0x000000dab6f00000)]
  0x00000250c4b699e0 JavaThread "Finalizer" daemon [_thread_blocked, id=27512, stack(0x000000dab6f00000,0x000000dab7000000)]
  0x00000250c4b82440 JavaThread "Signal Dispatcher" daemon [_thread_blocked, id=19748, stack(0x000000dab7000000,0x000000dab7100000)]
  0x00000250c4b82e00 JavaThread "Attach Listener" daemon [_thread_blocked, id=29344, stack(0x000000dab7100000,0x000000dab7200000)]
  0x00000250c4b837c0 JavaThread "Service Thread" daemon [_thread_blocked, id=22180, stack(0x000000dab7200000,0x000000dab7300000)]
  0x00000250c4b84180 JavaThread "Monitor Deflation Thread" daemon [_thread_blocked, id=17460, stack(0x000000dab7300000,0x000000dab7400000)]
=>0x00000250c4b84f20 JavaThread "C2 CompilerThread0" daemon [_thread_in_native, id=22360, stack(0x000000dab7400000,0x000000dab7500000)]
  0x00000250c4b859d0 JavaThread "C1 CompilerThread0" daemon [_thread_blocked, id=21636, stack(0x000000dab7500000,0x000000dab7600000)]
  0x00000250c4b97910 JavaThread "Sweeper thread" daemon [_thread_blocked, id=3740, stack(0x000000dab7600000,0x000000dab7700000)]
  0x000002510a0d43a0 JavaThread "Notification Thread" daemon [_thread_blocked, id=23392, stack(0x000000dab7700000,0x000000dab7800000)]
  0x000002510a0dccf0 JavaThread "Common-Cleaner" daemon [_thread_blocked, id=29100, stack(0x000000dab7900000,0x000000dab7a00000)]
  0x000002510a771960 JavaThread "C2 CompilerThread1" daemon [_thread_in_native, id=29688, stack(0x000000dab7a00000,0x000000dab7b00000)]

Other Threads:
  0x00000250c4b65260 VMThread "VM Thread" [stack: 0x000000dab6d00000,0x000000dab6e00000] [id=28032]
  0x000002510a0da8a0 WatcherThread [stack: 0x000000dab7800000,0x000000dab7900000] [id=12248]
  0x00000250a6b63480 GCTaskThread "GC Thread#0" [stack: 0x000000dab6800000,0x000000dab6900000] [id=26028]
  0x00000250a6b73d50 ConcurrentGCThread "G1 Main Marker" [stack: 0x000000dab6900000,0x000000dab6a00000] [id=21036]
  0x00000250a6b74e00 ConcurrentGCThread "G1 Conc#0" [stack: 0x000000dab6a00000,0x000000dab6b00000] [id=2848]
  0x00000250c4a220c0 ConcurrentGCThread "G1 Refine#0" [stack: 0x000000dab6b00000,0x000000dab6c00000] [id=25004]
  0x00000250c4a229f0 ConcurrentGCThread "G1 Service" [stack: 0x000000dab6c00000,0x000000dab6d00000] [id=10748]

Threads with active compile tasks:
C2 CompilerThread0      565  641   !   4       jdk.internal.loader.URLClassPath$JarLoader::getResource (65 bytes)
C2 CompilerThread1      565  682       4       java.util.jar.JarFile::getEntry (35 bytes)

VM state: not at safepoint (normal execution)

VM Mutex/Monitor currently owned by a thread: None

Heap address: 0x0000000082c00000, size: 2004 MB, Compressed Oops mode: 32-bit

CDS archive(s) mapped at: [0x00000250c5000000-0x00000250c5bd0000-0x00000250c5bd0000), size 12386304, SharedBaseAddress: 0x00000250c5000000, ArchiveRelocationMode: 1.
Compressed class space mapped at: 0x00000250c6000000-0x0000025106000000, reserved size: 1073741824
Narrow klass base: 0x00000250c5000000, Narrow klass shift: 0, Narrow klass range: 0x100000000

GC Precious Log:
 CPUs: 8 total, 8 available
 Memory: 8008M
 Large Page Support: Disabled
 NUMA Support: Disabled
 Compressed Oops: Enabled (32-bit)
 Heap Region Size: 1M
 Heap Min Capacity: 8M
 Heap Initial Capacity: 126M
 Heap Max Capacity: 2004M
 Pre-touch: Disabled
 Parallel Workers: 8
 Concurrent Workers: 2
 Concurrent Refinement Workers: 8
 Periodic GC: Disabled

Heap:
 garbage-first heap   total 129024K, used 13312K [0x0000000082c00000, 0x0000000100000000)
  region size 1024K, 14 young (14336K), 0 survivors (0K)
 Metaspace       used 3298K, committed 3392K, reserved 1114112K
  class space    used 350K, committed 384K, reserved 1048576K

Heap Regions: E=young(eden), S=young(survivor), O=old, HS=humongous(starts), HC=humongous(continues), CS=collection set, F=free, OA=open archive, CA=closed archive, TAMS=top-at-mark-start (previous, next)
|   0|0x0000000082c00000, 0x0000000082c00000, 0x0000000082d00000|  0%| F|  |TAMS 0x0000000082c00000, 0x0000000082c00000| Untracked 
|   1|0x0000000082d00000, 0x0000000082d00000, 0x0000000082e00000|  0%| F|  |TAMS 0x0000000082d00000, 0x0000000082d00000| Untracked 
|   2|0x0000000082e00000, 0x0000000082e00000, 0x0000000082f00000|  0%| F|  |TAMS 0x0000000082e00000, 0x0000000082e00000| Untracked 
|   3|0x0000000082f00000, 0x0000000082f00000, 0x0000000083000000|  0%| F|  |TAMS 0x0000000082f00000, 0x0000000082f00000| Untracked 
|   4|0x0000000083000000, 0x0000000083000000, 0x0000000083100000|  0%| F|  |TAMS 0x0000000083000000, 0x0000000083000000| Untracked 
|   5|0x0000000083100000, 0x0000000083100000, 0x0000000083200000|  0%| F|  |TAMS 0x0000000083100000, 0x0000000083100000| Untracked 
|   6|0x0000000083200000, 0x0000000083200000, 0x0000000083300000|  0%| F|  |TAMS 0x0000000083200000, 0x0000000083200000| Untracked 
|   7|0x0000000083300000, 0x0000000083300000, 0x0000000083400000|  0%| F|  |TAMS 0x0000000083300000, 0x0000000083300000| Untracked 
|   8|0x0000000083400000, 0x0000000083400000, 0x0000000083500000|  0%| F|  |TAMS 0x0000000083400000, 0x0000000083400000| Untracked 
|   9|0x0000000083500000, 0x0000000083500000, 0x0000000083600000|  0%| F|  |TAMS 0x0000000083500000, 0x0000000083500000| Untracked 
|  10|0x0000000083600000, 0x0000000083600000, 0x0000000083700000|  0%| F|  |TAMS 0x0000000083600000, 0x0000000083600000| Untracked 
|  11|0x0000000083700000, 0x0000000083700000, 0x0000000083800000|  0%| F|  |TAMS 0x0000000083700000, 0x0000000083700000| Untracked 
|  12|0x0000000083800000, 0x0000000083800000, 0x0000000083900000|  0%| F|  |TAMS 0x0000000083800000, 0x0000000083800000| Untracked 
|  13|0x0000000083900000, 0x0000000083900000, 0x0000000083a00000|  0%| F|  |TAMS 0x0000000083900000, 0x0000000083900000| Untracked 
|  14|0x0000000083a00000, 0x0000000083a00000, 0x0000000083b00000|  0%| F|  |TAMS 0x0000000083a00000, 0x0000000083a00000| Untracked 
|  15|0x0000000083b00000, 0x0000000083b00000, 0x0000000083c00000|  0%| F|  |TAMS 0x0000000083b00000, 0x0000000083b00000| Untracked 
|  16|0x0000000083c00000, 0x0000000083c00000, 0x0000000083d00000|  0%| F|  |TAMS 0x0000000083c00000, 0x0000000083c00000| Untracked 
|  17|0x0000000083d00000, 0x0000000083d00000, 0x0000000083e00000|  0%| F|  |TAMS 0x0000000083d00000, 0x0000000083d00000| Untracked 
|  18|0x0000000083e00000, 0x0000000083e00000, 0x0000000083f00000|  0%| F|  |TAMS 0x0000000083e00000, 0x0000000083e00000| Untracked 
|  19|0x0000000083f00000, 0x0000000083f00000, 0x0000000084000000|  0%| F|  |TAMS 0x0000000083f00000, 0x0000000083f00000| Untracked 
|  20|0x0000000084000000, 0x0000000084000000, 0x0000000084100000|  0%| F|  |TAMS 0x0000000084000000, 0x0000000084000000| Untracked 
|  21|0x0000000084100000, 0x0000000084100000, 0x0000000084200000|  0%| F|  |TAMS 0x0000000084100000, 0x0000000084100000| Untracked 
|  22|0x0000000084200000, 0x0000000084200000, 0x0000000084300000|  0%| F|  |TAMS 0x0000000084200000, 0x0000000084200000| Untracked 
|  23|0x0000000084300000, 0x0000000084300000, 0x0000000084400000|  0%| F|  |TAMS 0x0000000084300000, 0x0000000084300000| Untracked 
|  24|0x0000000084400000, 0x0000000084400000, 0x0000000084500000|  0%| F|  |TAMS 0x0000000084400000, 0x0000000084400000| Untracked 
|  25|0x0000000084500000, 0x0000000084500000, 0x0000000084600000|  0%| F|  |TAMS 0x0000000084500000, 0x0000000084500000| Untracked 
|  26|0x0000000084600000, 0x0000000084600000, 0x0000000084700000|  0%| F|  |TAMS 0x0000000084600000, 0x0000000084600000| Untracked 
|  27|0x0000000084700000, 0x0000000084700000, 0x0000000084800000|  0%| F|  |TAMS 0x0000000084700000, 0x0000000084700000| Untracked 
|  28|0x0000000084800000, 0x0000000084800000, 0x0000000084900000|  0%| F|  |TAMS 0x0000000084800000, 0x0000000084800000| Untracked 
|  29|0x0000000084900000, 0x0000000084900000, 0x0000000084a00000|  0%| F|  |TAMS 0x0000000084900000, 0x0000000084900000| Untracked 
|  30|0x0000000084a00000, 0x0000000084a00000, 0x0000000084b00000|  0%| F|  |TAMS 0x0000000084a00000, 0x0000000084a00000| Untracked 
|  31|0x0000000084b00000, 0x0000000084b00000, 0x0000000084c00000|  0%| F|  |TAMS 0x0000000084b00000, 0x0000000084b00000| Untracked 
|  32|0x0000000084c00000, 0x0000000084c00000, 0x0000000084d00000|  0%| F|  |TAMS 0x0000000084c00000, 0x0000000084c00000| Untracked 
|  33|0x0000000084d00000, 0x0000000084d00000, 0x0000000084e00000|  0%| F|  |TAMS 0x0000000084d00000, 0x0000000084d00000| Untracked 
|  34|0x0000000084e00000, 0x0000000084e00000, 0x0000000084f00000|  0%| F|  |TAMS 0x0000000084e00000, 0x0000000084e00000| Untracked 
|  35|0x0000000084f00000, 0x0000000084f00000, 0x0000000085000000|  0%| F|  |TAMS 0x0000000084f00000, 0x0000000084f00000| Untracked 
|  36|0x0000000085000000, 0x0000000085000000, 0x0000000085100000|  0%| F|  |TAMS 0x0000000085000000, 0x0000000085000000| Untracked 
|  37|0x0000000085100000, 0x0000000085100000, 0x0000000085200000|  0%| F|  |TAMS 0x0000000085100000, 0x0000000085100000| Untracked 
|  38|0x0000000085200000, 0x0000000085200000, 0x0000000085300000|  0%| F|  |TAMS 0x0000000085200000, 0x0000000085200000| Untracked 
|  39|0x0000000085300000, 0x0000000085300000, 0x0000000085400000|  0%| F|  |TAMS 0x0000000085300000, 0x0000000085300000| Untracked 
|  40|0x0000000085400000, 0x0000000085400000, 0x0000000085500000|  0%| F|  |TAMS 0x0000000085400000, 0x0000000085400000| Untracked 
|  41|0x0000000085500000, 0x0000000085500000, 0x0000000085600000|  0%| F|  |TAMS 0x0000000085500000, 0x0000000085500000| Untracked 
|  42|0x0000000085600000, 0x0000000085600000, 0x0000000085700000|  0%| F|  |TAMS 0x0000000085600000, 0x0000000085600000| Untracked 
|  43|0x0000000085700000, 0x0000000085700000, 0x0000000085800000|  0%| F|  |TAMS 0x0000000085700000, 0x0000000085700000| Untracked 
|  44|0x0000000085800000, 0x0000000085800000, 0x0000000085900000|  0%| F|  |TAMS 0x0000000085800000, 0x0000000085800000| Untracked 
|  45|0x0000000085900000, 0x0000000085900000, 0x0000000085a00000|  0%| F|  |TAMS 0x0000000085900000, 0x0000000085900000| Untracked 
|  46|0x0000000085a00000, 0x0000000085a00000, 0x0000000085b00000|  0%| F|  |TAMS 0x0000000085a00000, 0x0000000085a00000| Untracked 
|  47|0x0000000085b00000, 0x0000000085b00000, 0x0000000085c00000|  0%| F|  |TAMS 0x0000000085b00000, 0x0000000085b00000| Untracked 
|  48|0x0000000085c00000, 0x0000000085c00000, 0x0000000085d00000|  0%| F|  |TAMS 0x0000000085c00000, 0x0000000085c00000| Untracked 
|  49|0x0000000085d00000, 0x0000000085d00000, 0x0000000085e00000|  0%| F|  |TAMS 0x0000000085d00000, 0x0000000085d00000| Untracked 
|  50|0x0000000085e00000, 0x0000000085e00000, 0x0000000085f00000|  0%| F|  |TAMS 0x0000000085e00000, 0x0000000085e00000| Untracked 
|  51|0x0000000085f00000, 0x0000000085f00000, 0x0000000086000000|  0%| F|  |TAMS 0x0000000085f00000, 0x0000000085f00000| Untracked 
|  52|0x0000000086000000, 0x0000000086000000, 0x0000000086100000|  0%| F|  |TAMS 0x0000000086000000, 0x0000000086000000| Untracked 
|  53|0x0000000086100000, 0x0000000086100000, 0x0000000086200000|  0%| F|  |TAMS 0x0000000086100000, 0x0000000086100000| Untracked 
|  54|0x0000000086200000, 0x0000000086200000, 0x0000000086300000|  0%| F|  |TAMS 0x0000000086200000, 0x0000000086200000| Untracked 
|  55|0x0000000086300000, 0x0000000086300000, 0x0000000086400000|  0%| F|  |TAMS 0x0000000086300000, 0x0000000086300000| Untracked 
|  56|0x0000000086400000, 0x0000000086400000, 0x0000000086500000|  0%| F|  |TAMS 0x0000000086400000, 0x0000000086400000| Untracked 
|  57|0x0000000086500000, 0x0000000086500000, 0x0000000086600000|  0%| F|  |TAMS 0x0000000086500000, 0x0000000086500000| Untracked 
|  58|0x0000000086600000, 0x0000000086600000, 0x0000000086700000|  0%| F|  |TAMS 0x0000000086600000, 0x0000000086600000| Untracked 
|  59|0x0000000086700000, 0x0000000086700000, 0x0000000086800000|  0%| F|  |TAMS 0x0000000086700000, 0x0000000086700000| Untracked 
|  60|0x0000000086800000, 0x0000000086800000, 0x0000000086900000|  0%| F|  |TAMS 0x0000000086800000, 0x0000000086800000| Untracked 
|  61|0x0000000086900000, 0x0000000086900000, 0x0000000086a00000|  0%| F|  |TAMS 0x0000000086900000, 0x0000000086900000| Untracked 
|  62|0x0000000086a00000, 0x0000000086a00000, 0x0000000086b00000|  0%| F|  |TAMS 0x0000000086a00000, 0x0000000086a00000| Untracked 
|  63|0x0000000086b00000, 0x0000000086b00000, 0x0000000086c00000|  0%| F|  |TAMS 0x0000000086b00000, 0x0000000086b00000| Untracked 
|  64|0x0000000086c00000, 0x0000000086c00000, 0x0000000086d00000|  0%| F|  |TAMS 0x0000000086c00000, 0x0000000086c00000| Untracked 
|  65|0x0000000086d00000, 0x0000000086d00000, 0x0000000086e00000|  0%| F|  |TAMS 0x0000000086d00000, 0x0000000086d00000| Untracked 
|  66|0x0000000086e00000, 0x0000000086e00000, 0x0000000086f00000|  0%| F|  |TAMS 0x0000000086e00000, 0x0000000086e00000| Untracked 
|  67|0x0000000086f00000, 0x0000000086f00000, 0x0000000087000000|  0%| F|  |TAMS 0x0000000086f00000, 0x0000000086f00000| Untracked 
|  68|0x0000000087000000, 0x0000000087000000, 0x0000000087100000|  0%| F|  |TAMS 0x0000000087000000, 0x0000000087000000| Untracked 
|  69|0x0000000087100000, 0x0000000087100000, 0x0000000087200000|  0%| F|  |TAMS 0x0000000087100000, 0x0000000087100000| Untracked 
|  70|0x0000000087200000, 0x0000000087200000, 0x0000000087300000|  0%| F|  |TAMS 0x0000000087200000, 0x0000000087200000| Untracked 
|  71|0x0000000087300000, 0x0000000087300000, 0x0000000087400000|  0%| F|  |TAMS 0x0000000087300000, 0x0000000087300000| Untracked 
|  72|0x0000000087400000, 0x0000000087400000, 0x0000000087500000|  0%| F|  |TAMS 0x0000000087400000, 0x0000000087400000| Untracked 
|  73|0x0000000087500000, 0x0000000087500000, 0x0000000087600000|  0%| F|  |TAMS 0x0000000087500000, 0x0000000087500000| Untracked 
|  74|0x0000000087600000, 0x0000000087600000, 0x0000000087700000|  0%| F|  |TAMS 0x0000000087600000, 0x0000000087600000| Untracked 
|  75|0x0000000087700000, 0x0000000087700000, 0x0000000087800000|  0%| F|  |TAMS 0x0000000087700000, 0x0000000087700000| Untracked 
|  76|0x0000000087800000, 0x0000000087800000, 0x0000000087900000|  0%| F|  |TAMS 0x0000000087800000, 0x0000000087800000| Untracked 
|  77|0x0000000087900000, 0x0000000087900000, 0x0000000087a00000|  0%| F|  |TAMS 0x0000000087900000, 0x0000000087900000| Untracked 
|  78|0x0000000087a00000, 0x0000000087a00000, 0x0000000087b00000|  0%| F|  |TAMS 0x0000000087a00000, 0x0000000087a00000| Untracked 
|  79|0x0000000087b00000, 0x0000000087b00000, 0x0000000087c00000|  0%| F|  |TAMS 0x0000000087b00000, 0x0000000087b00000| Untracked 
|  80|0x0000000087c00000, 0x0000000087c00000, 0x0000000087d00000|  0%| F|  |TAMS 0x0000000087c00000, 0x0000000087c00000| Untracked 
|  81|0x0000000087d00000, 0x0000000087d00000, 0x0000000087e00000|  0%| F|  |TAMS 0x0000000087d00000, 0x0000000087d00000| Untracked 
|  82|0x0000000087e00000, 0x0000000087e00000, 0x0000000087f00000|  0%| F|  |TAMS 0x0000000087e00000, 0x0000000087e00000| Untracked 
|  83|0x0000000087f00000, 0x0000000087f00000, 0x0000000088000000|  0%| F|  |TAMS 0x0000000087f00000, 0x0000000087f00000| Untracked 
|  84|0x0000000088000000, 0x0000000088000000, 0x0000000088100000|  0%| F|  |TAMS 0x0000000088000000, 0x0000000088000000| Untracked 
|  85|0x0000000088100000, 0x0000000088100000, 0x0000000088200000|  0%| F|  |TAMS 0x0000000088100000, 0x0000000088100000| Untracked 
|  86|0x0000000088200000, 0x0000000088200000, 0x0000000088300000|  0%| F|  |TAMS 0x0000000088200000, 0x0000000088200000| Untracked 
|  87|0x0000000088300000, 0x0000000088300000, 0x0000000088400000|  0%| F|  |TAMS 0x0000000088300000, 0x0000000088300000| Untracked 
|  88|0x0000000088400000, 0x0000000088400000, 0x0000000088500000|  0%| F|  |TAMS 0x0000000088400000, 0x0000000088400000| Untracked 
|  89|0x0000000088500000, 0x0000000088500000, 0x0000000088600000|  0%| F|  |TAMS 0x0000000088500000, 0x0000000088500000| Untracked 
|  90|0x0000000088600000, 0x0000000088600000, 0x0000000088700000|  0%| F|  |TAMS 0x0000000088600000, 0x0000000088600000| Untracked 
|  91|0x0000000088700000, 0x0000000088700000, 0x0000000088800000|  0%| F|  |TAMS 0x0000000088700000, 0x0000000088700000| Untracked 
|  92|0x0000000088800000, 0x0000000088800000, 0x0000000088900000|  0%| F|  |TAMS 0x0000000088800000, 0x0000000088800000| Untracked 
|  93|0x0000000088900000, 0x0000000088900000, 0x0000000088a00000|  0%| F|  |TAMS 0x0000000088900000, 0x0000000088900000| Untracked 
|  94|0x0000000088a00000, 0x0000000088a00000, 0x0000000088b00000|  0%| F|  |TAMS 0x0000000088a00000, 0x0000000088a00000| Untracked 
|  95|0x0000000088b00000, 0x0000000088b00000, 0x0000000088c00000|  0%| F|  |TAMS 0x0000000088b00000, 0x0000000088b00000| Untracked 
|  96|0x0000000088c00000, 0x0000000088c00000, 0x0000000088d00000|  0%| F|  |TAMS 0x0000000088c00000, 0x0000000088c00000| Untracked 
|  97|0x0000000088d00000, 0x0000000088d00000, 0x0000000088e00000|  0%| F|  |TAMS 0x0000000088d00000, 0x0000000088d00000| Untracked 
|  98|0x0000000088e00000, 0x0000000088e00000, 0x0000000088f00000|  0%| F|  |TAMS 0x0000000088e00000, 0x0000000088e00000| Untracked 
|  99|0x0000000088f00000, 0x0000000088f00000, 0x0000000089000000|  0%| F|  |TAMS 0x0000000088f00000, 0x0000000088f00000| Untracked 
| 100|0x0000000089000000, 0x0000000089000000, 0x0000000089100000|  0%| F|  |TAMS 0x0000000089000000, 0x0000000089000000| Untracked 
| 101|0x0000000089100000, 0x0000000089100000, 0x0000000089200000|  0%| F|  |TAMS 0x0000000089100000, 0x0000000089100000| Untracked 
| 102|0x0000000089200000, 0x0000000089200000, 0x0000000089300000|  0%| F|  |TAMS 0x0000000089200000, 0x0000000089200000| Untracked 
| 103|0x0000000089300000, 0x0000000089300000, 0x0000000089400000|  0%| F|  |TAMS 0x0000000089300000, 0x0000000089300000| Untracked 
| 104|0x0000000089400000, 0x0000000089400000, 0x0000000089500000|  0%| F|  |TAMS 0x0000000089400000, 0x0000000089400000| Untracked 
| 105|0x0000000089500000, 0x0000000089500000, 0x0000000089600000|  0%| F|  |TAMS 0x0000000089500000, 0x0000000089500000| Untracked 
| 106|0x0000000089600000, 0x0000000089600000, 0x0000000089700000|  0%| F|  |TAMS 0x0000000089600000, 0x0000000089600000| Untracked 
| 107|0x0000000089700000, 0x0000000089700000, 0x0000000089800000|  0%| F|  |TAMS 0x0000000089700000, 0x0000000089700000| Untracked 
| 108|0x0000000089800000, 0x0000000089800000, 0x0000000089900000|  0%| F|  |TAMS 0x0000000089800000, 0x0000000089800000| Untracked 
| 109|0x0000000089900000, 0x0000000089900000, 0x0000000089a00000|  0%| F|  |TAMS 0x0000000089900000, 0x0000000089900000| Untracked 
| 110|0x0000000089a00000, 0x0000000089a00000, 0x0000000089b00000|  0%| F|  |TAMS 0x0000000089a00000, 0x0000000089a00000| Untracked 
| 111|0x0000000089b00000, 0x0000000089b00000, 0x0000000089c00000|  0%| F|  |TAMS 0x0000000089b00000, 0x0000000089b00000| Untracked 
| 112|0x0000000089c00000, 0x0000000089ceedf8, 0x0000000089d00000| 93%| E|  |TAMS 0x0000000089c00000, 0x0000000089c00000| Complete 
| 113|0x0000000089d00000, 0x0000000089e00000, 0x0000000089e00000|100%| E|CS|TAMS 0x0000000089d00000, 0x0000000089d00000| Complete 
| 114|0x0000000089e00000, 0x0000000089f00000, 0x0000000089f00000|100%| E|CS|TAMS 0x0000000089e00000, 0x0000000089e00000| Complete 
| 115|0x0000000089f00000, 0x000000008a000000, 0x000000008a000000|100%| E|CS|TAMS 0x0000000089f00000, 0x0000000089f00000| Complete 
| 116|0x000000008a000000, 0x000000008a100000, 0x000000008a100000|100%| E|CS|TAMS 0x000000008a000000, 0x000000008a000000| Complete 
| 117|0x000000008a100000, 0x000000008a200000, 0x000000008a200000|100%| E|CS|TAMS 0x000000008a100000, 0x000000008a100000| Complete 
| 118|0x000000008a200000, 0x000000008a300000, 0x000000008a300000|100%| E|CS|TAMS 0x000000008a200000, 0x000000008a200000| Complete 
| 119|0x000000008a300000, 0x000000008a400000, 0x000000008a400000|100%| E|CS|TAMS 0x000000008a300000, 0x000000008a300000| Complete 
| 120|0x000000008a400000, 0x000000008a500000, 0x000000008a500000|100%| E|CS|TAMS 0x000000008a400000, 0x000000008a400000| Complete 
| 121|0x000000008a500000, 0x000000008a600000, 0x000000008a600000|100%| E|CS|TAMS 0x000000008a500000, 0x000000008a500000| Complete 
| 122|0x000000008a600000, 0x000000008a700000, 0x000000008a700000|100%| E|CS|TAMS 0x000000008a600000, 0x000000008a600000| Complete 
| 123|0x000000008a700000, 0x000000008a800000, 0x000000008a800000|100%| E|CS|TAMS 0x000000008a700000, 0x000000008a700000| Complete 
| 124|0x000000008a800000, 0x000000008a900000, 0x000000008a900000|100%| E|CS|TAMS 0x000000008a800000, 0x000000008a800000| Complete 
| 125|0x000000008a900000, 0x000000008aa00000, 0x000000008aa00000|100%| E|CS|TAMS 0x000000008a900000, 0x000000008a900000| Complete 

Card table byte_map: [0x00000250bdaf0000,0x00000250bdee0000] _byte_map_base: 0x00000250bd6da000

Marking Bits (Prev, Next): (CMBitMap*) 0x00000250a6b639a0, (CMBitMap*) 0x00000250a6b639e0
 Prev Bits: [0x00000250be2d0000, 0x00000250c0220000)
 Next Bits: [0x00000250c0220000, 0x00000250c2170000)

Polling page: 0x00000250a62d0000

Metaspace:

Usage:
  Non-class:      2.95 MB used.
      Class:    356.66 KB used.
       Both:      3.30 MB used.

Virtual space:
  Non-class space:       64.00 MB reserved,       3.00 MB (  5%) committed,  1 nodes.
      Class space:        1.00 GB reserved,     384.00 KB ( <1%) committed,  1 nodes.
             Both:        1.06 GB reserved,       3.38 MB ( <1%) committed. 

Chunk freelists:
   Non-Class:  10.38 MB
       Class:  15.50 MB
        Both:  25.88 MB

MaxMetaspaceSize: unlimited
CompressedClassSpaceSize: 1.00 GB
Initial GC threshold: 21.00 MB
Current GC threshold: 21.00 MB
CDS: on
MetaspaceReclaimPolicy: balanced
 - commit_granule_bytes: 65536.
 - commit_granule_words: 8192.
 - virtual_space_node_default_size: 8388608.
 - enlarge_chunks_in_place: 1.
 - new_chunks_are_fully_committed: 0.
 - uncommit_free_chunks: 1.
 - use_allocation_guard: 0.
 - handle_deallocations: 1.


Internal statistics:

num_allocs_failed_limit: 0.
num_arena_births: 36.
num_arena_deaths: 0.
num_vsnodes_births: 2.
num_vsnodes_deaths: 0.
num_space_committed: 54.
num_space_uncommitted: 0.
num_chunks_returned_to_freelist: 0.
num_chunks_taken_from_freelist: 136.
num_chunk_merges: 0.
num_chunk_splits: 84.
num_chunks_enlarged: 65.
num_inconsistent_stats: 0.

CodeHeap 'non-profiled nmethods': size=120000Kb used=247Kb max_used=247Kb free=119752Kb
 bounds [0x00000250b5e90000, 0x00000250b6100000, 0x00000250bd3c0000]
CodeHeap 'profiled nmethods': size=120000Kb used=1438Kb max_used=1438Kb free=118561Kb
 bounds [0x00000250ae3c0000, 0x00000250ae630000, 0x00000250b58f0000]
CodeHeap 'non-nmethods': size=5760Kb used=1137Kb max_used=1160Kb free=4622Kb
 bounds [0x00000250b58f0000, 0x00000250b5b60000, 0x00000250b5e90000]
 total_blobs=1167 nmethods=745 adapters=335
 compilation: enabled
              stopped_count=0, restarted_count=0
 full_count=0

Compilation events (20 events):
Event: 0.504 Thread 0x00000250c4b859d0 nmethod 716 0x00000250ae513b90 code [0x00000250ae513d80, 0x00000250ae514468]
Event: 0.504 Thread 0x00000250c4b859d0  717       1       java.lang.Module::getDescriptor (5 bytes)
Event: 0.505 Thread 0x00000250c4b859d0 nmethod 717 0x00000250b5ec6190 code [0x00000250b5ec6320, 0x00000250b5ec63f8]
Event: 0.505 Thread 0x00000250c4b859d0  718       1       java.lang.module.ModuleDescriptor::provides (5 bytes)
Event: 0.505 Thread 0x00000250c4b859d0 nmethod 718 0x00000250b5ec6490 code [0x00000250b5ec6620, 0x00000250b5ec66f8]
Event: 0.507 Thread 0x00000250c4b859d0  720   !   3       jdk.internal.loader.URLClassPath$JarLoader::checkResource (78 bytes)
Event: 0.508 Thread 0x00000250c4b859d0 nmethod 720 0x00000250ae514690 code [0x00000250ae5148e0, 0x00000250ae515308]
Event: 0.508 Thread 0x00000250c4b859d0  721       3       java.security.SecureClassLoader$CodeSourceKey::equals (60 bytes)
Event: 0.510 Thread 0x00000250c4b859d0 nmethod 721 0x00000250ae515790 code [0x00000250ae515980, 0x00000250ae516018]
Event: 0.510 Thread 0x00000250c4b859d0  722       3       java.security.CodeSource::matchCerts (254 bytes)
Event: 0.511 Thread 0x00000250c4b859d0 nmethod 722 0x00000250ae516210 code [0x00000250ae516480, 0x00000250ae517018]
Event: 0.513 Thread 0x00000250c4b859d0  723       3       org.codehaus.plexus.classworlds.strategy.SelfFirstStrategy::loadClass (50 bytes)
Event: 0.513 Thread 0x000002510a771960 nmethod 674 0x00000250b5ec6790 code [0x00000250b5ec6a00, 0x00000250b5ec7fc0]
Event: 0.514 Thread 0x00000250c4b859d0 nmethod 723 0x00000250ae517410 code [0x00000250ae517640, 0x00000250ae518058]
Event: 0.514 Thread 0x000002510a771960  654       4       java.util.Objects::requireNonNull (15 bytes)
Event: 0.515 Thread 0x000002510a771960 nmethod 654 0x00000250b5ec8c10 code [0x00000250b5ec8d80, 0x00000250b5ec8df8]
Event: 0.515 Thread 0x000002510a771960  658   !   4       java.util.zip.ZipFile::getEntry (59 bytes)
Event: 0.518 Thread 0x00000250c4b859d0  724   !   3       jdk.internal.loader.BuiltinClassLoader::findClassOnClassPathOrNull (64 bytes)
Event: 0.520 Thread 0x00000250c4b859d0 nmethod 724 0x00000250ae518390 code [0x00000250ae518760, 0x00000250ae519f48]
Event: 0.523 Thread 0x00000250c4b859d0  725   !   3       java.nio.DirectLongBufferU::get (36 bytes)

GC Heap History (0 events):
No events

Deoptimization events (20 events):
Event: 0.344 Thread 0x00000250a6b06680 DEOPT PACKING pc=0x00000250ae3fa654 sp=0x000000dab67fe270
Event: 0.344 Thread 0x00000250a6b06680 DEOPT UNPACKING pc=0x00000250b5942b43 sp=0x000000dab67fd730 mode 0
Event: 0.351 Thread 0x00000250a6b06680 DEOPT PACKING pc=0x00000250ae3f3f56 sp=0x000000dab67fdcf0
Event: 0.351 Thread 0x00000250a6b06680 DEOPT UNPACKING pc=0x00000250b5942b43 sp=0x000000dab67fd190 mode 0
Event: 0.421 Thread 0x00000250a6b06680 Uncommon trap: trap_request=0xffffff45 fr.pc=0x00000250b5e9cb68 relative=0x0000000000000448
Event: 0.421 Thread 0x00000250a6b06680 Uncommon trap: reason=unstable_if action=reinterpret pc=0x00000250b5e9cb68 method=java.lang.StringLatin1.canEncode(I)Z @ 4 c2
Event: 0.422 Thread 0x00000250a6b06680 DEOPT PACKING pc=0x00000250b5e9cb68 sp=0x000000dab67fdd00
Event: 0.422 Thread 0x00000250a6b06680 DEOPT UNPACKING pc=0x00000250b59423a3 sp=0x000000dab67fdc28 mode 2
Event: 0.422 Thread 0x00000250a6b06680 Uncommon trap: trap_request=0xffffff45 fr.pc=0x00000250b5ea87cc relative=0x000000000000042c
Event: 0.422 Thread 0x00000250a6b06680 Uncommon trap: reason=unstable_if action=reinterpret pc=0x00000250b5ea87cc method=java.lang.AbstractStringBuilder.isLatin1()Z @ 10 c2
Event: 0.422 Thread 0x00000250a6b06680 DEOPT PACKING pc=0x00000250b5ea87cc sp=0x000000dab67fdd10
Event: 0.422 Thread 0x00000250a6b06680 DEOPT UNPACKING pc=0x00000250b59423a3 sp=0x000000dab67fdc90 mode 2
Event: 0.422 Thread 0x00000250a6b06680 Uncommon trap: trap_request=0xffffff45 fr.pc=0x00000250b5ea04dc relative=0x000000000000005c
Event: 0.422 Thread 0x00000250a6b06680 Uncommon trap: reason=unstable_if action=reinterpret pc=0x00000250b5ea04dc method=java.lang.AbstractStringBuilder.isLatin1()Z @ 10 c2
Event: 0.423 Thread 0x00000250a6b06680 DEOPT PACKING pc=0x00000250b5ea04dc sp=0x000000dab67fdcf0
Event: 0.423 Thread 0x00000250a6b06680 DEOPT UNPACKING pc=0x00000250b59423a3 sp=0x000000dab67fdc80 mode 2
Event: 0.442 Thread 0x00000250a6b06680 DEOPT PACKING pc=0x00000250ae3e05be sp=0x000000dab67fac90
Event: 0.442 Thread 0x00000250a6b06680 DEOPT UNPACKING pc=0x00000250b5942b43 sp=0x000000dab67fa108 mode 0
Event: 0.451 Thread 0x00000250a6b06680 DEOPT PACKING pc=0x00000250ae3f3768 sp=0x000000dab67fcdd0
Event: 0.451 Thread 0x00000250a6b06680 DEOPT UNPACKING pc=0x00000250b5942b43 sp=0x000000dab67fc260 mode 0

Classes unloaded (0 events):
No events

Classes redefined (0 events):
No events

Internal exceptions (18 events):
Event: 0.106 Thread 0x00000250a6b06680 Exception <a 'java/lang/NoSuchMethodError'{0x000000008a8b0c80}: 'int java.lang.invoke.DirectMethodHandle$Holder.invokeSpecial(java.lang.Object, java.lang.Object, java.lang.Object)'> (0x000000008a8b0c80) 
thrown [s\open\src\hotspot\share\interpreter\linkResolver.cpp, line 759]
Event: 0.235 Thread 0x00000250a6b06680 Exception <a 'java/lang/NoSuchMethodError'{0x000000008a550f10}: 'java.lang.Object java.lang.invoke.DirectMethodHandle$Holder.invokeStaticInit(java.lang.Object)'> (0x000000008a550f10) 
thrown [s\open\src\hotspot\share\interpreter\linkResolver.cpp, line 759]
Event: 0.246 Thread 0x00000250a6b06680 Exception <a 'java/lang/NullPointerException'{0x000000008a588ab8}> (0x000000008a588ab8) 
thrown [s\open\src\hotspot\share\interpreter\linkResolver.cpp, line 1350]
Event: 0.257 Thread 0x00000250a6b06680 Exception <a 'java/lang/NoSuchMethodError'{0x000000008a5b5eb8}: 'void java.lang.invoke.DirectMethodHandle$Holder.invokeStatic(java.lang.Object, long, java.lang.Object)'> (0x000000008a5b5eb8) 
thrown [s\open\src\hotspot\share\interpreter\linkResolver.cpp, line 759]
Event: 0.258 Thread 0x00000250a6b06680 Exception <a 'java/lang/NoSuchMethodError'{0x000000008a5bbf20}: 'java.lang.Object java.lang.invoke.DirectMethodHandle$Holder.newInvokeSpecial(java.lang.Object, long, java.lang.Object)'> (0x000000008a5bbf20) 
thrown [s\open\src\hotspot\share\interpreter\linkResolver.cpp, line 759]
Event: 0.260 Thread 0x00000250a6b06680 Exception <a 'java/lang/NullPointerException'{0x000000008a5c85e8}> (0x000000008a5c85e8) 
thrown [s\open\src\hotspot\share\interpreter\linkResolver.cpp, line 1350]
Event: 0.260 Thread 0x00000250a6b06680 Exception <a 'java/lang/NullPointerException'{0x000000008a5c88c0}> (0x000000008a5c88c0) 
thrown [s\open\src\hotspot\share\interpreter\linkResolver.cpp, line 1350]
Event: 0.260 Thread 0x00000250a6b06680 Exception <a 'java/lang/NullPointerException'{0x000000008a5c8b98}> (0x000000008a5c8b98) 
thrown [s\open\src\hotspot\share\interpreter\linkResolver.cpp, line 1350]
Event: 0.262 Thread 0x00000250a6b06680 Exception <a 'java/lang/NullPointerException'{0x000000008a5d0738}> (0x000000008a5d0738) 
thrown [s\open\src\hotspot\share\interpreter\linkResolver.cpp, line 1350]
Event: 0.267 Thread 0x00000250a6b06680 Exception <a 'java/lang/NullPointerException'{0x000000008a5e79a0}> (0x000000008a5e79a0) 
thrown [s\open\src\hotspot\share\interpreter\linkResolver.cpp, line 1350]
Event: 0.267 Thread 0x00000250a6b06680 Exception <a 'java/lang/NullPointerException'{0x000000008a5e7c78}> (0x000000008a5e7c78) 
thrown [s\open\src\hotspot\share\interpreter\linkResolver.cpp, line 1350]
Event: 0.267 Thread 0x00000250a6b06680 Exception <a 'java/lang/NullPointerException'{0x000000008a5e7f50}> (0x000000008a5e7f50) 
thrown [s\open\src\hotspot\share\interpreter\linkResolver.cpp, line 1350]
Event: 0.267 Thread 0x00000250a6b06680 Exception <a 'java/lang/NullPointerException'{0x000000008a5e8228}> (0x000000008a5e8228) 
thrown [s\open\src\hotspot\share\interpreter\linkResolver.cpp, line 1350]
Event: 0.281 Thread 0x00000250a6b06680 Exception <a 'java/lang/NoSuchMethodError'{0x000000008a4e86f8}: 'void java.lang.invoke.DirectMethodHandle$Holder.invokeVirtual(java.lang.Object, java.lang.Object)'> (0x000000008a4e86f8) 
thrown [s\open\src\hotspot\share\interpreter\linkResolver.cpp, line 759]
Event: 0.284 Thread 0x00000250a6b06680 Exception <a 'java/lang/NoSuchMethodError'{0x000000008a306de0}: 'void java.lang.invoke.DirectMethodHandle$Holder.invokeStatic(java.lang.Object, java.lang.Object)'> (0x000000008a306de0) 
thrown [s\open\src\hotspot\share\interpreter\linkResolver.cpp, line 759]
Event: 0.284 Thread 0x00000250a6b06680 Exception <a 'java/lang/NoSuchMethodError'{0x000000008a30a3e0}: 'void java.lang.invoke.DirectMethodHandle$Holder.invokeStaticInit(java.lang.Object, java.lang.Object)'> (0x000000008a30a3e0) 
thrown [s\open\src\hotspot\share\interpreter\linkResolver.cpp, line 759]
Event: 0.296 Thread 0x00000250a6b06680 Exception <a 'java/lang/NoSuchMethodError'{0x000000008a359ea8}: 'void java.lang.invoke.DirectMethodHandle$Holder.invokeStatic(java.lang.Object, java.lang.Object, java.lang.Object)'> (0x000000008a359ea8) 
thrown [s\open\src\hotspot\share\interpreter\linkResolver.cpp, line 759]
Event: 0.364 Thread 0x00000250a6b06680 Exception <a 'java/lang/NoSuchMethodError'{0x000000008a110bf0}: 'java.lang.Object java.lang.invoke.DirectMethodHandle$Holder.invokeSpecialIFC(java.lang.Object, java.lang.Object, java.lang.Object, java.lang.Object)'> (0x000000008a110bf0) 
thrown [s\open\src\hotspot\share\interpreter\linkResolver.cpp, line 759]

VM Operations (8 events):
Event: 0.065 Executing VM operation: HandshakeAllThreads
Event: 0.065 Executing VM operation: HandshakeAllThreads done
Event: 0.243 Executing VM operation: HandshakeAllThreads
Event: 0.243 Executing VM operation: HandshakeAllThreads done
Event: 0.256 Executing VM operation: HandshakeAllThreads
Event: 0.256 Executing VM operation: HandshakeAllThreads done
Event: 0.381 Executing VM operation: HandshakeAllThreads
Event: 0.381 Executing VM operation: HandshakeAllThreads done

Events (20 events):
Event: 0.385 loading class java/util/concurrent/locks/ReentrantReadWriteLock$Sync$ThreadLocalHoldCounter done
Event: 0.385 loading class java/util/concurrent/locks/ReentrantReadWriteLock$ReadLock
Event: 0.385 loading class java/util/concurrent/locks/ReentrantReadWriteLock$ReadLock done
Event: 0.385 loading class java/util/concurrent/locks/ReentrantReadWriteLock$WriteLock
Event: 0.385 loading class java/util/concurrent/locks/ReentrantReadWriteLock$WriteLock done
Event: 0.389 loading class java/text/ParseException
Event: 0.389 loading class java/text/ParseException done
Event: 0.395 loading class jdk/internal/module/ModulePatcher$PatchedModuleReader
Event: 0.395 loading class jdk/internal/module/ModulePatcher$PatchedModuleReader done
Event: 0.395 loading class sun/net/www/protocol/jrt/Handler
Event: 0.396 loading class sun/net/www/protocol/jrt/Handler done
Event: 0.420 loading class sun/text/resources/cldr/FormatData_en
Event: 0.420 loading class sun/text/resources/cldr/FormatData_en done
Event: 0.421 loading class sun/text/resources/cldr/FormatData_en_US
Event: 0.421 loading class sun/text/resources/cldr/FormatData_en_US done
Event: 0.452 Thread 0x000002510a771960 Thread added: 0x000002510a771960
Event: 0.476 loading class java/io/FilterReader
Event: 0.476 loading class java/io/FilterReader done
Event: 0.500 loading class java/util/concurrent/TimeUnit$1
Event: 0.500 loading class java/util/concurrent/TimeUnit$1 done


Dynamic libraries:
0x00007ff75aba0000 - 0x00007ff75abb0000 	C:\Program Files\Java\jdk-17\bin\java.exe
0x00007ff9221f0000 - 0x00007ff922408000 	C:\WINDOWS\SYSTEM32\ntdll.dll
0x00007ff9206f0000 - 0x00007ff9207b4000 	C:\WINDOWS\System32\KERNEL32.DLL
0x00007ff91f470000 - 0x00007ff91f843000 	C:\WINDOWS\System32\KERNELBASE.dll
0x00007ff91fd70000 - 0x00007ff91fe81000 	C:\WINDOWS\System32\ucrtbase.dll
0x00007ff917010000 - 0x00007ff91702b000 	C:\Program Files\Java\jdk-17\bin\VCRUNTIME140.dll
0x00007ff916f60000 - 0x00007ff916f79000 	C:\Program Files\Java\jdk-17\bin\jli.dll
0x00007ff920d80000 - 0x00007ff920e31000 	C:\WINDOWS\System32\ADVAPI32.dll
0x00007ff9202d0000 - 0x00007ff920377000 	C:\WINDOWS\System32\msvcrt.dll
0x00007ff921680000 - 0x00007ff921728000 	C:\WINDOWS\System32\sechost.dll
0x00007ff91fb60000 - 0x00007ff91fb88000 	C:\WINDOWS\System32\bcrypt.dll
0x00007ff9212c0000 - 0x00007ff9213d8000 	C:\WINDOWS\System32\RPCRT4.dll
0x00007ff920110000 - 0x00007ff9202c2000 	C:\WINDOWS\System32\USER32.dll
0x00007ff903980000 - 0x00007ff903c1c000 	C:\WINDOWS\WinSxS\amd64_microsoft.windows.common-controls_6595b64144ccf1df_6.0.22621.6060_none_2712eda17382d24b\COMCTL32.dll
0x00007ff91f970000 - 0x00007ff91f996000 	C:\WINDOWS\System32\win32u.dll
0x00007ff9207c0000 - 0x00007ff9207e9000 	C:\WINDOWS\System32\GDI32.dll
0x00007ff91f850000 - 0x00007ff91f96b000 	C:\WINDOWS\System32\gdi32full.dll
0x00007ff91fb90000 - 0x00007ff91fc2a000 	C:\WINDOWS\System32\msvcp_win.dll
0x00007ff9174f0000 - 0x00007ff9174fa000 	C:\WINDOWS\SYSTEM32\VERSION.dll
0x00007ff920380000 - 0x00007ff9203b1000 	C:\WINDOWS\System32\IMM32.DLL
0x00007ff91bfc0000 - 0x00007ff91bfcc000 	C:\Program Files\Java\jdk-17\bin\vcruntime140_1.dll
0x00007ff9067d0000 - 0x00007ff90685e000 	C:\Program Files\Java\jdk-17\bin\msvcp140.dll
0x00007ff8c3e10000 - 0x00007ff8c49f0000 	C:\Program Files\Java\jdk-17\bin\server\jvm.dll
0x00007ff920520000 - 0x00007ff920528000 	C:\WINDOWS\System32\PSAPI.DLL
0x00007ff8fb810000 - 0x00007ff8fb819000 	C:\WINDOWS\SYSTEM32\WSOCK32.dll
0x00007ff920670000 - 0x00007ff9206e1000 	C:\WINDOWS\System32\WS2_32.dll
0x00007ff9198b0000 - 0x00007ff9198e4000 	C:\WINDOWS\SYSTEM32\WINMM.dll
0x00007ff91e2a0000 - 0x00007ff91e2b8000 	C:\WINDOWS\SYSTEM32\kernel.appcore.dll
0x00007ff917160000 - 0x00007ff91716a000 	C:\Program Files\Java\jdk-17\bin\jimage.dll
0x00007ff91c660000 - 0x00007ff91c893000 	C:\WINDOWS\SYSTEM32\DBGHELP.DLL
0x00007ff9209e0000 - 0x00007ff920d71000 	C:\WINDOWS\System32\combase.dll
0x00007ff9215a0000 - 0x00007ff921678000 	C:\WINDOWS\System32\OLEAUT32.dll
0x00007ff901d30000 - 0x00007ff901d62000 	C:\WINDOWS\SYSTEM32\dbgcore.DLL
0x00007ff91fae0000 - 0x00007ff91fb5b000 	C:\WINDOWS\System32\bcryptPrimitives.dll
0x00007ff910d10000 - 0x00007ff910d35000 	C:\Program Files\Java\jdk-17\bin\java.dll
0x00007ff905da0000 - 0x00007ff905e77000 	C:\Program Files\Java\jdk-17\bin\jsvml.dll
0x00007ff921730000 - 0x00007ff921fcc000 	C:\WINDOWS\System32\SHELL32.dll
0x00007ff91f9a0000 - 0x00007ff91fadf000 	C:\WINDOWS\System32\wintypes.dll
0x00007ff91d1b0000 - 0x00007ff91daca000 	C:\WINDOWS\SYSTEM32\windows.storage.dll
0x00007ff922050000 - 0x00007ff922154000 	C:\WINDOWS\System32\SHCORE.dll
0x00007ff9200a0000 - 0x00007ff920109000 	C:\WINDOWS\System32\shlwapi.dll
0x00007ff91f230000 - 0x00007ff91f255000 	C:\WINDOWS\SYSTEM32\profapi.dll
0x00007ff916ed0000 - 0x00007ff916ee9000 	C:\Program Files\Java\jdk-17\bin\net.dll
0x00007ff91ab80000 - 0x00007ff91acac000 	C:\WINDOWS\SYSTEM32\WINHTTP.dll
0x00007ff91e760000 - 0x00007ff91e7c9000 	C:\WINDOWS\system32\mswsock.dll
0x00007ff916e70000 - 0x00007ff916e86000 	C:\Program Files\Java\jdk-17\bin\nio.dll
0x00007ff907db0000 - 0x00007ff907dc8000 	C:\Program Files\Java\jdk-17\bin\zip.dll
0x00007ff9059e0000 - 0x00007ff905a04000 	C:\Users\BOND-FILS\.m2\wrapper\dists\apache-maven-3.9.12\59fe215c0ad6947fea90184bf7add084544567b927287592651fda3782e0e798\lib\jansi-native\Windows\x86_64\jansi.dll
0x00007ff907330000 - 0x00007ff907340000 	C:\Program Files\Java\jdk-17\bin\verify.dll

dbghelp: loaded successfully - version: 4.0.5 - missing functions: none
symbol engine: initialized successfully - sym options: 0x614 - pdb path: .;C:\Program Files\Java\jdk-17\bin;C:\WINDOWS\SYSTEM32;C:\WINDOWS\WinSxS\amd64_microsoft.windows.common-controls_6595b64144ccf1df_6.0.22621.6060_none_2712eda17382d24b;C:\Program Files\Java\jdk-17\bin\server;C:\Users\BOND-FILS\.m2\wrapper\dists\apache-maven-3.9.12\59fe215c0ad6947fea90184bf7add084544567b927287592651fda3782e0e798\lib\jansi-native\Windows\x86_64

VM Arguments:
jvm_args: --enable-native-access=ALL-UNNAMED -Dclassworlds.conf=C:\Users\BOND-FILS\.m2\wrapper\dists\apache-maven-3.9.12\59fe215c0ad6947fea90184bf7add084544567b927287592651fda3782e0e798\bin\m2.conf -Dmaven.home=C:\Users\BOND-FILS\.m2\wrapper\dists\apache-maven-3.9.12\59fe215c0ad6947fea90184bf7add084544567b927287592651fda3782e0e798 -Dlibrary.jansi.path=C:\Users\BOND-FILS\.m2\wrapper\dists\apache-maven-3.9.12\59fe215c0ad6947fea90184bf7add084544567b927287592651fda3782e0e798\lib\jansi-native -Dmaven.multiModuleProjectDirectory=C:\Users\BOND-FILS\Downloads\simccs\simccs 
java_command: org.codehaus.plexus.classworlds.launcher.Launcher clean compile
java_class_path (initial): C:\Users\BOND-FILS\.m2\wrapper\dists\apache-maven-3.9.12\59fe215c0ad6947fea90184bf7add084544567b927287592651fda3782e0e798\boot\plexus-classworlds-2.9.0.jar
Launcher Type: SUN_STANDARD

[Global flags]
     intx CICompilerCount                          = 4                                         {product} {ergonomic}
     uint ConcGCThreads                            = 2                                         {product} {ergonomic}
     uint G1ConcRefinementThreads                  = 8                                         {product} {ergonomic}
   size_t G1HeapRegionSize                         = 1048576                                   {product} {ergonomic}
    uintx GCDrainStackTargetSize                   = 64                                        {product} {ergonomic}
   size_t InitialHeapSize                          = 132120576                                 {product} {ergonomic}
   size_t MarkStackSize                            = 4194304                                   {product} {ergonomic}
   size_t MaxHeapSize                              = 2101346304                                {product} {ergonomic}
   size_t MaxNewSize                               = 1260388352                                {product} {ergonomic}
   size_t MinHeapDeltaBytes                        = 1048576                                   {product} {ergonomic}
   size_t MinHeapSize                              = 8388608                                   {product} {ergonomic}
    uintx NonNMethodCodeHeapSize                   = 5839372                                {pd product} {ergonomic}
    uintx NonProfiledCodeHeapSize                  = 122909434                              {pd product} {ergonomic}
    uintx ProfiledCodeHeapSize                     = 122909434                              {pd product} {ergonomic}
    uintx ReservedCodeCacheSize                    = 251658240                              {pd product} {ergonomic}
     bool SegmentedCodeCache                       = true                                      {product} {ergonomic}
   size_t SoftMaxHeapSize                          = 2101346304                             {manageable} {ergonomic}
     bool UseCompressedClassPointers               = true                           {product lp64_product} {ergonomic}
     bool UseCompressedOops                        = true                           {product lp64_product} {ergonomic}
     bool UseG1GC                                  = true                                      {product} {ergonomic}
     bool UseLargePagesIndividualAllocation        = false                                  {pd product} {ergonomic}

Logging:
Log output configuration:
 #0: stdout all=warning uptime,level,tags
 #1: stderr all=off uptime,level,tags

Environment Variables:
JAVA_HOME=C:\Program Files\Java\jdk-17
PATH=C:\Program Files\Common Files\Oracle\Java\javapath;E:\Oracle_21c\WINDOWS.X64_213000_db_home\bin;C:\Python313\Scripts\;C:\Python313\;C:\Program Files (x86)\Common Files\Oracle\Java\javapath;C:\WINDOWS\system32;C:\WINDOWS;C:\WINDOWS\System32\Wbem;C:\WINDOWS\System32\WindowsPowerShell\v1.0\;C:\WINDOWS\System32\OpenSSH\;C:\Program Files\Git\cmd;C:\Program Files\Git\bin;C:\Program Files\dotnet\;C:\Program Files\Java\jdk1.8.0_202\bin;C:\Program Files\nodejs\;C:\ProgramData\chocolatey\bin;C:\Program Files\Microsoft SQL Server\120\Tools\Binn\;C:\Program Files\Microsoft SQL Server\Client SDK\ODBC\110\Tools\Binn\;C:\Program Files (x86)\Microsoft SQL Server\120\Tools\Binn\;C:\Program Files\Microsoft SQL Server\120\DTS\Binn\;C:\Program Files (x86)\Microsoft SQL Server\120\Tools\Binn\ManagementStudio\;C:\Program Files (x86)\Microsoft SQL Server\120\DTS\Binn\;C:\Program Files\Microsoft SQL Server\Client SDK\ODBC\170\Tools\Binn\;C:\Users\BOND-FILS\Downloads\apache-maven-3.9.11\bin;C:\minio;C:\Program Files\MySQL\MySQL Server 8.0\bin;C:\Program Files\MySQL\MySQL Shell 8.0\bin\;C:\Users\BOND-FILS\AppData\Local\Microsoft\WindowsApps;C:\Users\BOND-FILS\AppData\Local\Programs\Microsoft VS Code\bin;C:\Users\BOND-FILS\.dotnet\tools;C:\Users\BOND-FILS\AppData\Roaming\npm;C:\Users\BOND-FILS\AppData\Roaming\Python\Python313\Scripts;C:\Program Files\JetBrains\IntelliJ IDEA 2025.3.2\bin;C:\Users\BOND-FILS\AppData\Local\Programs\Antigravity\bin
USERNAME=BOND-FILS
LANG=en_US.UTF-8
OS=Windows_NT
PROCESSOR_IDENTIFIER=Intel64 Family 6 Model 142 Stepping 12, GenuineIntel



---------------  S Y S T E M  ---------------

OS:
 Windows 11 , 64 bit Build 22621 (10.0.22621.5415)
OS uptime: 2 days 3:46 hours
Hyper-V role detected

CPU: total 8 (initial active 8) (4 cores per cpu, 2 threads per core) family 6 model 142 stepping 12 microcode 0xf8, cx8, cmov, fxsr, ht, mmx, 3dnowpref, sse, sse2, sse3, ssse3, sse4.1, sse4.2, popcnt, lzcnt, tsc, tscinvbit, avx, avx2, aes, erms, clmul, bmi1, bmi2, adx, fma, vzeroupper, clflush, clflushopt, hv

Memory: 4k page, system-wide physical 8008M (427M free)
TotalPageFile size 14491M (AvailPageFile size 1M)
current process WorkingSet (physical memory assigned to process): 66M, peak: 66M
current process commit charge ("private bytes"): 226M, peak: 226M

vm_info: Java HotSpot(TM) 64-Bit Server VM (17.0.12+8-LTS-286) for windows-amd64 JRE (17.0.12+8-LTS-286), built on Jun  5 2024 06:46:59 by "mach5one" with MS VC++ 17.6 (VS2022)

END.
