#
# There is insufficient memory for the Java Runtime Environment to continue.
# Native memory allocation (malloc) failed to allocate 879136 bytes for Chunk::new
# Possible reasons:
#   The system is out of physical RAM or swap space
#   The process is running with CompressedOops enabled, and the Java Heap may be blocking the growth of the native heap
# Possible solutions:
#   Reduce memory load on the system
#   Increase physical memory or swap space
#   Check if swap backing store is full
#   Decrease Java heap size (-Xmx/-Xms)
#   Decrease number of Java threads
#   Decrease Java thread stack sizes (-Xss)
#   Set larger code cache with -XX:ReservedCodeCacheSize=
#   JVM is running with Unscaled Compressed Oops mode in which the Java heap is
#     placed in the first 4GB address space. The Java Heap base address is the
#     maximum limit for the native heap growth. Please use -XX:HeapBaseMinAddress
#     to set the Java Heap base and to place the Java Heap above 4GB virtual address.
# This output file may be truncated or incomplete.
#
#  Out of Memory Error (arena.cpp:189), pid=1376, tid=19368
#
# JRE version: Java(TM) SE Runtime Environment (17.0.12+8) (build 17.0.12+8-LTS-286)
# Java VM: Java HotSpot(TM) 64-Bit Server VM (17.0.12+8-LTS-286, mixed mode, sharing, tiered, compressed oops, compressed class ptrs, g1 gc, windows-amd64)
# No core dump will be written. Minidumps are not enabled by default on client versions of Windows
#

---------------  S U M M A R Y ------------

Command Line: --enable-native-access=ALL-UNNAMED -Dclassworlds.conf=C:\Users\BOND-FILS\Downloads\apache-maven-3.9.11\bin\m2.conf -Dmaven.home=C:\Users\BOND-FILS\Downloads\apache-maven-3.9.11 -Dlibrary.jansi.path=C:\Users\BOND-FILS\Downloads\apache-maven-3.9.11\lib\jansi-native -Dmaven.multiModuleProjectDirectory=C:\Users\BOND-FILS\Downloads\simccs\simccs org.codehaus.plexus.classworlds.launcher.Launcher test -Dtest=SecurityServiceTest

Host: Intel(R) Core(TM) i5-8265U CPU @ 1.60GHz, 8 cores, 7G,  Windows 11 , 64 bit Build 22621 (10.0.22621.5415)
Time: Mon Mar 16 13:00:25 2026 Egypt Standard Time elapsed time: 61.575054 seconds (0d 0h 1m 1s)

---------------  T H R E A D  ---------------

Current thread (0x00000230721b00b0):  JavaThread "C2 CompilerThread0" daemon [_thread_in_native, id=19368, stack(0x00000052af300000,0x00000052af400000)]


Current CompileTask:
C2:  61575 8645       4       com.sun.tools.javac.comp.Check::checkType (168 bytes)

Stack: [0x00000052af300000,0x00000052af400000]
Native frames: (J=compiled Java code, j=interpreted, Vv=VM code, C=native code)
V  [jvm.dll+0x67a04a]
V  [jvm.dll+0x7da4ed]
V  [jvm.dll+0x7dbe33]
V  [jvm.dll+0x7dc4a3]
V  [jvm.dll+0x24508f]
V  [jvm.dll+0xab773]
V  [jvm.dll+0xabd3c]
V  [jvm.dll+0x361bee]
V  [jvm.dll+0x32c431]
V  [jvm.dll+0x32b8ca]
V  [jvm.dll+0x21683f]
V  [jvm.dll+0x215c6f]
V  [jvm.dll+0x1a2960]
V  [jvm.dll+0x22610b]
V  [jvm.dll+0x2242ab]
V  [jvm.dll+0x79075c]
V  [jvm.dll+0x78abea]
V  [jvm.dll+0x678f35]
C  [ucrtbase.dll+0x29333]
C  [KERNEL32.DLL+0x1259d]
C  [ntdll.dll+0x5af78]


---------------  P R O C E S S  ---------------

Threads class SMR info:
_java_thread_list=0x0000023072d3bf10, length=13, elements={
0x0000023054144a20, 0x0000023072193560, 0x00000230721943e0, 0x00000230721ab4c0,
0x00000230721adf90, 0x00000230721ae950, 0x00000230721af310, 0x00000230721b00b0,
0x00000230721b0b60, 0x00000230721b5980, 0x00000230723efd90, 0x00000230723fa540,
0x00000230771b71b0
}

Java Threads: ( => current thread )
  0x0000023054144a20 JavaThread "main" [_thread_in_native, id=15476, stack(0x00000052ae600000,0x00000052ae700000)]
  0x0000023072193560 JavaThread "Reference Handler" daemon [_thread_blocked, id=18840, stack(0x00000052aed00000,0x00000052aee00000)]
  0x00000230721943e0 JavaThread "Finalizer" daemon [_thread_blocked, id=5788, stack(0x00000052aee00000,0x00000052aef00000)]
  0x00000230721ab4c0 JavaThread "Signal Dispatcher" daemon [_thread_blocked, id=17296, stack(0x00000052aef00000,0x00000052af000000)]
  0x00000230721adf90 JavaThread "Attach Listener" daemon [_thread_blocked, id=14712, stack(0x00000052af000000,0x00000052af100000)]
  0x00000230721ae950 JavaThread "Service Thread" daemon [_thread_blocked, id=2436, stack(0x00000052af100000,0x00000052af200000)]
  0x00000230721af310 JavaThread "Monitor Deflation Thread" daemon [_thread_blocked, id=14692, stack(0x00000052af200000,0x00000052af300000)]
=>0x00000230721b00b0 JavaThread "C2 CompilerThread0" daemon [_thread_in_native, id=19368, stack(0x00000052af300000,0x00000052af400000)]
  0x00000230721b0b60 JavaThread "C1 CompilerThread0" daemon [_thread_blocked, id=15440, stack(0x00000052af400000,0x00000052af500000)]
  0x00000230721b5980 JavaThread "Sweeper thread" daemon [_thread_blocked, id=13556, stack(0x00000052af500000,0x00000052af600000)]
  0x00000230723efd90 JavaThread "Notification Thread" daemon [_thread_blocked, id=14268, stack(0x00000052af600000,0x00000052af700000)]
  0x00000230723fa540 JavaThread "Common-Cleaner" daemon [_thread_blocked, id=12888, stack(0x00000052af800000,0x00000052af900000)]
  0x00000230771b71b0 JavaThread "Thread-1" daemon [_thread_blocked, id=17008, stack(0x00000052b0000000,0x00000052b0100000)]

Other Threads:
  0x000002307218edc0 VMThread "VM Thread" [stack: 0x00000052aec00000,0x00000052aed00000] [id=18832]
  0x00000230723f82a0 WatcherThread [stack: 0x00000052af700000,0x00000052af800000] [id=13876]
  0x00000230541a0990 GCTaskThread "GC Thread#0" [stack: 0x00000052ae700000,0x00000052ae800000] [id=3256]
  0x0000023072d04720 GCTaskThread "GC Thread#1" [stack: 0x00000052af900000,0x00000052afa00000] [id=17392]
  0x0000023072d99fb0 GCTaskThread "GC Thread#2" [stack: 0x00000052afa00000,0x00000052afb00000] [id=740]
  0x0000023072d59f50 GCTaskThread "GC Thread#3" [stack: 0x00000052afb00000,0x00000052afc00000] [id=15032]
  0x0000023072d5a210 GCTaskThread "GC Thread#4" [stack: 0x00000052afc00000,0x00000052afd00000] [id=5360]
  0x0000023072de9de0 GCTaskThread "GC Thread#5" [stack: 0x00000052afd00000,0x00000052afe00000] [id=10572]
  0x0000023072dea0a0 GCTaskThread "GC Thread#6" [stack: 0x00000052afe00000,0x00000052aff00000] [id=5388]
  0x0000023072ada530 GCTaskThread "GC Thread#7" [stack: 0x00000052aff00000,0x00000052b0000000] [id=18768]
  0x00000230541b1360 ConcurrentGCThread "G1 Main Marker" [stack: 0x00000052ae800000,0x00000052ae900000] [id=15020]
  0x00000230541b1d70 ConcurrentGCThread "G1 Conc#0" [stack: 0x00000052ae900000,0x00000052aea00000] [id=16664]
  0x0000023072ada7f0 ConcurrentGCThread "G1 Conc#1" [stack: 0x00000052b0100000,0x00000052b0200000] [id=14076]
  0x00000230720524c0 ConcurrentGCThread "G1 Refine#0" [stack: 0x00000052aea00000,0x00000052aeb00000] [id=16512]
  0x0000023072736f60 ConcurrentGCThread "G1 Refine#1" [stack: 0x00000052b0200000,0x00000052b0300000] [id=8992]
  0x0000023072ec6050 ConcurrentGCThread "G1 Refine#2" [stack: 0x00000052b0300000,0x00000052b0400000] [id=18984]
  0x0000023072ec6630 ConcurrentGCThread "G1 Refine#3" [stack: 0x00000052ae400000,0x00000052ae500000] [id=17932]
  0x0000023072052ef0 ConcurrentGCThread "G1 Service" [stack: 0x00000052aeb00000,0x00000052aec00000] [id=7836]

Threads with active compile tasks:
C2 CompilerThread0    61646 8645       4       com.sun.tools.javac.comp.Check::checkType (168 bytes)

VM state: not at safepoint (normal execution)

VM Mutex/Monitor currently owned by a thread: None

Heap address: 0x0000000082c00000, size: 2004 MB, Compressed Oops mode: 32-bit

CDS archive(s) mapped at: [0x0000023000000000-0x0000023000bd0000-0x0000023000bd0000), size 12386304, SharedBaseAddress: 0x0000023000000000, ArchiveRelocationMode: 1.
Compressed class space mapped at: 0x0000023001000000-0x0000023041000000, reserved size: 1073741824
Narrow klass base: 0x0000023000000000, Narrow klass shift: 0, Narrow klass range: 0x100000000

GC Precious Log:
 CPUs: 8 total, 8 available
 Memory: 8008M
 Large Page Support: Disabled
 NUMA Support: Disabled
 Compressed Oops: Enabled (32-bit)
 Heap Region Size: 1M
 Heap Min Capacity: 8M
 Heap Initial Capacity: 126M
 Heap Max Capacity: 2004M
 Pre-touch: Disabled
 Parallel Workers: 8
 Concurrent Workers: 2
 Concurrent Refinement Workers: 8
 Periodic GC: Disabled

Heap:
 garbage-first heap   total 235520K, used 80937K [0x0000000082c00000, 0x0000000100000000)
  region size 1024K, 33 young (33792K), 11 survivors (11264K)
 Metaspace       used 31846K, committed 32192K, reserved 1114112K
  class space    used 3563K, committed 3712K, reserved 1048576K

Heap Regions: E=young(eden), S=young(survivor), O=old, HS=humongous(starts), HC=humongous(continues), CS=collection set, F=free, OA=open archive, CA=closed archive, TAMS=top-at-mark-start (previous, next)
|   0|0x0000000082c00000, 0x0000000082d00000, 0x0000000082d00000|100%| O|  |TAMS 0x0000000082d00000, 0x0000000082c00000| Untracked 
|   1|0x0000000082d00000, 0x0000000082e00000, 0x0000000082e00000|100%| O|  |TAMS 0x0000000082e00000, 0x0000000082d00000| Untracked 
|   2|0x0000000082e00000, 0x0000000082f00000, 0x0000000082f00000|100%| O|  |TAMS 0x0000000082f00000, 0x0000000082e00000| Untracked 
|   3|0x0000000082f00000, 0x0000000083000000, 0x0000000083000000|100%| O|  |TAMS 0x0000000083000000, 0x0000000082f00000| Untracked 
|   4|0x0000000083000000, 0x0000000083100000, 0x0000000083100000|100%| O|  |TAMS 0x0000000083100000, 0x0000000083000000| Untracked 
|   5|0x0000000083100000, 0x0000000083200000, 0x0000000083200000|100%| O|  |TAMS 0x0000000083200000, 0x0000000083100000| Untracked 
|   6|0x0000000083200000, 0x0000000083300000, 0x0000000083300000|100%| O|  |TAMS 0x0000000083300000, 0x0000000083200000| Untracked 
|   7|0x0000000083300000, 0x0000000083400000, 0x0000000083400000|100%| O|  |TAMS 0x0000000083400000, 0x0000000083300000| Untracked 
|   8|0x0000000083400000, 0x0000000083500000, 0x0000000083500000|100%| O|  |TAMS 0x0000000083500000, 0x0000000083400000| Untracked 
|   9|0x0000000083500000, 0x0000000083600000, 0x0000000083600000|100%| O|  |TAMS 0x0000000083600000, 0x0000000083500000| Untracked 
|  10|0x0000000083600000, 0x0000000083700000, 0x0000000083700000|100%| O|  |TAMS 0x0000000083700000, 0x0000000083600000| Untracked 
|  11|0x0000000083700000, 0x0000000083800000, 0x0000000083800000|100%| O|  |TAMS 0x0000000083700000, 0x0000000083700000| Untracked 
|  12|0x0000000083800000, 0x0000000083900000, 0x0000000083900000|100%|HS|  |TAMS 0x0000000083800000, 0x0000000083800000| Complete 
|  13|0x0000000083900000, 0x0000000083a00000, 0x0000000083a00000|100%|HS|  |TAMS 0x0000000083900000, 0x0000000083900000| Complete 
|  14|0x0000000083a00000, 0x0000000083b00000, 0x0000000083b00000|100%| O|  |TAMS 0x0000000083a00000, 0x0000000083a00000| Untracked 
|  15|0x0000000083b00000, 0x0000000083c00000, 0x0000000083c00000|100%| O|  |TAMS 0x0000000083b00000, 0x0000000083b00000| Untracked 
|  16|0x0000000083c00000, 0x0000000083d00000, 0x0000000083d00000|100%| O|  |TAMS 0x0000000083c00000, 0x0000000083c00000| Untracked 
|  17|0x0000000083d00000, 0x0000000083e00000, 0x0000000083e00000|100%| O|  |TAMS 0x0000000083d00000, 0x0000000083d00000| Untracked 
|  18|0x0000000083e00000, 0x0000000083f00000, 0x0000000083f00000|100%| O|  |TAMS 0x0000000083e00000, 0x0000000083e00000| Untracked 
|  19|0x0000000083f00000, 0x0000000084000000, 0x0000000084000000|100%| O|  |TAMS 0x0000000083f00000, 0x0000000083f00000| Untracked 
|  20|0x0000000084000000, 0x0000000084100000, 0x0000000084100000|100%| O|  |TAMS 0x0000000084000000, 0x0000000084000000| Untracked 
|  21|0x0000000084100000, 0x0000000084200000, 0x0000000084200000|100%| O|  |TAMS 0x0000000084100000, 0x0000000084100000| Untracked 
|  22|0x0000000084200000, 0x0000000084300000, 0x0000000084300000|100%| O|  |TAMS 0x0000000084200000, 0x0000000084200000| Untracked 
|  23|0x0000000084300000, 0x0000000084400000, 0x0000000084400000|100%| O|  |TAMS 0x0000000084300000, 0x0000000084300000| Untracked 
|  24|0x0000000084400000, 0x0000000084500000, 0x0000000084500000|100%| O|  |TAMS 0x0000000084400000, 0x0000000084400000| Untracked 
|  25|0x0000000084500000, 0x0000000084600000, 0x0000000084600000|100%| O|  |TAMS 0x0000000084500000, 0x0000000084500000| Untracked 
|  26|0x0000000084600000, 0x0000000084700000, 0x0000000084700000|100%| O|  |TAMS 0x0000000084600000, 0x0000000084600000| Untracked 
|  27|0x0000000084700000, 0x0000000084800000, 0x0000000084800000|100%| O|  |TAMS 0x0000000084700000, 0x0000000084700000| Untracked 
|  28|0x0000000084800000, 0x0000000084900000, 0x0000000084900000|100%| O|  |TAMS 0x0000000084800000, 0x0000000084800000| Untracked 
|  29|0x0000000084900000, 0x0000000084a00000, 0x0000000084a00000|100%| O|  |TAMS 0x0000000084900000, 0x0000000084900000| Untracked 
|  30|0x0000000084a00000, 0x0000000084b00000, 0x0000000084b00000|100%| O|  |TAMS 0x0000000084a00000, 0x0000000084a00000| Untracked 
|  31|0x0000000084b00000, 0x0000000084c00000, 0x0000000084c00000|100%| O|  |TAMS 0x0000000084b00000, 0x0000000084b00000| Untracked 
|  32|0x0000000084c00000, 0x0000000084d00000, 0x0000000084d00000|100%| O|  |TAMS 0x0000000084c00000, 0x0000000084c00000| Untracked 
|  33|0x0000000084d00000, 0x0000000084e00000, 0x0000000084e00000|100%| O|  |TAMS 0x0000000084d00000, 0x0000000084d00000| Untracked 
|  34|0x0000000084e00000, 0x0000000084f00000, 0x0000000084f00000|100%| O|  |TAMS 0x0000000084e00000, 0x0000000084e00000| Untracked 
|  35|0x0000000084f00000, 0x0000000085000000, 0x0000000085000000|100%| O|  |TAMS 0x0000000084f00000, 0x0000000084f00000| Untracked 
|  36|0x0000000085000000, 0x0000000085100000, 0x0000000085100000|100%| O|  |TAMS 0x0000000085000000, 0x0000000085000000| Untracked 
|  37|0x0000000085100000, 0x0000000085200000, 0x0000000085200000|100%| O|  |TAMS 0x0000000085100000, 0x0000000085100000| Untracked 
|  38|0x0000000085200000, 0x00000000852c2a00, 0x0000000085300000| 76%| O|  |TAMS 0x0000000085200000, 0x0000000085200000| Untracked 
|  39|0x0000000085300000, 0x0000000085300000, 0x0000000085400000|  0%| F|  |TAMS 0x0000000085300000, 0x0000000085300000| Untracked 
|  40|0x0000000085400000, 0x0000000085400000, 0x0000000085500000|  0%| F|  |TAMS 0x0000000085400000, 0x0000000085400000| Untracked 
|  41|0x0000000085500000, 0x0000000085500000, 0x0000000085600000|  0%| F|  |TAMS 0x0000000085500000, 0x0000000085500000| Untracked 
|  42|0x0000000085600000, 0x0000000085600000, 0x0000000085700000|  0%| F|  |TAMS 0x0000000085600000, 0x0000000085600000| Untracked 
|  43|0x0000000085700000, 0x0000000085700000, 0x0000000085800000|  0%| F|  |TAMS 0x0000000085700000, 0x0000000085700000| Untracked 
|  44|0x0000000085800000, 0x0000000085800000, 0x0000000085900000|  0%| F|  |TAMS 0x0000000085800000, 0x0000000085800000| Untracked 
|  45|0x0000000085900000, 0x0000000085900000, 0x0000000085a00000|  0%| F|  |TAMS 0x0000000085900000, 0x0000000085900000| Untracked 
|  46|0x0000000085a00000, 0x0000000085a00000, 0x0000000085b00000|  0%| F|  |TAMS 0x0000000085a00000, 0x0000000085a00000| Untracked 
|  47|0x0000000085b00000, 0x0000000085c00000, 0x0000000085c00000|100%|HS|  |TAMS 0x0000000085c00000, 0x0000000085b00000| Complete 
|  48|0x0000000085c00000, 0x0000000085d00000, 0x0000000085d00000|100%|HC|  |TAMS 0x0000000085d00000, 0x0000000085c00000| Complete 
|  49|0x0000000085d00000, 0x0000000085d00000, 0x0000000085e00000|  0%| F|  |TAMS 0x0000000085d00000, 0x0000000085d00000| Untracked 
|  50|0x0000000085e00000, 0x0000000085e00000, 0x0000000085f00000|  0%| F|  |TAMS 0x0000000085e00000, 0x0000000085e00000| Untracked 
|  51|0x0000000085f00000, 0x0000000085f00000, 0x0000000086000000|  0%| F|  |TAMS 0x0000000085f00000, 0x0000000085f00000| Untracked 
|  52|0x0000000086000000, 0x0000000086000000, 0x0000000086100000|  0%| F|  |TAMS 0x0000000086000000, 0x0000000086000000| Untracked 
|  53|0x0000000086100000, 0x0000000086100000, 0x0000000086200000|  0%| F|  |TAMS 0x0000000086100000, 0x0000000086100000| Untracked 
|  54|0x0000000086200000, 0x0000000086200000, 0x0000000086300000|  0%| F|  |TAMS 0x0000000086200000, 0x0000000086200000| Untracked 
|  55|0x0000000086300000, 0x0000000086300000, 0x0000000086400000|  0%| F|  |TAMS 0x0000000086300000, 0x0000000086300000| Untracked 
|  56|0x0000000086400000, 0x0000000086400000, 0x0000000086500000|  0%| F|  |TAMS 0x0000000086400000, 0x0000000086400000| Untracked 
|  57|0x0000000086500000, 0x0000000086500000, 0x0000000086600000|  0%| F|  |TAMS 0x0000000086500000, 0x0000000086500000| Untracked 
|  58|0x0000000086600000, 0x0000000086600000, 0x0000000086700000|  0%| F|  |TAMS 0x0000000086600000, 0x0000000086600000| Untracked 
|  59|0x0000000086700000, 0x0000000086700000, 0x0000000086800000|  0%| F|  |TAMS 0x0000000086700000, 0x0000000086700000| Untracked 
|  60|0x0000000086800000, 0x0000000086800000, 0x0000000086900000|  0%| F|  |TAMS 0x0000000086800000, 0x0000000086800000| Untracked 
|  61|0x0000000086900000, 0x0000000086900000, 0x0000000086a00000|  0%| F|  |TAMS 0x0000000086900000, 0x0000000086900000| Untracked 
|  62|0x0000000086a00000, 0x0000000086a00000, 0x0000000086b00000|  0%| F|  |TAMS 0x0000000086a00000, 0x0000000086a00000| Untracked 
|  63|0x0000000086b00000, 0x0000000086b00000, 0x0000000086c00000|  0%| F|  |TAMS 0x0000000086b00000, 0x0000000086b00000| Untracked 
|  64|0x0000000086c00000, 0x0000000086c00000, 0x0000000086d00000|  0%| F|  |TAMS 0x0000000086c00000, 0x0000000086c00000| Untracked 
|  65|0x0000000086d00000, 0x0000000086d00000, 0x0000000086e00000|  0%| F|  |TAMS 0x0000000086d00000, 0x0000000086d00000| Untracked 
|  66|0x0000000086e00000, 0x0000000086e00000, 0x0000000086f00000|  0%| F|  |TAMS 0x0000000086e00000, 0x0000000086e00000| Untracked 
|  67|0x0000000086f00000, 0x0000000086f00000, 0x0000000087000000|  0%| F|  |TAMS 0x0000000086f00000, 0x0000000086f00000| Untracked 
|  68|0x0000000087000000, 0x0000000087000000, 0x0000000087100000|  0%| F|  |TAMS 0x0000000087000000, 0x0000000087000000| Untracked 
|  69|0x0000000087100000, 0x0000000087100000, 0x0000000087200000|  0%| F|  |TAMS 0x0000000087100000, 0x0000000087100000| Untracked 
|  70|0x0000000087200000, 0x0000000087200000, 0x0000000087300000|  0%| F|  |TAMS 0x0000000087200000, 0x0000000087200000| Untracked 
|  71|0x0000000087300000, 0x0000000087300000, 0x0000000087400000|  0%| F|  |TAMS 0x0000000087300000, 0x0000000087300000| Untracked 
|  72|0x0000000087400000, 0x0000000087400000, 0x0000000087500000|  0%| F|  |TAMS 0x0000000087400000, 0x0000000087400000| Untracked 
|  73|0x0000000087500000, 0x0000000087500000, 0x0000000087600000|  0%| F|  |TAMS 0x0000000087500000, 0x0000000087500000| Untracked 
|  74|0x0000000087600000, 0x0000000087600000, 0x0000000087700000|  0%| F|  |TAMS 0x0000000087600000, 0x0000000087600000| Untracked 
|  75|0x0000000087700000, 0x0000000087700000, 0x0000000087800000|  0%| F|  |TAMS 0x0000000087700000, 0x0000000087700000| Untracked 
|  76|0x0000000087800000, 0x0000000087800000, 0x0000000087900000|  0%| F|  |TAMS 0x0000000087800000, 0x0000000087800000| Untracked 
|  77|0x0000000087900000, 0x0000000087900000, 0x0000000087a00000|  0%| F|  |TAMS 0x0000000087900000, 0x0000000087900000| Untracked 
|  78|0x0000000087a00000, 0x0000000087a00000, 0x0000000087b00000|  0%| F|  |TAMS 0x0000000087a00000, 0x0000000087a00000| Untracked 
|  79|0x0000000087b00000, 0x0000000087b00000, 0x0000000087c00000|  0%| F|  |TAMS 0x0000000087b00000, 0x0000000087b00000| Untracked 
|  80|0x0000000087c00000, 0x0000000087c00000, 0x0000000087d00000|  0%| F|  |TAMS 0x0000000087c00000, 0x0000000087c00000| Untracked 
|  81|0x0000000087d00000, 0x0000000087d00000, 0x0000000087e00000|  0%| F|  |TAMS 0x0000000087d00000, 0x0000000087d00000| Untracked 
|  82|0x0000000087e00000, 0x0000000087e00000, 0x0000000087f00000|  0%| F|  |TAMS 0x0000000087e00000, 0x0000000087e00000| Untracked 
|  83|0x0000000087f00000, 0x0000000087f00000, 0x0000000088000000|  0%| F|  |TAMS 0x0000000087f00000, 0x0000000087f00000| Untracked 
|  84|0x0000000088000000, 0x0000000088000000, 0x0000000088100000|  0%| F|  |TAMS 0x0000000088000000, 0x0000000088000000| Untracked 
|  85|0x0000000088100000, 0x0000000088100000, 0x0000000088200000|  0%| F|  |TAMS 0x0000000088100000, 0x0000000088100000| Untracked 
|  86|0x0000000088200000, 0x0000000088200000, 0x0000000088300000|  0%| F|  |TAMS 0x0000000088200000, 0x0000000088200000| Untracked 
|  87|0x0000000088300000, 0x0000000088300000, 0x0000000088400000|  0%| F|  |TAMS 0x0000000088300000, 0x0000000088300000| Untracked 
|  88|0x0000000088400000, 0x0000000088400000, 0x0000000088500000|  0%| F|  |TAMS 0x0000000088400000, 0x0000000088400000| Untracked 
|  89|0x0000000088500000, 0x0000000088500000, 0x0000000088600000|  0%| F|  |TAMS 0x0000000088500000, 0x0000000088500000| Untracked 
|  90|0x0000000088600000, 0x0000000088600000, 0x0000000088700000|  0%| F|  |TAMS 0x0000000088600000, 0x0000000088600000| Untracked 
|  91|0x0000000088700000, 0x0000000088700000, 0x0000000088800000|  0%| F|  |TAMS 0x0000000088700000, 0x0000000088700000| Untracked 
|  92|0x0000000088800000, 0x0000000088847a10, 0x0000000088900000| 27%| S|CS|TAMS 0x0000000088800000, 0x0000000088800000| Complete 
|  93|0x0000000088900000, 0x0000000088a00000, 0x0000000088a00000|100%| S|CS|TAMS 0x0000000088900000, 0x0000000088900000| Complete 
|  94|0x0000000088a00000, 0x0000000088b00000, 0x0000000088b00000|100%| S|CS|TAMS 0x0000000088a00000, 0x0000000088a00000| Complete 
|  95|0x0000000088b00000, 0x0000000088c00000, 0x0000000088c00000|100%| S|CS|TAMS 0x0000000088b00000, 0x0000000088b00000| Complete 
|  96|0x0000000088c00000, 0x0000000088d00000, 0x0000000088d00000|100%| S|CS|TAMS 0x0000000088c00000, 0x0000000088c00000| Complete 
|  97|0x0000000088d00000, 0x0000000088e00000, 0x0000000088e00000|100%| S|CS|TAMS 0x0000000088d00000, 0x0000000088d00000| Complete 
|  98|0x0000000088e00000, 0x0000000088f00000, 0x0000000088f00000|100%| S|CS|TAMS 0x0000000088e00000, 0x0000000088e00000| Complete 
|  99|0x0000000088f00000, 0x0000000089000000, 0x0000000089000000|100%| S|CS|TAMS 0x0000000088f00000, 0x0000000088f00000| Complete 
| 100|0x0000000089000000, 0x0000000089100000, 0x0000000089100000|100%| S|CS|TAMS 0x0000000089000000, 0x0000000089000000| Complete 
| 101|0x0000000089100000, 0x0000000089200000, 0x0000000089200000|100%| S|CS|TAMS 0x0000000089100000, 0x0000000089100000| Complete 
| 102|0x0000000089200000, 0x0000000089200000, 0x0000000089300000|  0%| F|  |TAMS 0x0000000089200000, 0x0000000089200000| Untracked 
| 103|0x0000000089300000, 0x0000000089300000, 0x0000000089400000|  0%| F|  |TAMS 0x0000000089300000, 0x0000000089300000| Untracked 
| 104|0x0000000089400000, 0x0000000089400000, 0x0000000089500000|  0%| F|  |TAMS 0x0000000089400000, 0x0000000089400000| Untracked 
| 105|0x0000000089500000, 0x0000000089500000, 0x0000000089600000|  0%| F|  |TAMS 0x0000000089500000, 0x0000000089500000| Untracked 
| 106|0x0000000089600000, 0x0000000089600000, 0x0000000089700000|  0%| F|  |TAMS 0x0000000089600000, 0x0000000089600000| Untracked 
| 107|0x0000000089700000, 0x0000000089700000, 0x0000000089800000|  0%| F|  |TAMS 0x0000000089700000, 0x0000000089700000| Untracked 
| 108|0x0000000089800000, 0x0000000089800000, 0x0000000089900000|  0%| F|  |TAMS 0x0000000089800000, 0x0000000089800000| Untracked 
| 109|0x0000000089900000, 0x0000000089900000, 0x0000000089a00000|  0%| F|  |TAMS 0x0000000089900000, 0x0000000089900000| Untracked 
| 110|0x0000000089a00000, 0x0000000089b00000, 0x0000000089b00000|100%| S|CS|TAMS 0x0000000089a00000, 0x0000000089a00000| Complete 
| 111|0x0000000089b00000, 0x0000000089b00000, 0x0000000089c00000|  0%| F|  |TAMS 0x0000000089b00000, 0x0000000089b00000| Untracked 
| 112|0x0000000089c00000, 0x0000000089c00000, 0x0000000089d00000|  0%| F|  |TAMS 0x0000000089c00000, 0x0000000089c00000| Untracked 
| 113|0x0000000089d00000, 0x0000000089d00000, 0x0000000089e00000|  0%| F|  |TAMS 0x0000000089d00000, 0x0000000089d00000| Untracked 
| 114|0x0000000089e00000, 0x0000000089e00000, 0x0000000089f00000|  0%| F|  |TAMS 0x0000000089e00000, 0x0000000089e00000| Untracked 
| 115|0x0000000089f00000, 0x0000000089f00000, 0x000000008a000000|  0%| F|  |TAMS 0x0000000089f00000, 0x0000000089f00000| Untracked 
| 116|0x000000008a000000, 0x000000008a000000, 0x000000008a100000|  0%| F|  |TAMS 0x000000008a000000, 0x000000008a000000| Untracked 
| 117|0x000000008a100000, 0x000000008a100000, 0x000000008a200000|  0%| F|  |TAMS 0x000000008a100000, 0x000000008a100000| Untracked 
| 118|0x000000008a200000, 0x000000008a200000, 0x000000008a300000|  0%| F|  |TAMS 0x000000008a200000, 0x000000008a200000| Untracked 
| 119|0x000000008a300000, 0x000000008a300000, 0x000000008a400000|  0%| F|  |TAMS 0x000000008a300000, 0x000000008a300000| Untracked 
| 120|0x000000008a400000, 0x000000008a400000, 0x000000008a500000|  0%| F|  |TAMS 0x000000008a400000, 0x000000008a400000| Untracked 
| 121|0x000000008a500000, 0x000000008a500000, 0x000000008a600000|  0%| F|  |TAMS 0x000000008a500000, 0x000000008a500000| Untracked 
| 122|0x000000008a600000, 0x000000008a600000, 0x000000008a700000|  0%| F|  |TAMS 0x000000008a600000, 0x000000008a600000| Untracked 
| 123|0x000000008a700000, 0x000000008a700000, 0x000000008a800000|  0%| F|  |TAMS 0x000000008a700000, 0x000000008a700000| Untracked 
| 124|0x000000008a800000, 0x000000008a800000, 0x000000008a900000|  0%| F|  |TAMS 0x000000008a800000, 0x000000008a800000| Untracked 
| 125|0x000000008a900000, 0x000000008a900000, 0x000000008aa00000|  0%| F|  |TAMS 0x000000008a900000, 0x000000008a900000| Untracked 
| 126|0x000000008aa00000, 0x000000008aa00000, 0x000000008ab00000|  0%| F|  |TAMS 0x000000008aa00000, 0x000000008aa00000| Untracked 
| 127|0x000000008ab00000, 0x000000008ab00000, 0x000000008ac00000|  0%| F|  |TAMS 0x000000008ab00000, 0x000000008ab00000| Untracked 
| 128|0x000000008ac00000, 0x000000008ac00000, 0x000000008ad00000|  0%| F|  |TAMS 0x000000008ac00000, 0x000000008ac00000| Untracked 
| 129|0x000000008ad00000, 0x000000008ad00000, 0x000000008ae00000|  0%| F|  |TAMS 0x000000008ad00000, 0x000000008ad00000| Untracked 
| 130|0x000000008ae00000, 0x000000008ae00000, 0x000000008af00000|  0%| F|  |TAMS 0x000000008ae00000, 0x000000008ae00000| Untracked 
| 131|0x000000008af00000, 0x000000008af00000, 0x000000008b000000|  0%| F|  |TAMS 0x000000008af00000, 0x000000008af00000| Untracked 
| 132|0x000000008b000000, 0x000000008b000000, 0x000000008b100000|  0%| F|  |TAMS 0x000000008b000000, 0x000000008b000000| Untracked 
| 133|0x000000008b100000, 0x000000008b100000, 0x000000008b200000|  0%| F|  |TAMS 0x000000008b100000, 0x000000008b100000| Untracked 
| 134|0x000000008b200000, 0x000000008b200000, 0x000000008b300000|  0%| F|  |TAMS 0x000000008b200000, 0x000000008b200000| Untracked 
| 135|0x000000008b300000, 0x000000008b300000, 0x000000008b400000|  0%| F|  |TAMS 0x000000008b300000, 0x000000008b300000| Untracked 
| 136|0x000000008b400000, 0x000000008b400000, 0x000000008b500000|  0%| F|  |TAMS 0x000000008b400000, 0x000000008b400000| Untracked 
| 137|0x000000008b500000, 0x000000008b500000, 0x000000008b600000|  0%| F|  |TAMS 0x000000008b500000, 0x000000008b500000| Untracked 
| 138|0x000000008b600000, 0x000000008b600000, 0x000000008b700000|  0%| F|  |TAMS 0x000000008b600000, 0x000000008b600000| Untracked 
| 139|0x000000008b700000, 0x000000008b700000, 0x000000008b800000|  0%| F|  |TAMS 0x000000008b700000, 0x000000008b700000| Untracked 
| 140|0x000000008b800000, 0x000000008b800000, 0x000000008b900000|  0%| F|  |TAMS 0x000000008b800000, 0x000000008b800000| Untracked 
| 141|0x000000008b900000, 0x000000008b900000, 0x000000008ba00000|  0%| F|  |TAMS 0x000000008b900000, 0x000000008b900000| Untracked 
| 142|0x000000008ba00000, 0x000000008ba00000, 0x000000008bb00000|  0%| F|  |TAMS 0x000000008ba00000, 0x000000008ba00000| Untracked 
| 143|0x000000008bb00000, 0x000000008bb00000, 0x000000008bc00000|  0%| F|  |TAMS 0x000000008bb00000, 0x000000008bb00000| Untracked 
| 144|0x000000008bc00000, 0x000000008bc00000, 0x000000008bd00000|  0%| F|  |TAMS 0x000000008bc00000, 0x000000008bc00000| Untracked 
| 145|0x000000008bd00000, 0x000000008bd00000, 0x000000008be00000|  0%| F|  |TAMS 0x000000008bd00000, 0x000000008bd00000| Untracked 
| 146|0x000000008be00000, 0x000000008be00000, 0x000000008bf00000|  0%| F|  |TAMS 0x000000008be00000, 0x000000008be00000| Untracked 
| 147|0x000000008bf00000, 0x000000008bf00000, 0x000000008c000000|  0%| F|  |TAMS 0x000000008bf00000, 0x000000008bf00000| Untracked 
| 148|0x000000008c000000, 0x000000008c000000, 0x000000008c100000|  0%| F|  |TAMS 0x000000008c000000, 0x000000008c000000| Untracked 
| 149|0x000000008c100000, 0x000000008c100000, 0x000000008c200000|  0%| F|  |TAMS 0x000000008c100000, 0x000000008c100000| Untracked 
| 150|0x000000008c200000, 0x000000008c200000, 0x000000008c300000|  0%| F|  |TAMS 0x000000008c200000, 0x000000008c200000| Untracked 
| 151|0x000000008c300000, 0x000000008c300000, 0x000000008c400000|  0%| F|  |TAMS 0x000000008c300000, 0x000000008c300000| Untracked 
| 152|0x000000008c400000, 0x000000008c400000, 0x000000008c500000|  0%| F|  |TAMS 0x000000008c400000, 0x000000008c400000| Untracked 
| 153|0x000000008c500000, 0x000000008c500000, 0x000000008c600000|  0%| F|  |TAMS 0x000000008c500000, 0x000000008c500000| Untracked 
| 154|0x000000008c600000, 0x000000008c600000, 0x000000008c700000|  0%| F|  |TAMS 0x000000008c600000, 0x000000008c600000| Untracked 
| 155|0x000000008c700000, 0x000000008c700000, 0x000000008c800000|  0%| F|  |TAMS 0x000000008c700000, 0x000000008c700000| Untracked 
| 156|0x000000008c800000, 0x000000008c800000, 0x000000008c900000|  0%| F|  |TAMS 0x000000008c800000, 0x000000008c800000| Untracked 
| 157|0x000000008c900000, 0x000000008c900000, 0x000000008ca00000|  0%| F|  |TAMS 0x000000008c900000, 0x000000008c900000| Untracked 
| 158|0x000000008ca00000, 0x000000008ca00000, 0x000000008cb00000|  0%| F|  |TAMS 0x000000008ca00000, 0x000000008ca00000| Untracked 
| 159|0x000000008cb00000, 0x000000008cb00000, 0x000000008cc00000|  0%| F|  |TAMS 0x000000008cb00000, 0x000000008cb00000| Untracked 
| 160|0x000000008cc00000, 0x000000008cc00000, 0x000000008cd00000|  0%| F|  |TAMS 0x000000008cc00000, 0x000000008cc00000| Untracked 
| 161|0x000000008cd00000, 0x000000008cd00000, 0x000000008ce00000|  0%| F|  |TAMS 0x000000008cd00000, 0x000000008cd00000| Untracked 
| 162|0x000000008ce00000, 0x000000008ce00000, 0x000000008cf00000|  0%| F|  |TAMS 0x000000008ce00000, 0x000000008ce00000| Untracked 
| 163|0x000000008cf00000, 0x000000008cf00000, 0x000000008d000000|  0%| F|  |TAMS 0x000000008cf00000, 0x000000008cf00000| Untracked 
| 164|0x000000008d000000, 0x000000008d000000, 0x000000008d100000|  0%| F|  |TAMS 0x000000008d000000, 0x000000008d000000| Untracked 
| 165|0x000000008d100000, 0x000000008d100000, 0x000000008d200000|  0%| F|  |TAMS 0x000000008d100000, 0x000000008d100000| Untracked 
| 166|0x000000008d200000, 0x000000008d200000, 0x000000008d300000|  0%| F|  |TAMS 0x000000008d200000, 0x000000008d200000| Untracked 
| 167|0x000000008d300000, 0x000000008d300000, 0x000000008d400000|  0%| F|  |TAMS 0x000000008d300000, 0x000000008d300000| Untracked 
| 168|0x000000008d400000, 0x000000008d400000, 0x000000008d500000|  0%| F|  |TAMS 0x000000008d400000, 0x000000008d400000| Untracked 
| 169|0x000000008d500000, 0x000000008d500000, 0x000000008d600000|  0%| F|  |TAMS 0x000000008d500000, 0x000000008d500000| Untracked 
| 170|0x000000008d600000, 0x000000008d600000, 0x000000008d700000|  0%| F|  |TAMS 0x000000008d600000, 0x000000008d600000| Untracked 
| 171|0x000000008d700000, 0x000000008d700000, 0x000000008d800000|  0%| F|  |TAMS 0x000000008d700000, 0x000000008d700000| Untracked 
| 172|0x000000008d800000, 0x000000008d800000, 0x000000008d900000|  0%| F|  |TAMS 0x000000008d800000, 0x000000008d800000| Untracked 
| 173|0x000000008d900000, 0x000000008d900000, 0x000000008da00000|  0%| F|  |TAMS 0x000000008d900000, 0x000000008d900000| Untracked 
| 174|0x000000008da00000, 0x000000008da00000, 0x000000008db00000|  0%| F|  |TAMS 0x000000008da00000, 0x000000008da00000| Untracked 
| 175|0x000000008db00000, 0x000000008db00000, 0x000000008dc00000|  0%| F|  |TAMS 0x000000008db00000, 0x000000008db00000| Untracked 
| 176|0x000000008dc00000, 0x000000008dc00000, 0x000000008dd00000|  0%| F|  |TAMS 0x000000008dc00000, 0x000000008dc00000| Untracked 
| 177|0x000000008dd00000, 0x000000008dd00000, 0x000000008de00000|  0%| F|  |TAMS 0x000000008dd00000, 0x000000008dd00000| Untracked 
| 178|0x000000008de00000, 0x000000008de00000, 0x000000008df00000|  0%| F|  |TAMS 0x000000008de00000, 0x000000008de00000| Untracked 
| 179|0x000000008df00000, 0x000000008df00000, 0x000000008e000000|  0%| F|  |TAMS 0x000000008df00000, 0x000000008df00000| Untracked 
| 180|0x000000008e000000, 0x000000008e000000, 0x000000008e100000|  0%| F|  |TAMS 0x000000008e000000, 0x000000008e000000| Untracked 
| 181|0x000000008e100000, 0x000000008e100000, 0x000000008e200000|  0%| F|  |TAMS 0x000000008e100000, 0x000000008e100000| Untracked 
| 182|0x000000008e200000, 0x000000008e200000, 0x000000008e300000|  0%| F|  |TAMS 0x000000008e200000, 0x000000008e200000| Untracked 
| 183|0x000000008e300000, 0x000000008e300000, 0x000000008e400000|  0%| F|  |TAMS 0x000000008e300000, 0x000000008e300000| Untracked 
| 184|0x000000008e400000, 0x000000008e400000, 0x000000008e500000|  0%| F|  |TAMS 0x000000008e400000, 0x000000008e400000| Untracked 
| 185|0x000000008e500000, 0x000000008e500000, 0x000000008e600000|  0%| F|  |TAMS 0x000000008e500000, 0x000000008e500000| Untracked 
| 186|0x000000008e600000, 0x000000008e600000, 0x000000008e700000|  0%| F|  |TAMS 0x000000008e600000, 0x000000008e600000| Untracked 
| 187|0x000000008e700000, 0x000000008e700000, 0x000000008e800000|  0%| F|  |TAMS 0x000000008e700000, 0x000000008e700000| Untracked 
| 188|0x000000008e800000, 0x000000008e800000, 0x000000008e900000|  0%| F|  |TAMS 0x000000008e800000, 0x000000008e800000| Untracked 
| 189|0x000000008e900000, 0x000000008e900000, 0x000000008ea00000|  0%| F|  |TAMS 0x000000008e900000, 0x000000008e900000| Untracked 
| 190|0x000000008ea00000, 0x000000008ea00000, 0x000000008eb00000|  0%| F|  |TAMS 0x000000008ea00000, 0x000000008ea00000| Untracked 
| 191|0x000000008eb00000, 0x000000008eb00000, 0x000000008ec00000|  0%| F|  |TAMS 0x000000008eb00000, 0x000000008eb00000| Untracked 
| 192|0x000000008ec00000, 0x000000008ec00000, 0x000000008ed00000|  0%| F|  |TAMS 0x000000008ec00000, 0x000000008ec00000| Untracked 
| 193|0x000000008ed00000, 0x000000008ed00000, 0x000000008ee00000|  0%| F|  |TAMS 0x000000008ed00000, 0x000000008ed00000| Untracked 
| 194|0x000000008ee00000, 0x000000008ee00000, 0x000000008ef00000|  0%| F|  |TAMS 0x000000008ee00000, 0x000000008ee00000| Untracked 
| 195|0x000000008ef00000, 0x000000008ef00000, 0x000000008f000000|  0%| F|  |TAMS 0x000000008ef00000, 0x000000008ef00000| Untracked 
| 196|0x000000008f000000, 0x000000008f000000, 0x000000008f100000|  0%| F|  |TAMS 0x000000008f000000, 0x000000008f000000| Untracked 
| 197|0x000000008f100000, 0x000000008f100000, 0x000000008f200000|  0%| F|  |TAMS 0x000000008f100000, 0x000000008f100000| Untracked 
| 198|0x000000008f200000, 0x000000008f200000, 0x000000008f300000|  0%| F|  |TAMS 0x000000008f200000, 0x000000008f200000| Untracked 
| 199|0x000000008f300000, 0x000000008f300000, 0x000000008f400000|  0%| F|  |TAMS 0x000000008f300000, 0x000000008f300000| Untracked 
| 200|0x000000008f400000, 0x000000008f480800, 0x000000008f500000| 50%| E|  |TAMS 0x000000008f400000, 0x000000008f400000| Complete 
| 201|0x000000008f500000, 0x000000008f600000, 0x000000008f600000|100%| E|CS|TAMS 0x000000008f500000, 0x000000008f500000| Complete 
| 202|0x000000008f600000, 0x000000008f700000, 0x000000008f700000|100%| E|CS|TAMS 0x000000008f600000, 0x000000008f600000| Complete 
| 203|0x000000008f700000, 0x000000008f800000, 0x000000008f800000|100%| E|CS|TAMS 0x000000008f700000, 0x000000008f700000| Complete 
| 204|0x000000008f800000, 0x000000008f900000, 0x000000008f900000|100%| E|CS|TAMS 0x000000008f800000, 0x000000008f800000| Complete 
| 205|0x000000008f900000, 0x000000008fa00000, 0x000000008fa00000|100%| E|CS|TAMS 0x000000008f900000, 0x000000008f900000| Complete 
| 206|0x000000008fa00000, 0x000000008fb00000, 0x000000008fb00000|100%| E|CS|TAMS 0x000000008fa00000, 0x000000008fa00000| Complete 
| 207|0x000000008fb00000, 0x000000008fc00000, 0x000000008fc00000|100%| E|CS|TAMS 0x000000008fb00000, 0x000000008fb00000| Complete 
| 208|0x000000008fc00000, 0x000000008fd00000, 0x000000008fd00000|100%| E|CS|TAMS 0x000000008fc00000, 0x000000008fc00000| Complete 
| 209|0x000000008fd00000, 0x000000008fe00000, 0x000000008fe00000|100%| E|CS|TAMS 0x000000008fd00000, 0x000000008fd00000| Complete 
| 210|0x000000008fe00000, 0x000000008ff00000, 0x000000008ff00000|100%| E|CS|TAMS 0x000000008fe00000, 0x000000008fe00000| Complete 
| 211|0x000000008ff00000, 0x0000000090000000, 0x0000000090000000|100%| E|CS|TAMS 0x000000008ff00000, 0x000000008ff00000| Complete 
| 212|0x0000000090000000, 0x0000000090100000, 0x0000000090100000|100%| E|CS|TAMS 0x0000000090000000, 0x0000000090000000| Complete 
| 213|0x0000000090100000, 0x0000000090200000, 0x0000000090200000|100%| E|CS|TAMS 0x0000000090100000, 0x0000000090100000| Complete 
| 214|0x0000000090200000, 0x0000000090300000, 0x0000000090300000|100%| E|CS|TAMS 0x0000000090200000, 0x0000000090200000| Complete 
| 215|0x0000000090300000, 0x0000000090400000, 0x0000000090400000|100%| E|CS|TAMS 0x0000000090300000, 0x0000000090300000| Complete 
| 216|0x0000000090400000, 0x0000000090500000, 0x0000000090500000|100%| E|CS|TAMS 0x0000000090400000, 0x0000000090400000| Complete 
| 217|0x0000000090500000, 0x0000000090600000, 0x0000000090600000|100%| E|CS|TAMS 0x0000000090500000, 0x0000000090500000| Complete 
| 218|0x0000000090600000, 0x0000000090700000, 0x0000000090700000|100%| E|CS|TAMS 0x0000000090600000, 0x0000000090600000| Complete 
| 219|0x0000000090700000, 0x0000000090800000, 0x0000000090800000|100%| E|CS|TAMS 0x0000000090700000, 0x0000000090700000| Complete 
| 220|0x0000000090800000, 0x0000000090900000, 0x0000000090900000|100%| E|CS|TAMS 0x0000000090800000, 0x0000000090800000| Complete 
| 221|0x0000000090900000, 0x0000000090a00000, 0x0000000090a00000|100%| E|CS|TAMS 0x0000000090900000, 0x0000000090900000| Complete 
| 222|0x0000000090a00000, 0x0000000090b00000, 0x0000000090b00000|100%| E|CS|TAMS 0x0000000090a00000, 0x0000000090a00000| Complete 
|1997|0x00000000ff900000, 0x00000000ffa00000, 0x00000000ffa00000|100%| O|  |TAMS 0x00000000ff900000, 0x00000000ff900000| Untracked 
|1998|0x00000000ffa00000, 0x00000000ffb00000, 0x00000000ffb00000|100%| O|  |TAMS 0x00000000ffa00000, 0x00000000ffa00000| Untracked 
|1999|0x00000000ffb00000, 0x00000000ffc00000, 0x00000000ffc00000|100%| O|  |TAMS 0x00000000ffb00000, 0x00000000ffb00000| Untracked 
|2000|0x00000000ffc00000, 0x00000000ffd00000, 0x00000000ffd00000|100%| O|  |TAMS 0x00000000ffc00000, 0x00000000ffc00000| Untracked 
|2001|0x00000000ffd00000, 0x00000000ffe00000, 0x00000000ffe00000|100%| O|  |TAMS 0x00000000ffd00000, 0x00000000ffd00000| Untracked 
|2002|0x00000000ffe00000, 0x00000000fff00000, 0x00000000fff00000|100%| O|  |TAMS 0x00000000ffe00000, 0x00000000ffe00000| Untracked 
|2003|0x00000000fff00000, 0x0000000100000000, 0x0000000100000000|100%| O|  |TAMS 0x00000000fff00000, 0x00000000fff00000| Untracked 

Card table byte_map: [0x000002306b120000,0x000002306b510000] _byte_map_base: 0x000002306ad0a000

Marking Bits (Prev, Next): (CMBitMap*) 0x00000230541a0ff0, (CMBitMap*) 0x00000230541a0fb0
 Prev Bits: [0x000002306d850000, 0x000002306f7a0000)
 Next Bits: [0x000002306b900000, 0x000002306d850000)

Polling page: 0x0000023052070000

Metaspace:

Usage:
  Non-class:     27.63 MB used.
      Class:      3.48 MB used.
       Both:     31.11 MB used.

Virtual space:
  Non-class space:       64.00 MB reserved,      27.81 MB ( 43%) committed,  1 nodes.
      Class space:        1.00 GB reserved,       3.62 MB ( <1%) committed,  1 nodes.
             Both:        1.06 GB reserved,      31.44 MB (  3%) committed. 

Chunk freelists:
   Non-Class:  3.67 MB
       Class:  12.32 MB
        Both:  16.00 MB

MaxMetaspaceSize: unlimited
CompressedClassSpaceSize: 1.00 GB
Initial GC threshold: 21.00 MB
Current GC threshold: 35.56 MB
CDS: on
MetaspaceReclaimPolicy: balanced
 - commit_granule_bytes: 65536.
 - commit_granule_words: 8192.
 - virtual_space_node_default_size: 8388608.
 - enlarge_chunks_in_place: 1.
 - new_chunks_are_fully_committed: 0.
 - uncommit_free_chunks: 1.
 - use_allocation_guard: 0.
 - handle_deallocations: 1.


Internal statistics:

num_allocs_failed_limit: 3.
num_arena_births: 288.
num_arena_deaths: 0.
num_vsnodes_births: 2.
num_vsnodes_deaths: 0.
num_space_committed: 503.
num_space_uncommitted: 0.
num_chunks_returned_to_freelist: 3.
num_chunks_taken_from_freelist: 1514.
num_chunk_merges: 3.
num_chunk_splits: 1030.
num_chunks_enlarged: 748.
num_inconsistent_stats: 0.

CodeHeap 'non-profiled nmethods': size=120000Kb used=4605Kb max_used=4855Kb free=115394Kb
 bounds [0x00000230634d0000, 0x0000023063990000, 0x000002306aa00000]
CodeHeap 'profiled nmethods': size=120000Kb used=16782Kb max_used=16816Kb free=103217Kb
 bounds [0x000002305ba00000, 0x000002305ca70000, 0x0000023062f30000]
CodeHeap 'non-nmethods': size=5760Kb used=1217Kb max_used=1295Kb free=4542Kb
 bounds [0x0000023062f30000, 0x00000230631a0000, 0x00000230634d0000]
 total_blobs=8204 nmethods=7681 adapters=435
 compilation: enabled
              stopped_count=0, restarted_count=0
 full_count=0

Compilation events (20 events):
Event: 61.512 Thread 0x00000230721b0b60 nmethod 9255 0x000002305c784510 code [0x000002305c7846c0, 0x000002305c784a28]
Event: 61.513 Thread 0x00000230721b0b60 9256       2       com.sun.tools.javac.jvm.Gen::visitVarDef (127 bytes)
Event: 61.514 Thread 0x00000230721b0b60 nmethod 9256 0x000002305c783610 code [0x000002305c7838a0, 0x000002305c783fc8]
Event: 61.514 Thread 0x00000230721b0b60 9258       2       com.sun.tools.javac.jvm.ClassWriter::writeParameterAttrs (205 bytes)
Event: 61.517 Thread 0x00000230721b0b60 nmethod 9258 0x000002305bab6b10 code [0x000002305bab6dc0, 0x000002305bab7768]
Event: 61.517 Thread 0x00000230721b0b60 9257       2       com.sun.tools.javac.jvm.ClassWriter::writeMethodParametersAttr (314 bytes)
Event: 61.519 Thread 0x00000230721b0b60 nmethod 9257 0x000002305bab5190 code [0x000002305bab54c0, 0x000002305bab6138]
Event: 61.520 Thread 0x00000230721b0b60 9261       2       com.sun.tools.javac.main.JavaCompiler::shouldStop (32 bytes)
Event: 61.520 Thread 0x00000230721b0b60 nmethod 9261 0x000002305c783190 code [0x000002305c783340, 0x000002305c7834f8]
Event: 61.520 Thread 0x00000230721b0b60 9262       2       com.sun.tools.javac.main.JavaCompiler::unrecoverableError (66 bytes)
Event: 61.521 Thread 0x00000230721b0b60 nmethod 9262 0x000002305bab4b10 code [0x000002305bab4d00, 0x000002305bab4fe8]
Event: 61.521 Thread 0x00000230721b0b60 9263       2       com.sun.tools.javac.jvm.Code::emitop2 (22 bytes)
Event: 61.521 Thread 0x00000230721b0b60 nmethod 9263 0x000002305c782c90 code [0x000002305c782e40, 0x000002305c782fb8]
Event: 61.521 Thread 0x00000230721b0b60 9260       2       com.sun.tools.javac.code.Types$Subst::visitWildcardType (10 bytes)
Event: 61.521 Thread 0x00000230721b0b60 nmethod 9260 0x000002305bab4710 code [0x000002305bab48a0, 0x000002305bab4a08]
Event: 61.521 Thread 0x00000230721b0b60 9264       2       com.sun.tools.javac.jvm.Code::emitop1 (99 bytes)
Event: 61.522 Thread 0x00000230721b0b60 nmethod 9264 0x000002305bab3b90 code [0x000002305bab3dc0, 0x000002305bab4348]
Event: 61.522 Thread 0x00000230721b0b60 9265       2       com.sun.tools.javac.jvm.Items$ImmediateItem::coerce (301 bytes)
Event: 61.525 Thread 0x00000230721b0b60 nmethod 9265 0x000002305bab1f10 code [0x000002305bab2260, 0x000002305bab32f8]
Event: 61.525 Thread 0x00000230721b0b60 9267   !   2       com.sun.tools.javac.comp.Attr::visitMethodDef (2243 bytes)

GC Heap History (20 events):
Event: 17.032 GC heap before
{Heap before GC invocations=2 (full 0):
 garbage-first heap   total 129024K, used 79945K [0x0000000082c00000, 0x0000000100000000)
  region size 1024K, 75 young (76800K), 2 survivors (2048K)
 Metaspace       used 15528K, committed 15744K, reserved 1114112K
  class space    used 1848K, committed 1920K, reserved 1048576K
}
Event: 17.055 GC heap after
{Heap after GC invocations=3 (full 0):
 garbage-first heap   total 129024K, used 12861K [0x0000000082c00000, 0x0000000100000000)
  region size 1024K, 9 young (9216K), 9 survivors (9216K)
 Metaspace       used 15528K, committed 15744K, reserved 1114112K
  class space    used 1848K, committed 1920K, reserved 1048576K
}
Event: 25.750 GC heap before
{Heap before GC invocations=3 (full 0):
 garbage-first heap   total 129024K, used 80445K [0x0000000082c00000, 0x0000000100000000)
  region size 1024K, 75 young (76800K), 9 survivors (9216K)
 Metaspace       used 16265K, committed 16448K, reserved 1114112K
  class space    used 1869K, committed 1920K, reserved 1048576K
}
Event: 25.775 GC heap after
{Heap after GC invocations=4 (full 0):
 garbage-first heap   total 129024K, used 16095K [0x0000000082c00000, 0x0000000100000000)
  region size 1024K, 4 young (4096K), 4 survivors (4096K)
 Metaspace       used 16265K, committed 16448K, reserved 1114112K
  class space    used 1869K, committed 1920K, reserved 1048576K
}
Event: 30.688 GC heap before
{Heap before GC invocations=4 (full 0):
 garbage-first heap   total 129024K, used 93919K [0x0000000082c00000, 0x0000000100000000)
  region size 1024K, 44 young (45056K), 4 survivors (4096K)
 Metaspace       used 21253K, committed 21504K, reserved 1114112K
  class space    used 2494K, committed 2624K, reserved 1048576K
}
Event: 30.705 GC heap after
{Heap after GC invocations=5 (full 0):
 garbage-first heap   total 129024K, used 24347K [0x0000000082c00000, 0x0000000100000000)
  region size 1024K, 8 young (8192K), 8 survivors (8192K)
 Metaspace       used 21253K, committed 21504K, reserved 1114112K
  class space    used 2494K, committed 2624K, reserved 1048576K
}
Event: 34.660 GC heap before
{Heap before GC invocations=6 (full 0):
 garbage-first heap   total 86016K, used 68379K [0x0000000082c00000, 0x0000000100000000)
  region size 1024K, 50 young (51200K), 8 survivors (8192K)
 Metaspace       used 25661K, committed 26048K, reserved 1114112K
  class space    used 2970K, committed 3136K, reserved 1048576K
}
Event: 34.711 GC heap after
{Heap after GC invocations=7 (full 0):
 garbage-first heap   total 93184K, used 39653K [0x0000000082c00000, 0x0000000100000000)
  region size 1024K, 7 young (7168K), 7 survivors (7168K)
 Metaspace       used 25661K, committed 26048K, reserved 1114112K
  class space    used 2970K, committed 3136K, reserved 1048576K
}
Event: 34.717 GC heap before
{Heap before GC invocations=7 (full 0):
 garbage-first heap   total 93184K, used 40677K [0x0000000082c00000, 0x0000000100000000)
  region size 1024K, 8 young (8192K), 7 survivors (7168K)
 Metaspace       used 25661K, committed 26048K, reserved 1114112K
  class space    used 2970K, committed 3136K, reserved 1048576K
}
Event: 34.736 GC heap after
{Heap after GC invocations=8 (full 0):
 garbage-first heap   total 93184K, used 40960K [0x0000000082c00000, 0x0000000100000000)
  region size 1024K, 1 young (1024K), 1 survivors (1024K)
 Metaspace       used 25661K, committed 26048K, reserved 1114112K
  class space    used 2970K, committed 3136K, reserved 1048576K
}
Event: 35.933 GC heap before
{Heap before GC invocations=8 (full 0):
 garbage-first heap   total 93184K, used 65536K [0x0000000082c00000, 0x0000000100000000)
  region size 1024K, 25 young (25600K), 1 survivors (1024K)
 Metaspace       used 26396K, committed 26752K, reserved 1114112K
  class space    used 3041K, committed 3200K, reserved 1048576K
}
Event: 35.955 GC heap after
{Heap after GC invocations=9 (full 0):
 garbage-first heap   total 93184K, used 45056K [0x0000000082c00000, 0x0000000100000000)
  region size 1024K, 4 young (4096K), 4 survivors (4096K)
 Metaspace       used 26396K, committed 26752K, reserved 1114112K
  class space    used 3041K, committed 3200K, reserved 1048576K
}
Event: 39.415 GC heap before
{Heap before GC invocations=9 (full 0):
 garbage-first heap   total 93184K, used 67584K [0x0000000082c00000, 0x0000000100000000)
  region size 1024K, 26 young (26624K), 4 survivors (4096K)
 Metaspace       used 26601K, committed 26944K, reserved 1114112K
  class space    used 3045K, committed 3200K, reserved 1048576K
}
Event: 39.444 GC heap after
{Heap after GC invocations=10 (full 0):
 garbage-first heap   total 235520K, used 49702K [0x0000000082c00000, 0x0000000100000000)
  region size 1024K, 4 young (4096K), 4 survivors (4096K)
 Metaspace       used 26601K, committed 26944K, reserved 1114112K
  class space    used 3045K, committed 3200K, reserved 1048576K
}
Event: 54.566 GC heap before
{Heap before GC invocations=10 (full 0):
 garbage-first heap   total 235520K, used 150054K [0x0000000082c00000, 0x0000000100000000)
  region size 1024K, 103 young (105472K), 4 survivors (4096K)
 Metaspace       used 29520K, committed 29824K, reserved 1114112K
  class space    used 3337K, committed 3456K, reserved 1048576K
}
Event: 54.583 GC heap after
{Heap after GC invocations=11 (full 0):
 garbage-first heap   total 235520K, used 54724K [0x0000000082c00000, 0x0000000100000000)
  region size 1024K, 9 young (9216K), 9 survivors (9216K)
 Metaspace       used 29520K, committed 29824K, reserved 1114112K
  class space    used 3337K, committed 3456K, reserved 1048576K
}
Event: 58.835 GC heap before
{Heap before GC invocations=11 (full 0):
 garbage-first heap   total 235520K, used 161220K [0x0000000082c00000, 0x0000000100000000)
  region size 1024K, 113 young (115712K), 9 survivors (9216K)
 Metaspace       used 29720K, committed 30080K, reserved 1114112K
  class space    used 3341K, committed 3520K, reserved 1048576K
}
Event: 58.854 GC heap after
{Heap after GC invocations=12 (full 0):
 garbage-first heap   total 235520K, used 57098K [0x0000000082c00000, 0x0000000100000000)
  region size 1024K, 8 young (8192K), 8 survivors (8192K)
 Metaspace       used 29720K, committed 30080K, reserved 1114112K
  class space    used 3341K, committed 3520K, reserved 1048576K
}
Event: 60.695 GC heap before
{Heap before GC invocations=12 (full 0):
 garbage-first heap   total 235520K, used 171786K [0x0000000082c00000, 0x0000000100000000)
  region size 1024K, 120 young (122880K), 8 survivors (8192K)
 Metaspace       used 31249K, committed 31616K, reserved 1114112K
  class space    used 3536K, committed 3712K, reserved 1048576K
}
Event: 60.716 GC heap after
{Heap after GC invocations=13 (full 0):
 garbage-first heap   total 235520K, used 59433K [0x0000000082c00000, 0x0000000100000000)
  region size 1024K, 11 young (11264K), 11 survivors (11264K)
 Metaspace       used 31249K, committed 31616K, reserved 1114112K
  class space    used 3536K, committed 3712K, reserved 1048576K
}

Deoptimization events (20 events):
Event: 61.519 Thread 0x0000023054144a20 Uncommon trap: trap_request=0xffffffc6 fr.pc=0x0000023063750b94 relative=0x0000000000000434
Event: 61.519 Thread 0x0000023054144a20 Uncommon trap: reason=bimorphic_or_optimized_type_check action=maybe_recompile pc=0x0000023063750b94 method=com.sun.tools.javac.code.Symbol$TypeSymbol.formFlatName(Lcom/sun/tools/javac/util/Name;Lcom/sun/tools/javac/code/Symbol;)Lcom/sun/tools/javac/util/
Event: 61.519 Thread 0x0000023054144a20 DEOPT PACKING pc=0x0000023063750b94 sp=0x00000052ae6fc350
Event: 61.519 Thread 0x0000023054144a20 DEOPT UNPACKING pc=0x0000023062f823a3 sp=0x00000052ae6fc310 mode 2
Event: 61.519 Thread 0x0000023054144a20 Uncommon trap: trap_request=0xffffffde fr.pc=0x000002306369bde0 relative=0x0000000000000060
Event: 61.519 Thread 0x0000023054144a20 Uncommon trap: reason=class_check action=maybe_recompile pc=0x000002306369bde0 method=com.sun.tools.javac.code.Symbol.flatName()Lcom/sun/tools/javac/util/Name; @ 1 c2
Event: 61.519 Thread 0x0000023054144a20 DEOPT PACKING pc=0x000002306369bde0 sp=0x00000052ae6fc310
Event: 61.519 Thread 0x0000023054144a20 DEOPT UNPACKING pc=0x0000023062f823a3 sp=0x00000052ae6fc2a0 mode 2
Event: 61.520 Thread 0x0000023054144a20 Uncommon trap: trap_request=0xffffff45 fr.pc=0x00000230638770b8 relative=0x00000000000003f8
Event: 61.520 Thread 0x0000023054144a20 Uncommon trap: reason=unstable_if action=reinterpret pc=0x00000230638770b8 method=com.sun.tools.javac.util.IntHashTable.lookup(Ljava/lang/Object;)I @ 73 c2
Event: 61.520 Thread 0x0000023054144a20 DEOPT PACKING pc=0x00000230638770b8 sp=0x00000052ae6fd480
Event: 61.520 Thread 0x0000023054144a20 DEOPT UNPACKING pc=0x0000023062f823a3 sp=0x00000052ae6fd338 mode 2
Event: 61.520 Thread 0x0000023054144a20 Uncommon trap: trap_request=0xffffffc6 fr.pc=0x0000023063750b94 relative=0x0000000000000434
Event: 61.520 Thread 0x0000023054144a20 Uncommon trap: reason=bimorphic_or_optimized_type_check action=maybe_recompile pc=0x0000023063750b94 method=com.sun.tools.javac.code.Symbol$TypeSymbol.formFlatName(Lcom/sun/tools/javac/util/Name;Lcom/sun/tools/javac/code/Symbol;)Lcom/sun/tools/javac/util/
Event: 61.520 Thread 0x0000023054144a20 DEOPT PACKING pc=0x0000023063750b94 sp=0x00000052ae6fc7d0
Event: 61.520 Thread 0x0000023054144a20 DEOPT UNPACKING pc=0x0000023062f823a3 sp=0x00000052ae6fc790 mode 2
Event: 61.520 Thread 0x0000023054144a20 Uncommon trap: trap_request=0xffffffde fr.pc=0x000002306369bde0 relative=0x0000000000000060
Event: 61.520 Thread 0x0000023054144a20 Uncommon trap: reason=class_check action=maybe_recompile pc=0x000002306369bde0 method=com.sun.tools.javac.code.Symbol.flatName()Lcom/sun/tools/javac/util/Name; @ 1 c2
Event: 61.520 Thread 0x0000023054144a20 DEOPT PACKING pc=0x000002306369bde0 sp=0x00000052ae6fc790
Event: 61.521 Thread 0x0000023054144a20 DEOPT UNPACKING pc=0x0000023062f823a3 sp=0x00000052ae6fc720 mode 2

Classes unloaded (0 events):
No events

Classes redefined (0 events):
No events

Internal exceptions (20 events):
Event: 61.386 Thread 0x0000023054144a20 Exception <a 'sun/nio/fs/WindowsException'{0x000000008fc01d88}> (0x000000008fc01d88) 
thrown [s\open\src\hotspot\share\prims\jni.cpp, line 516]
Event: 61.386 Thread 0x0000023054144a20 Exception <a 'sun/nio/fs/WindowsException'{0x000000008fc02668}> (0x000000008fc02668) 
thrown [s\open\src\hotspot\share\prims\jni.cpp, line 516]
Event: 61.404 Thread 0x0000023054144a20 Exception <a 'sun/nio/fs/WindowsException'{0x000000008fc91860}> (0x000000008fc91860) 
thrown [s\open\src\hotspot\share\prims\jni.cpp, line 516]
Event: 61.404 Thread 0x0000023054144a20 Exception <a 'sun/nio/fs/WindowsException'{0x000000008fc91f50}> (0x000000008fc91f50) 
thrown [s\open\src\hotspot\share\prims\jni.cpp, line 516]
Event: 61.404 Thread 0x0000023054144a20 Exception <a 'sun/nio/fs/WindowsException'{0x000000008fc928e0}> (0x000000008fc928e0) 
thrown [s\open\src\hotspot\share\prims\jni.cpp, line 516]
Event: 61.429 Thread 0x0000023054144a20 Exception <a 'sun/nio/fs/WindowsException'{0x000000008fb17e60}> (0x000000008fb17e60) 
thrown [s\open\src\hotspot\share\prims\jni.cpp, line 516]
Event: 61.429 Thread 0x0000023054144a20 Exception <a 'sun/nio/fs/WindowsException'{0x000000008fb18530}> (0x000000008fb18530) 
thrown [s\open\src\hotspot\share\prims\jni.cpp, line 516]
Event: 61.429 Thread 0x0000023054144a20 Exception <a 'sun/nio/fs/WindowsException'{0x000000008fb18e10}> (0x000000008fb18e10) 
thrown [s\open\src\hotspot\share\prims\jni.cpp, line 516]
Event: 61.439 Thread 0x0000023054144a20 Exception <a 'sun/nio/fs/WindowsException'{0x000000008fba8d98}> (0x000000008fba8d98) 
thrown [s\open\src\hotspot\share\prims\jni.cpp, line 516]
Event: 61.439 Thread 0x0000023054144a20 Exception <a 'sun/nio/fs/WindowsException'{0x000000008fba9478}> (0x000000008fba9478) 
thrown [s\open\src\hotspot\share\prims\jni.cpp, line 516]
Event: 61.439 Thread 0x0000023054144a20 Exception <a 'sun/nio/fs/WindowsException'{0x000000008fba9db0}> (0x000000008fba9db0) 
thrown [s\open\src\hotspot\share\prims\jni.cpp, line 516]
Event: 61.472 Thread 0x0000023054144a20 Exception <a 'sun/nio/fs/WindowsException'{0x000000008f942998}> (0x000000008f942998) 
thrown [s\open\src\hotspot\share\prims\jni.cpp, line 516]
Event: 61.472 Thread 0x0000023054144a20 Exception <a 'sun/nio/fs/WindowsException'{0x000000008f943058}> (0x000000008f943058) 
thrown [s\open\src\hotspot\share\prims\jni.cpp, line 516]
Event: 61.473 Thread 0x0000023054144a20 Exception <a 'sun/nio/fs/WindowsException'{0x000000008f9438f8}> (0x000000008f9438f8) 
thrown [s\open\src\hotspot\share\prims\jni.cpp, line 516]
Event: 61.512 Thread 0x0000023054144a20 Exception <a 'sun/nio/fs/WindowsException'{0x000000008f7198c8}> (0x000000008f7198c8) 
thrown [s\open\src\hotspot\share\prims\jni.cpp, line 516]
Event: 61.512 Thread 0x0000023054144a20 Exception <a 'sun/nio/fs/WindowsException'{0x000000008f719f78}> (0x000000008f719f78) 
thrown [s\open\src\hotspot\share\prims\jni.cpp, line 516]
Event: 61.512 Thread 0x0000023054144a20 Exception <a 'sun/nio/fs/WindowsException'{0x000000008f71a7a8}> (0x000000008f71a7a8) 
thrown [s\open\src\hotspot\share\prims\jni.cpp, line 516]
Event: 61.522 Thread 0x0000023054144a20 Exception <a 'sun/nio/fs/WindowsException'{0x000000008f74eb98}> (0x000000008f74eb98) 
thrown [s\open\src\hotspot\share\prims\jni.cpp, line 516]
Event: 61.522 Thread 0x0000023054144a20 Exception <a 'sun/nio/fs/WindowsException'{0x000000008f74f260}> (0x000000008f74f260) 
thrown [s\open\src\hotspot\share\prims\jni.cpp, line 516]
Event: 61.522 Thread 0x0000023054144a20 Exception <a 'sun/nio/fs/WindowsException'{0x000000008f74fb38}> (0x000000008f74fb38) 
thrown [s\open\src\hotspot\share\prims\jni.cpp, line 516]

VM Operations (20 events):
Event: 60.276 Executing VM operation: HandshakeAllThreads
Event: 60.276 Executing VM operation: HandshakeAllThreads done
Event: 60.352 Executing VM operation: HandshakeAllThreads
Event: 60.352 Executing VM operation: HandshakeAllThreads done
Event: 60.354 Executing VM operation: HandshakeAllThreads
Event: 60.354 Executing VM operation: HandshakeAllThreads done
Event: 60.376 Executing VM operation: ICBufferFull
Event: 60.376 Executing VM operation: ICBufferFull done
Event: 60.493 Executing VM operation: ICBufferFull
Event: 60.493 Executing VM operation: ICBufferFull done
Event: 60.695 Executing VM operation: G1CollectForAllocation
Event: 60.716 Executing VM operation: G1CollectForAllocation done
Event: 60.844 Executing VM operation: HandshakeAllThreads
Event: 60.844 Executing VM operation: HandshakeAllThreads done
Event: 60.925 Executing VM operation: ICBufferFull
Event: 60.925 Executing VM operation: ICBufferFull done
Event: 61.177 Executing VM operation: ICBufferFull
Event: 61.177 Executing VM operation: ICBufferFull done
Event: 61.412 Executing VM operation: ICBufferFull
Event: 61.412 Executing VM operation: ICBufferFull done

Events (20 events):
Event: 60.242 Thread 0x00000230721b5980 flushing nmethod 0x000002305c9b4d90
Event: 60.242 Thread 0x00000230721b5980 flushing nmethod 0x000002305c9b5210
Event: 60.242 Thread 0x00000230721b5980 flushing nmethod 0x000002305c9e6290
Event: 60.243 Thread 0x00000230721b5980 flushing nmethod 0x000002305ca2ec90
Event: 60.272 loading class java/util/EnumMap$EntrySet
Event: 60.272 loading class java/util/EnumMap$EntrySet done
Event: 60.272 loading class java/util/EnumMap$EntryIterator
Event: 60.272 loading class java/util/EnumMap$EnumMapIterator
Event: 60.273 loading class java/util/EnumMap$EnumMapIterator done
Event: 60.273 loading class java/util/EnumMap$EntryIterator done
Event: 60.273 loading class java/util/EnumMap$EntryIterator$Entry
Event: 60.273 loading class java/util/EnumMap$EntryIterator$Entry done
Event: 60.392 loading class java/util/function/ToIntBiFunction
Event: 60.393 loading class java/util/function/ToIntBiFunction done
Event: 60.572 loading class java/util/stream/ReduceOps$2
Event: 60.572 loading class java/util/stream/ReduceOps$2 done
Event: 60.572 loading class java/util/stream/ReduceOps$2ReducingSink
Event: 60.572 loading class java/util/stream/ReduceOps$2ReducingSink done
Event: 60.580 loading class java/io/DataOutputStream
Event: 60.580 loading class java/io/DataOutputStream done


Dynamic libraries:
0x00007ff7f82c0000 - 0x00007ff7f82d0000 	C:\Program Files\Java\jdk-17\bin\java.exe
0x00007ff86c650000 - 0x00007ff86c868000 	C:\WINDOWS\SYSTEM32\ntdll.dll
0x00007ff86b200000 - 0x00007ff86b2c4000 	C:\WINDOWS\System32\KERNEL32.DLL
0x00007ff869d20000 - 0x00007ff86a0f3000 	C:\WINDOWS\System32\KERNELBASE.dll
0x00007ff869ac0000 - 0x00007ff869bd1000 	C:\WINDOWS\System32\ucrtbase.dll
0x00007ff852e40000 - 0x00007ff852e59000 	C:\Program Files\Java\jdk-17\bin\jli.dll
0x00007ff86bf40000 - 0x00007ff86bff1000 	C:\WINDOWS\System32\ADVAPI32.dll
0x00007ff86a2f0000 - 0x00007ff86a397000 	C:\WINDOWS\System32\msvcrt.dll
0x00007ff86aa20000 - 0x00007ff86aac8000 	C:\WINDOWS\System32\sechost.dll
0x00007ff869a10000 - 0x00007ff869a38000 	C:\WINDOWS\System32\bcrypt.dll
0x00007ff86c000000 - 0x00007ff86c118000 	C:\WINDOWS\System32\RPCRT4.dll
0x00007ff86bd80000 - 0x00007ff86bf32000 	C:\WINDOWS\System32\USER32.dll
0x00007ff86a220000 - 0x00007ff86a246000 	C:\WINDOWS\System32\win32u.dll
0x00007ff86a5c0000 - 0x00007ff86a5e9000 	C:\WINDOWS\System32\GDI32.dll
0x00007ff86a100000 - 0x00007ff86a21b000 	C:\WINDOWS\System32\gdi32full.dll
0x00007ff86a250000 - 0x00007ff86a2ea000 	C:\WINDOWS\System32\msvcp_win.dll
0x00007ff84bcf0000 - 0x00007ff84bd0b000 	C:\Program Files\Java\jdk-17\bin\VCRUNTIME140.dll
0x00007ff853610000 - 0x00007ff8538ac000 	C:\WINDOWS\WinSxS\amd64_microsoft.windows.common-controls_6595b64144ccf1df_6.0.22621.6060_none_2712eda17382d24b\COMCTL32.dll
0x00007ff861c90000 - 0x00007ff861c9a000 	C:\WINDOWS\SYSTEM32\VERSION.dll
0x00007ff86a790000 - 0x00007ff86a7c1000 	C:\WINDOWS\System32\IMM32.DLL
0x00007ff861a90000 - 0x00007ff861a9c000 	C:\Program Files\Java\jdk-17\bin\vcruntime140_1.dll
0x00007ffffa0d0000 - 0x00007ffffa15e000 	C:\Program Files\Java\jdk-17\bin\msvcp140.dll
0x00007fff87170000 - 0x00007fff87d50000 	C:\Program Files\Java\jdk-17\bin\server\jvm.dll
0x00007ff86a850000 - 0x00007ff86a858000 	C:\WINDOWS\System32\PSAPI.DLL
0x00007ff841e50000 - 0x00007ff841e59000 	C:\WINDOWS\SYSTEM32\WSOCK32.dll
0x00007ff86a5f0000 - 0x00007ff86a661000 	C:\WINDOWS\System32\WS2_32.dll
0x00007ff863f00000 - 0x00007ff863f34000 	C:\WINDOWS\SYSTEM32\WINMM.dll
0x00007ff868700000 - 0x00007ff868718000 	C:\WINDOWS\SYSTEM32\kernel.appcore.dll
0x00007ff852f50000 - 0x00007ff852f5a000 	C:\Program Files\Java\jdk-17\bin\jimage.dll
0x00007ff866a50000 - 0x00007ff866c83000 	C:\WINDOWS\SYSTEM32\DBGHELP.DLL
0x00007ff86c270000 - 0x00007ff86c601000 	C:\WINDOWS\System32\combase.dll
0x00007ff86c120000 - 0x00007ff86c1f8000 	C:\WINDOWS\System32\OLEAUT32.dll
0x00007ff848ea0000 - 0x00007ff848ed2000 	C:\WINDOWS\SYSTEM32\dbgcore.DLL
0x00007ff869a40000 - 0x00007ff869abb000 	C:\WINDOWS\System32\bcryptPrimitives.dll
0x00007ff83c6e0000 - 0x00007ff83c705000 	C:\Program Files\Java\jdk-17\bin\java.dll
0x00007ffff9560000 - 0x00007ffff9637000 	C:\Program Files\Java\jdk-17\bin\jsvml.dll
0x00007ff86b3c0000 - 0x00007ff86bc5c000 	C:\WINDOWS\System32\SHELL32.dll
0x00007ff869760000 - 0x00007ff86989f000 	C:\WINDOWS\System32\wintypes.dll
0x00007ff867610000 - 0x00007ff867f2a000 	C:\WINDOWS\SYSTEM32\windows.storage.dll
0x00007ff86bc60000 - 0x00007ff86bd64000 	C:\WINDOWS\System32\SHCORE.dll
0x00007ff86a550000 - 0x00007ff86a5b9000 	C:\WINDOWS\System32\shlwapi.dll
0x00007ff869690000 - 0x00007ff8696b5000 	C:\WINDOWS\SYSTEM32\profapi.dll
0x00007ff84b880000 - 0x00007ff84b899000 	C:\Program Files\Java\jdk-17\bin\net.dll
0x00007ff865040000 - 0x00007ff86516c000 	C:\WINDOWS\SYSTEM32\WINHTTP.dll
0x00007ff868bc0000 - 0x00007ff868c29000 	C:\WINDOWS\system32\mswsock.dll
0x00007ff84b7c0000 - 0x00007ff84b7d6000 	C:\Program Files\Java\jdk-17\bin\nio.dll
0x00007ff84a660000 - 0x00007ff84a678000 	C:\Program Files\Java\jdk-17\bin\zip.dll
0x00007ff8503e0000 - 0x00007ff850404000 	C:\Users\BOND-FILS\Downloads\apache-maven-3.9.11\lib\jansi-native\Windows\x86_64\jansi.dll
0x00007ff84c200000 - 0x00007ff84c210000 	C:\Program Files\Java\jdk-17\bin\verify.dll

dbghelp: loaded successfully - version: 4.0.5 - missing functions: none
symbol engine: initialized successfully - sym options: 0x614 - pdb path: .;C:\Program Files\Java\jdk-17\bin;C:\WINDOWS\SYSTEM32;C:\WINDOWS\WinSxS\amd64_microsoft.windows.common-controls_6595b64144ccf1df_6.0.22621.6060_none_2712eda17382d24b;C:\Program Files\Java\jdk-17\bin\server;C:\Users\BOND-FILS\Downloads\apache-maven-3.9.11\lib\jansi-native\Windows\x86_64

VM Arguments:
jvm_args: --enable-native-access=ALL-UNNAMED -Dclassworlds.conf=C:\Users\BOND-FILS\Downloads\apache-maven-3.9.11\bin\m2.conf -Dmaven.home=C:\Users\BOND-FILS\Downloads\apache-maven-3.9.11 -Dlibrary.jansi.path=C:\Users\BOND-FILS\Downloads\apache-maven-3.9.11\lib\jansi-native -Dmaven.multiModuleProjectDirectory=C:\Users\BOND-FILS\Downloads\simccs\simccs 
java_command: org.codehaus.plexus.classworlds.launcher.Launcher test -Dtest=SecurityServiceTest
java_class_path (initial): C:\Users\BOND-FILS\Downloads\apache-maven-3.9.11\boot\plexus-classworlds-2.9.0.jar
Launcher Type: SUN_STANDARD

[Global flags]
     intx CICompilerCount                          = 4                                         {product} {ergonomic}
     uint ConcGCThreads                            = 2                                         {product} {ergonomic}
     uint G1ConcRefinementThreads                  = 8                                         {product} {ergonomic}
   size_t G1HeapRegionSize                         = 1048576                                   {product} {ergonomic}
    uintx GCDrainStackTargetSize                   = 64                                        {product} {ergonomic}
   size_t InitialHeapSize                          = 132120576                                 {product} {ergonomic}
   size_t MarkStackSize                            = 4194304                                   {product} {ergonomic}
   size_t MaxHeapSize                              = 2101346304                                {product} {ergonomic}
   size_t MaxNewSize                               = 1260388352                                {product} {ergonomic}
   size_t MinHeapDeltaBytes                        = 1048576                                   {product} {ergonomic}
   size_t MinHeapSize                              = 8388608                                   {product} {ergonomic}
    uintx NonNMethodCodeHeapSize                   = 5839372                                {pd product} {ergonomic}
    uintx NonProfiledCodeHeapSize                  = 122909434                              {pd product} {ergonomic}
    uintx ProfiledCodeHeapSize                     = 122909434                              {pd product} {ergonomic}
    uintx ReservedCodeCacheSize                    = 251658240                              {pd product} {ergonomic}
     bool SegmentedCodeCache                       = true                                      {product} {ergonomic}
   size_t SoftMaxHeapSize                          = 2101346304                             {manageable} {ergonomic}
     bool UseCompressedClassPointers               = true                           {product lp64_product} {ergonomic}
     bool UseCompressedOops                        = true                           {product lp64_product} {ergonomic}
     bool UseG1GC                                  = true                                      {product} {ergonomic}
     bool UseLargePagesIndividualAllocation        = false                                  {pd product} {ergonomic}

Logging:
Log output configuration:
 #0: stdout all=warning uptime,level,tags
 #1: stderr all=off uptime,level,tags

Environment Variables:
JAVA_HOME=C:\Program Files\Java\jdk-17
PATH=C:\Program Files\Common Files\Oracle\Java\javapath;E:\Oracle_21c\WINDOWS.X64_213000_db_home\bin;C:\Python313\Scripts\;C:\Python313\;C:\Program Files (x86)\Common Files\Oracle\Java\javapath;C:\WINDOWS\system32;C:\WINDOWS;C:\WINDOWS\System32\Wbem;C:\WINDOWS\System32\WindowsPowerShell\v1.0\;C:\WINDOWS\System32\OpenSSH\;C:\Program Files\Git\cmd;C:\Program Files\Git\bin;C:\Program Files\dotnet\;C:\Program Files\Java\jdk1.8.0_202\bin;C:\Program Files\nodejs\;C:\ProgramData\chocolatey\bin;C:\Program Files\Microsoft SQL Server\120\Tools\Binn\;C:\Program Files\Microsoft SQL Server\Client SDK\ODBC\110\Tools\Binn\;C:\Program Files (x86)\Microsoft SQL Server\120\Tools\Binn\;C:\Program Files\Microsoft SQL Server\120\DTS\Binn\;C:\Program Files (x86)\Microsoft SQL Server\120\Tools\Binn\ManagementStudio\;C:\Program Files (x86)\Microsoft SQL Server\120\DTS\Binn\;C:\Program Files\Microsoft SQL Server\Client SDK\ODBC\170\Tools\Binn\;C:\Users\BOND-FILS\Downloads\apache-maven-3.9.11\bin;C:\minio;C:\Program Files\MySQL\MySQL Server 8.0\bin;C:\Program Files\MySQL\MySQL Shell 8.0\bin\;C:\Users\BOND-FILS\AppData\Local\Microsoft\WindowsApps;C:\Users\BOND-FILS\AppData\Local\Programs\Microsoft VS Code\bin;C:\Users\BOND-FILS\.dotnet\tools;C:\Users\BOND-FILS\AppData\Roaming\npm;C:\Users\BOND-FILS\AppData\Roaming\Python\Python313\Scripts;C:\Program Files\JetBrains\IntelliJ IDEA 2025.3.2\bin;C:\Users\BOND-FILS\AppData\Local\Programs\Antigravity\bin
USERNAME=BOND-FILS
LANG=en_US.UTF-8
OS=Windows_NT
PROCESSOR_IDENTIFIER=Intel64 Family 6 Model 142 Stepping 12, GenuineIntel



---------------  S Y S T E M  ---------------

OS:
 Windows 11 , 64 bit Build 22621 (10.0.22621.5415)
OS uptime: 0 days 3:06 hours
Hyper-V role detected

CPU: total 8 (initial active 8) (4 cores per cpu, 2 threads per core) family 6 model 142 stepping 12 microcode 0xf8, cx8, cmov, fxsr, ht, mmx, 3dnowpref, sse, sse2, sse3, ssse3, sse4.1, sse4.2, popcnt, lzcnt, tsc, tscinvbit, avx, avx2, aes, erms, clmul, bmi1, bmi2, adx, fma, vzeroupper, clflush, clflushopt, hv

Memory: 4k page, system-wide physical 8008M (455M free)
TotalPageFile size 17398M (AvailPageFile size 8M)
current process WorkingSet (physical memory assigned to process): 353M, peak: 356M
current process commit charge ("private bytes"): 401M, peak: 407M

vm_info: Java HotSpot(TM) 64-Bit Server VM (17.0.12+8-LTS-286) for windows-amd64 JRE (17.0.12+8-LTS-286), built on Jun  5 2024 06:46:59 by "mach5one" with MS VC++ 17.6 (VS2022)

END.
